{"build/tails.js":{"path":"build/tails.js","s":{"1":1,"2":1,"3":0,"4":0,"5":0,"6":0,"7":13,"8":134,"9":121,"10":1,"11":13,"12":13,"13":13,"14":13,"15":13,"16":1,"17":1,"18":8,"19":8,"20":8,"21":0,"22":8,"23":214,"24":214,"25":214,"26":8,"27":1,"28":54,"29":1843,"30":1897,"31":1897,"32":1897,"33":1897,"34":1897,"35":1897,"36":0,"37":1897,"38":1806,"39":1806,"40":1808,"41":1808,"42":2,"43":16,"44":16,"45":2,"46":2,"47":1808,"48":1897,"49":1897,"50":1897,"51":1897,"52":1897,"53":1899,"54":1899,"55":1893,"56":1899,"57":1899,"58":1899,"59":1899,"60":1905,"61":1905,"62":1905,"63":1905,"64":1905,"65":306,"66":306,"67":238,"68":238,"69":238,"70":8,"71":238,"72":238,"73":230,"74":238,"75":1599,"76":1599,"77":1599,"78":50,"79":50,"80":103,"81":103,"82":103,"83":12,"84":103,"85":1549,"86":1549,"87":1549,"88":1499,"89":1499,"90":1499,"91":1498,"92":1599,"93":5,"94":56,"95":56,"96":56,"97":18,"98":56,"99":56,"100":53,"101":56,"102":1960,"103":1960,"104":1420,"105":1420,"106":1420,"107":73,"108":1420,"109":1420,"110":1362,"111":1420,"112":1399,"113":1419,"114":1960,"115":1960,"116":1960,"117":1960,"118":1899,"119":1897,"120":1897,"121":54,"122":4,"123":4,"124":50,"125":39,"126":4,"127":4,"128":35,"129":1,"130":0,"131":0,"132":0,"133":0,"134":0,"135":0,"136":0,"137":0,"138":0,"139":0,"140":0,"141":0,"142":0,"143":0,"144":0,"145":0,"146":0,"147":0,"148":0,"149":0,"150":0,"151":0,"152":0,"153":0,"154":0,"155":0,"156":0,"157":1532,"158":1532,"159":1532,"160":1532,"161":0,"162":0,"163":1,"164":1,"165":41,"166":41,"167":41,"168":41,"169":41,"170":1,"171":41,"172":41,"173":41,"174":41,"175":2665,"176":2665,"177":1804,"178":861,"179":41,"180":41,"181":41,"182":1804,"183":1804,"184":1804,"185":1804,"186":1490,"187":1490,"188":1490,"189":41,"190":1,"191":274,"192":274,"193":157,"194":117,"195":7,"196":110,"197":267,"198":498,"199":498,"200":341,"201":341,"202":267,"203":267,"204":267,"205":140,"206":127,"207":23,"208":104,"209":244,"210":577,"211":577,"212":399,"213":399,"214":244,"215":186,"216":186,"217":186,"218":55,"219":55,"220":186,"221":189,"222":189,"223":49,"224":140,"225":140,"226":140,"227":140,"228":40,"229":40,"230":39,"231":186,"232":186,"233":486,"234":486,"235":96,"236":96,"237":95,"238":186,"239":186,"240":186,"241":186,"242":55,"243":55,"244":186,"245":189,"246":189,"247":49,"248":140,"249":140,"250":140,"251":140,"252":40,"253":40,"254":39,"255":186,"256":186,"257":551,"258":551,"259":89,"260":89,"261":88,"262":186,"263":235,"264":3,"265":235,"266":21,"267":214,"268":178,"269":178,"270":178,"271":178,"272":178,"273":178,"274":178,"275":1,"276":165,"277":165,"278":102,"279":165,"280":63,"281":63,"282":165,"283":123,"284":123,"285":60,"286":123,"287":63,"288":63,"289":123,"290":7,"291":7,"292":7,"293":7,"294":0,"295":0,"296":7,"297":7,"298":7,"299":7,"300":7,"301":7,"302":4,"303":7,"304":4,"305":4,"306":7,"307":288,"308":288,"309":288,"310":288,"311":288,"312":288,"313":288,"314":288,"315":288,"316":290,"317":290,"318":290,"319":290,"320":290,"321":290,"322":290,"323":290,"324":290,"325":166,"326":279,"327":124,"328":124,"329":25,"330":25,"331":290,"332":288,"333":288,"334":9,"335":9,"336":9,"337":9,"338":0,"339":0,"340":9,"341":12,"342":9,"343":9,"344":9,"345":9,"346":0,"347":0,"348":9,"349":12,"350":1,"351":1,"352":1,"353":1,"354":0,"355":0,"356":1,"357":1,"358":32,"359":1,"360":1,"361":1,"362":1,"363":1,"364":255,"365":59,"366":255,"367":4,"368":255,"369":255,"370":255,"371":255,"372":255,"373":71,"374":255,"375":255,"376":0,"377":0,"378":255,"379":1,"380":0,"381":1,"382":0,"383":0,"384":0,"385":0,"386":0,"387":0,"388":1,"389":0,"390":0,"391":0,"392":0,"393":0,"394":0,"395":0,"396":0,"397":0,"398":0,"399":0,"400":0,"401":0,"402":0,"403":0,"404":0,"405":0,"406":0,"407":0,"408":0,"409":0,"410":0,"411":0,"412":0,"413":0,"414":0,"415":0,"416":0,"417":0,"418":0,"419":0,"420":0,"421":0,"422":0,"423":0,"424":0,"425":0,"426":0,"427":0,"428":0,"429":0,"430":1,"431":8,"432":1,"433":124,"434":124,"435":22,"436":102,"437":70,"438":2001,"439":2001,"440":2001,"441":2001,"442":1912,"443":89,"444":70,"445":5,"446":5,"447":5,"448":5,"449":5,"450":5,"451":70,"452":3,"453":3,"454":3,"455":3,"456":3,"457":3,"458":70,"459":32,"460":32,"461":32,"462":32,"463":26,"464":26,"465":26,"466":32,"467":2,"468":17,"469":17,"470":32,"471":1,"472":8,"473":32,"474":1,"475":7,"476":32,"477":1,"478":8,"479":32,"480":1,"481":7,"482":32,"483":1,"484":31,"485":1,"486":1,"487":1,"488":1,"489":1,"490":1,"491":1,"492":1,"493":0,"494":0,"495":1,"496":1,"497":1,"498":1,"499":1,"500":1,"501":1,"502":1,"503":32,"504":0,"505":32,"506":32,"507":32,"508":32,"509":32,"510":32,"511":40,"512":32,"513":32,"514":0,"515":0,"516":0,"517":0,"518":0,"519":0,"520":0,"521":32,"522":32,"523":24,"524":24,"525":24,"526":24,"527":24,"528":32,"529":32,"530":1,"531":1,"532":1,"533":1,"534":1,"535":1,"536":5,"537":1,"538":0,"539":0,"540":0,"541":1,"542":1,"543":1,"544":1,"545":1,"546":0,"547":0,"548":0,"549":1,"550":5,"551":5,"552":5,"553":5,"554":5,"555":5,"556":9,"557":9,"558":5,"559":1,"560":1,"561":1,"562":1,"563":79,"564":1,"565":79,"566":79,"567":79,"568":79,"569":79,"570":79,"571":79,"572":79,"573":699,"574":45,"575":79,"576":79,"577":1238,"578":21,"579":79,"580":79,"581":0,"582":79,"583":79,"584":56,"585":15,"586":41,"587":79,"588":79,"589":47,"590":38,"591":9,"592":4,"593":4,"594":5,"595":5,"596":79,"597":79,"598":23,"599":0,"600":23,"601":16,"602":7,"603":4,"604":4,"605":3,"606":1,"607":1,"608":1,"609":1,"610":3,"611":3,"612":2,"613":3,"614":3,"615":3,"616":3,"617":3,"618":3,"619":2,"620":2,"621":1,"622":5,"623":5,"624":5,"625":1,"626":2,"627":2,"628":2,"629":1,"630":4,"631":0,"632":4,"633":4,"634":4,"635":4,"636":2,"637":4,"638":4,"639":4,"640":1,"641":0,"642":0,"643":0,"644":0,"645":0,"646":0,"647":0,"648":0,"649":0,"650":0,"651":0,"652":0,"653":1,"654":1,"655":1,"656":1,"657":3,"658":1,"659":5,"660":4,"661":1,"662":2,"663":1,"664":1,"665":1,"666":26,"667":26,"668":150,"669":1,"670":149,"671":340,"672":340,"673":55,"674":55,"675":340,"676":36,"677":2,"678":201,"679":3,"680":3,"681":0,"682":0,"683":1,"684":1,"685":1,"686":56,"687":1,"688":1,"689":1,"690":1,"691":1,"692":1,"693":1,"694":1,"695":24,"696":1,"697":24,"698":24,"699":24,"700":24,"701":24,"702":24,"703":35,"704":24,"705":11,"706":0,"707":0,"708":11,"709":1,"710":11,"711":24,"712":1,"713":1,"714":1,"715":1,"716":12,"717":1,"718":12,"719":12,"720":12,"721":12,"722":12,"723":12,"724":12,"725":12,"726":10,"727":10,"728":10,"729":10,"730":10,"731":1,"732":1,"733":0,"734":1,"735":2,"736":2,"737":1,"738":2,"739":2,"740":0,"741":12,"742":1,"743":1,"744":1,"745":1,"746":20,"747":1,"748":20,"749":20,"750":20,"751":20,"752":20,"753":20,"754":20,"755":20,"756":20,"757":12,"758":12,"759":12,"760":12,"761":16,"762":12,"763":12,"764":0,"765":0,"766":0,"767":8,"768":8,"769":2,"770":2,"771":1,"772":6,"773":6,"774":4,"775":4,"776":2,"777":2,"778":2,"779":2,"780":2,"781":2,"782":2,"783":2,"784":0,"785":2,"786":2,"787":0,"788":2,"789":2,"790":2,"791":1,"792":1,"793":1,"794":1,"795":1,"796":41,"797":1,"798":1,"799":1,"800":1,"801":1,"802":56,"803":41,"804":56,"805":1,"806":56,"807":56,"808":56,"809":24,"810":24,"811":24,"812":10,"813":24,"814":12,"815":12,"816":12,"817":1,"818":12,"819":20,"820":20,"821":20,"822":0,"823":56,"824":56,"825":56,"826":47,"827":56,"828":1,"829":1,"830":1,"831":56,"832":36,"833":56,"834":20,"835":8,"836":13,"837":41,"838":41,"839":41,"840":41,"841":41,"842":41,"843":1,"844":40,"845":85,"846":85,"847":46,"848":46,"849":85,"850":21,"851":21,"852":21,"853":21,"854":67,"855":67,"856":56,"857":1,"858":0,"859":30,"860":13,"861":4,"862":2,"863":2,"864":4,"865":4,"866":4,"867":56,"868":21,"869":5,"870":13,"871":13,"872":0,"873":13,"874":13,"875":13,"876":8,"877":8,"878":5,"879":13,"880":13,"881":13,"882":13,"883":13,"884":13,"885":13,"886":0,"887":13,"888":13,"889":10,"890":0,"891":0,"892":0,"893":0,"894":0,"895":0,"896":0,"897":12,"898":12,"899":0,"900":0,"901":0,"902":0,"903":51,"904":51,"905":3,"906":30,"907":30,"908":30,"909":30,"910":1,"911":4,"912":9,"913":9,"914":9,"915":9,"916":2,"917":2,"918":1,"919":2,"920":4,"921":4,"922":4,"923":4,"924":2,"925":2,"926":0,"927":0,"928":0,"929":2,"930":9,"931":9,"932":9,"933":16,"934":16,"935":7,"936":0,"937":7,"938":9,"939":9,"940":9,"941":0,"942":9,"943":8,"944":8,"945":8,"946":2,"947":4,"948":1,"949":1,"950":1,"951":15,"952":1,"953":1,"954":1,"955":1,"956":15,"957":15,"958":2,"959":15,"960":15,"961":15,"962":15,"963":15,"964":15,"965":10,"966":15,"967":15,"968":0,"969":0,"970":15,"971":1,"972":0,"973":1,"974":0,"975":0,"976":0,"977":0,"978":0,"979":0,"980":0,"981":1,"982":0,"983":0,"984":0,"985":0,"986":0,"987":0,"988":0,"989":0,"990":0,"991":0,"992":0,"993":0,"994":0,"995":0,"996":0,"997":0,"998":0,"999":0,"1000":0,"1001":0,"1002":0,"1003":0,"1004":0,"1005":0,"1006":0,"1007":0,"1008":0,"1009":0,"1010":0,"1011":0,"1012":0,"1013":0,"1014":0,"1015":0,"1016":0,"1017":0,"1018":0,"1019":0,"1020":0,"1021":0,"1022":0,"1023":1,"1024":0,"1025":0,"1026":0,"1027":1,"1028":1,"1029":1,"1030":1,"1031":0,"1032":1,"1033":1,"1034":1,"1035":1,"1036":0,"1037":0,"1038":0,"1039":0,"1040":0,"1041":0,"1042":1,"1043":0,"1044":1,"1045":1,"1046":1,"1047":1,"1048":0,"1049":1,"1050":1,"1051":0,"1052":0,"1053":0,"1054":0,"1055":0,"1056":0,"1057":0,"1058":0,"1059":0,"1060":1,"1061":0,"1062":1,"1063":0,"1064":0,"1065":1,"1066":1,"1067":1,"1068":1,"1069":1,"1070":1,"1071":1,"1072":1,"1073":1,"1074":1,"1075":1,"1076":1,"1077":1,"1078":1,"1079":1,"1080":1,"1081":0,"1082":0,"1083":0,"1084":0,"1085":0,"1086":0,"1087":1,"1088":0,"1089":1,"1090":0,"1091":0,"1092":0,"1093":1},"b":{"1":[1,0],"2":[0,0],"3":[0,0],"4":[121,13],"5":[0,8],"6":[222,0],"7":[214,0],"8":[0,1897],"9":[1897,1843],"10":[1806,91],"11":[2,1806],"12":[2,14],"13":[1893,6],"14":[306,1599],"15":[1905,1862,381],"16":[381,372],"17":[160,78],"18":[8,230],"19":[8,6],"20":[230,8],"21":[230,228],"22":[75,1524],"23":[1597,2],"24":[75,0],"25":[75,1524],"26":[1597,2],"27":[75,0],"28":[50,1549],"29":[71,32],"30":[12,91],"31":[103,103],"32":[1549,0],"33":[1487,12],"34":[1499,1499],"35":[47,1451],"36":[49,7],"37":[18,38],"38":[53,3],"39":[1397,23],"40":[73,1347],"41":[1420,0],"42":[1362,58],"43":[1420,0],"44":[1362,0],"45":[1399,21],"46":[4,50],"47":[4,50],"48":[4,35],"49":[4,35],"50":[0,0],"51":[0,0],"52":[0,0],"53":[0,0],"54":[0,0],"55":[0,0],"56":[0,0],"57":[1532,0],"58":[1532,0],"59":[41,0],"60":[1804,861],"61":[2665,2173],"62":[1432,58],"63":[157,117],"64":[7,110],"65":[341,157],"66":[341,0],"67":[41,226],"68":[140,127],"69":[23,104],"70":[399,178],"71":[399,0],"72":[69,175],"73":[186,0],"74":[55,131],"75":[133,53],"76":[55,53],"77":[49,140],"78":[140,0],"79":[40,100],"80":[39,1],"81":[96,390],"82":[95,1],"83":[186,0],"84":[55,131],"85":[133,53],"86":[55,53],"87":[49,140],"88":[140,0],"89":[40,100],"90":[39,1],"91":[89,462],"92":[88,1],"93":[3,232],"94":[21,214],"95":[235,216],"96":[178,0],"97":[102,63],"98":[63,102],"99":[165,63],"100":[60,63],"101":[63,60],"102":[123,63],"103":[7,0],"104":[0,7],"105":[7,0],"106":[4,4],"107":[288,0],"108":[288,123],"109":[290,158],"110":[166,124],"111":[279,278],"112":[124,0],"113":[25,24],"114":[9,0],"115":[0,9],"116":[9,0],"117":[9,0],"118":[0,9],"119":[9,0],"120":[1,0],"121":[0,1],"122":[1,0],"123":[59,196],"124":[4,251],"125":[255,118,0],"126":[255,255],"127":[255,255],"128":[0,0],"129":[0,0,0],"130":[0,0],"131":[0,0],"132":[0,0],"133":[0,0],"134":[0,0],"135":[0,0],"136":[0,0],"137":[0,0],"138":[0,0],"139":[0,0],"140":[0,0],"141":[0,0],"142":[0,0],"143":[0,0],"144":[0,0],"145":[0,0],"146":[0,0],"147":[0,0],"148":[22,102],"149":[70,32],"150":[1912,89],"151":[32,0],"152":[26,20],"153":[26,17],"154":[26,17],"155":[26,16],"156":[1,0],"157":[0,1],"158":[0,32],"159":[0,0],"160":[0,0],"161":[24,0],"162":[1,0],"163":[0,0],"164":[0,0],"165":[1,78],"166":[45,654],"167":[21,1217],"168":[15,41],"169":[38,9],"170":[4,5],"171":[0,23],"172":[16,7],"173":[4,3],"174":[2,1],"175":[3,0],"176":[5,4],"177":[2,0],"178":[0,4],"179":[4,0],"180":[0,0],"181":[0,0],"182":[4,1],"183":[1,1],"184":[1,149],"185":[150,35],"186":[55,285],"187":[286,54],"188":[36,11],"189":[0,0],"190":[0,11],"191":[1,10],"192":[10,2],"193":[0,1],"194":[12,8],"195":[2,6],"196":[1,0],"197":[6,6,2,2],"198":[4,2],"199":[41,15],"200":[24,12,20],"201":[24,22],"202":[22,0],"203":[10,14],"204":[12,12],"205":[12,0],"206":[12,12],"207":[1,11],"208":[20,19],"209":[19,0],"210":[20,20],"211":[0,20],"212":[36,20],"213":[1,40],"214":[46,39],"215":[39,46],"216":[0,13],"217":[13,13],"218":[3,10],"219":[13,0],"220":[8,5],"221":[2,11],"222":[13,0],"223":[13,0],"224":[0,13],"225":[10,3],"226":[0,0],"227":[0,51],"228":[0,51],"229":[0,30],"230":[30,0],"231":[1,1],"232":[2,0,0],"233":[9,0],"234":[7,9],"235":[0,7],"236":[0,9],"237":[2,13],"238":[15,0],"239":[15,15,15],"240":[0,15],"241":[15,15],"242":[0,0],"243":[0,0,0],"244":[0,0],"245":[0,0],"246":[0,0],"247":[0,0],"248":[0,0],"249":[0,0],"250":[0,0],"251":[0,0],"252":[0,0],"253":[0,0],"254":[0,0],"255":[0,0],"256":[0,0],"257":[0,0],"258":[0,0],"259":[0,0],"260":[0,0],"261":[0,0],"262":[0,0],"263":[0,0],"264":[0,0],"265":[0,0],"266":[0,0],"267":[0,1],"268":[0,1],"269":[1,0]},"f":{"1":1,"2":0,"3":13,"4":13,"5":8,"6":54,"7":1843,"8":1897,"9":1897,"10":1899,"11":1905,"12":1905,"13":238,"14":103,"15":1499,"16":5,"17":56,"18":1960,"19":1420,"20":54,"21":4,"22":39,"23":4,"24":0,"25":0,"26":0,"27":0,"28":0,"29":1532,"30":1,"31":41,"32":41,"33":1,"34":41,"35":1804,"36":1804,"37":1490,"38":274,"39":267,"40":186,"41":186,"42":235,"43":178,"44":165,"45":123,"46":7,"47":7,"48":7,"49":4,"50":4,"51":288,"52":288,"53":290,"54":290,"55":279,"56":25,"57":9,"58":12,"59":9,"60":12,"61":1,"62":1,"63":32,"64":1,"65":255,"66":255,"67":71,"68":255,"69":0,"70":0,"71":0,"72":0,"73":0,"74":0,"75":0,"76":0,"77":0,"78":0,"79":0,"80":0,"81":0,"82":8,"83":124,"84":2001,"85":5,"86":3,"87":32,"88":26,"89":32,"90":2,"91":17,"92":32,"93":1,"94":8,"95":32,"96":1,"97":7,"98":32,"99":1,"100":8,"101":32,"102":1,"103":7,"104":31,"105":1,"106":1,"107":32,"108":32,"109":40,"110":32,"111":0,"112":32,"113":24,"114":32,"115":1,"116":5,"117":0,"118":1,"119":1,"120":1,"121":0,"122":5,"123":5,"124":1,"125":79,"126":79,"127":699,"128":79,"129":1238,"130":79,"131":0,"132":79,"133":56,"134":79,"135":47,"136":79,"137":23,"138":1,"139":3,"140":5,"141":2,"142":4,"143":4,"144":2,"145":0,"146":0,"147":0,"148":1,"149":3,"150":5,"151":2,"152":26,"153":150,"154":340,"155":36,"156":2,"157":201,"158":3,"159":3,"160":0,"161":1,"162":56,"163":36,"164":1,"165":24,"166":24,"167":35,"168":11,"169":1,"170":12,"171":12,"172":10,"173":10,"174":10,"175":1,"176":2,"177":1,"178":2,"179":0,"180":1,"181":20,"182":20,"183":12,"184":16,"185":12,"186":0,"187":0,"188":2,"189":1,"190":2,"191":2,"192":2,"193":2,"194":0,"195":2,"196":0,"197":1,"198":1,"199":41,"200":56,"201":56,"202":47,"203":1,"204":56,"205":20,"206":8,"207":13,"208":41,"209":85,"210":21,"211":67,"212":67,"213":56,"214":0,"215":30,"216":13,"217":4,"218":2,"219":4,"220":56,"221":21,"222":5,"223":13,"224":13,"225":12,"226":12,"227":0,"228":0,"229":0,"230":51,"231":3,"232":30,"233":4,"234":9,"235":9,"236":2,"237":8,"238":2,"239":4,"240":1,"241":15,"242":15,"243":15,"244":10,"245":15,"246":0,"247":0,"248":0,"249":0,"250":0,"251":0,"252":0,"253":0,"254":0,"255":0,"256":0,"257":0,"258":0,"259":0,"260":1,"261":0,"262":0,"263":0,"264":0,"265":0,"266":1,"267":0,"268":0,"269":0,"270":0,"271":0,"272":0,"273":1,"274":0,"275":0},"fnMap":{"1":{"name":"(anonymous_1)","line":1,"loc":{"start":{"line":1,"column":1},"end":{"line":1,"column":12}}},"2":{"name":"(anonymous_2)","line":4,"loc":{"start":{"line":4,"column":30},"end":{"line":4,"column":45}}},"3":{"name":"(anonymous_3)","line":6,"loc":{"start":{"line":6,"column":16},"end":{"line":6,"column":40}}},"4":{"name":"ctor","line":6,"loc":{"start":{"line":6,"column":129},"end":{"line":6,"column":145}}},"5":{"name":"(anonymous_5)","line":19,"loc":{"start":{"line":19,"column":21},"end":{"line":19,"column":38}}},"6":{"name":"(anonymous_6)","line":35,"loc":{"start":{"line":35,"column":14},"end":{"line":35,"column":37}}},"7":{"name":"(anonymous_7)","line":40,"loc":{"start":{"line":40,"column":13},"end":{"line":40,"column":36}}},"8":{"name":"(anonymous_8)","line":45,"loc":{"start":{"line":45,"column":17},"end":{"line":45,"column":34}}},"9":{"name":"(anonymous_9)","line":71,"loc":{"start":{"line":71,"column":25},"end":{"line":71,"column":36}}},"10":{"name":"(anonymous_10)","line":79,"loc":{"start":{"line":79,"column":30},"end":{"line":79,"column":41}}},"11":{"name":"(anonymous_11)","line":84,"loc":{"start":{"line":84,"column":34},"end":{"line":84,"column":50}}},"12":{"name":"(anonymous_12)","line":85,"loc":{"start":{"line":85,"column":27},"end":{"line":85,"column":45}}},"13":{"name":"(anonymous_13)","line":89,"loc":{"start":{"line":89,"column":44},"end":{"line":89,"column":55}}},"14":{"name":"(anonymous_14)","line":106,"loc":{"start":{"line":106,"column":35},"end":{"line":106,"column":46}}},"15":{"name":"(anonymous_15)","line":116,"loc":{"start":{"line":116,"column":34},"end":{"line":116,"column":45}}},"16":{"name":"(anonymous_16)","line":125,"loc":{"start":{"line":125,"column":31},"end":{"line":125,"column":55}}},"17":{"name":"(anonymous_17)","line":128,"loc":{"start":{"line":128,"column":37},"end":{"line":128,"column":48}}},"18":{"name":"(anonymous_18)","line":142,"loc":{"start":{"line":142,"column":31},"end":{"line":142,"column":42}}},"19":{"name":"(anonymous_19)","line":144,"loc":{"start":{"line":144,"column":42},"end":{"line":144,"column":53}}},"20":{"name":"(anonymous_20)","line":179,"loc":{"start":{"line":179,"column":14},"end":{"line":179,"column":37}}},"21":{"name":"(anonymous_21)","line":182,"loc":{"start":{"line":182,"column":24},"end":{"line":182,"column":35}}},"22":{"name":"(anonymous_22)","line":190,"loc":{"start":{"line":190,"column":13},"end":{"line":190,"column":36}}},"23":{"name":"(anonymous_23)","line":193,"loc":{"start":{"line":193,"column":24},"end":{"line":193,"column":35}}},"24":{"name":"(anonymous_24)","line":212,"loc":{"start":{"line":212,"column":13},"end":{"line":212,"column":24}}},"25":{"name":"(anonymous_25)","line":215,"loc":{"start":{"line":215,"column":15},"end":{"line":215,"column":26}}},"26":{"name":"(anonymous_26)","line":230,"loc":{"start":{"line":230,"column":13},"end":{"line":230,"column":24}}},"27":{"name":"(anonymous_27)","line":239,"loc":{"start":{"line":239,"column":12},"end":{"line":239,"column":23}}},"28":{"name":"(anonymous_28)","line":248,"loc":{"start":{"line":248,"column":11},"end":{"line":248,"column":22}}},"29":{"name":"(anonymous_29)","line":254,"loc":{"start":{"line":254,"column":12},"end":{"line":254,"column":23}}},"30":{"name":"(anonymous_30)","line":263,"loc":{"start":{"line":263,"column":16},"end":{"line":263,"column":27}}},"31":{"name":"(anonymous_31)","line":266,"loc":{"start":{"line":266,"column":22},"end":{"line":266,"column":33}}},"32":{"name":"(anonymous_32)","line":270,"loc":{"start":{"line":270,"column":31},"end":{"line":270,"column":47}}},"33":{"name":"(anonymous_33)","line":271,"loc":{"start":{"line":271,"column":21},"end":{"line":271,"column":37}}},"34":{"name":"(anonymous_34)","line":275,"loc":{"start":{"line":275,"column":21},"end":{"line":275,"column":32}}},"35":{"name":"(anonymous_35)","line":291,"loc":{"start":{"line":291,"column":29},"end":{"line":291,"column":45}}},"36":{"name":"(anonymous_36)","line":292,"loc":{"start":{"line":292,"column":23},"end":{"line":292,"column":37}}},"37":{"name":"(anonymous_37)","line":295,"loc":{"start":{"line":295,"column":26},"end":{"line":295,"column":37}}},"38":{"name":"(anonymous_38)","line":313,"loc":{"start":{"line":313,"column":14},"end":{"line":313,"column":30}}},"39":{"name":"(anonymous_39)","line":332,"loc":{"start":{"line":332,"column":13},"end":{"line":332,"column":29}}},"40":{"name":"(anonymous_40)","line":351,"loc":{"start":{"line":351,"column":13},"end":{"line":351,"column":24}}},"41":{"name":"(anonymous_41)","line":386,"loc":{"start":{"line":386,"column":12},"end":{"line":386,"column":23}}},"42":{"name":"(anonymous_42)","line":421,"loc":{"start":{"line":421,"column":12},"end":{"line":421,"column":35}}},"43":{"name":"(anonymous_43)","line":431,"loc":{"start":{"line":431,"column":13},"end":{"line":431,"column":24}}},"44":{"name":"(anonymous_44)","line":445,"loc":{"start":{"line":445,"column":14},"end":{"line":445,"column":36}}},"45":{"name":"(anonymous_45)","line":458,"loc":{"start":{"line":458,"column":14},"end":{"line":458,"column":36}}},"46":{"name":"(anonymous_46)","line":471,"loc":{"start":{"line":471,"column":12},"end":{"line":471,"column":37}}},"47":{"name":"(anonymous_47)","line":483,"loc":{"start":{"line":483,"column":25},"end":{"line":483,"column":41}}},"48":{"name":"(anonymous_48)","line":484,"loc":{"start":{"line":484,"column":19},"end":{"line":484,"column":37}}},"49":{"name":"(anonymous_49)","line":485,"loc":{"start":{"line":485,"column":32},"end":{"line":485,"column":43}}},"50":{"name":"(anonymous_50)","line":488,"loc":{"start":{"line":488,"column":39},"end":{"line":488,"column":55}}},"51":{"name":"(anonymous_51)","line":497,"loc":{"start":{"line":497,"column":23},"end":{"line":497,"column":40}}},"52":{"name":"(anonymous_52)","line":503,"loc":{"start":{"line":503,"column":27},"end":{"line":503,"column":38}}},"53":{"name":"(anonymous_53)","line":508,"loc":{"start":{"line":508,"column":32},"end":{"line":508,"column":48}}},"54":{"name":"(anonymous_54)","line":509,"loc":{"start":{"line":509,"column":25},"end":{"line":509,"column":43}}},"55":{"name":"(anonymous_55)","line":518,"loc":{"start":{"line":518,"column":32},"end":{"line":518,"column":43}}},"56":{"name":"(anonymous_56)","line":522,"loc":{"start":{"line":522,"column":32},"end":{"line":522,"column":48}}},"57":{"name":"(anonymous_57)","line":539,"loc":{"start":{"line":539,"column":14},"end":{"line":539,"column":36}}},"58":{"name":"(anonymous_58)","line":549,"loc":{"start":{"line":549,"column":22},"end":{"line":549,"column":33}}},"59":{"name":"(anonymous_59)","line":554,"loc":{"start":{"line":554,"column":14},"end":{"line":554,"column":36}}},"60":{"name":"(anonymous_60)","line":564,"loc":{"start":{"line":564,"column":22},"end":{"line":564,"column":33}}},"61":{"name":"(anonymous_61)","line":569,"loc":{"start":{"line":569,"column":12},"end":{"line":569,"column":37}}},"62":{"name":"(anonymous_62)","line":579,"loc":{"start":{"line":579,"column":22},"end":{"line":579,"column":33}}},"63":{"name":"(anonymous_63)","line":584,"loc":{"start":{"line":584,"column":16},"end":{"line":584,"column":27}}},"64":{"name":"(anonymous_64)","line":590,"loc":{"start":{"line":590,"column":22},"end":{"line":590,"column":39}}},"65":{"name":"Collection","line":597,"loc":{"start":{"line":597,"column":4},"end":{"line":597,"column":41}}},"66":{"name":"(anonymous_66)","line":607,"loc":{"start":{"line":607,"column":25},"end":{"line":607,"column":41}}},"67":{"name":"(anonymous_67)","line":608,"loc":{"start":{"line":608,"column":15},"end":{"line":608,"column":31}}},"68":{"name":"(anonymous_68)","line":612,"loc":{"start":{"line":612,"column":23},"end":{"line":612,"column":39}}},"69":{"name":"(anonymous_69)","line":613,"loc":{"start":{"line":613,"column":15},"end":{"line":613,"column":26}}},"70":{"name":"(anonymous_70)","line":621,"loc":{"start":{"line":621,"column":35},"end":{"line":621,"column":46}}},"71":{"name":"(anonymous_71)","line":625,"loc":{"start":{"line":625,"column":31},"end":{"line":625,"column":42}}},"72":{"name":"(anonymous_72)","line":634,"loc":{"start":{"line":634,"column":33},"end":{"line":634,"column":51}}},"73":{"name":"(anonymous_73)","line":653,"loc":{"start":{"line":653,"column":17},"end":{"line":653,"column":33}}},"74":{"name":"(anonymous_74)","line":654,"loc":{"start":{"line":654,"column":15},"end":{"line":654,"column":26}}},"75":{"name":"(anonymous_75)","line":661,"loc":{"start":{"line":661,"column":16},"end":{"line":661,"column":32}}},"76":{"name":"(anonymous_76)","line":662,"loc":{"start":{"line":662,"column":15},"end":{"line":662,"column":26}}},"77":{"name":"(anonymous_77)","line":669,"loc":{"start":{"line":669,"column":25},"end":{"line":669,"column":41}}},"78":{"name":"(anonymous_78)","line":670,"loc":{"start":{"line":670,"column":15},"end":{"line":670,"column":26}}},"79":{"name":"(anonymous_79)","line":676,"loc":{"start":{"line":676,"column":38},"end":{"line":676,"column":49}}},"80":{"name":"(anonymous_80)","line":682,"loc":{"start":{"line":682,"column":25},"end":{"line":682,"column":41}}},"81":{"name":"(anonymous_81)","line":683,"loc":{"start":{"line":683,"column":15},"end":{"line":683,"column":26}}},"82":{"name":"(anonymous_82)","line":692,"loc":{"start":{"line":692,"column":34},"end":{"line":692,"column":51}}},"83":{"name":"(anonymous_83)","line":698,"loc":{"start":{"line":698,"column":33},"end":{"line":698,"column":56}}},"84":{"name":"(anonymous_84)","line":704,"loc":{"start":{"line":704,"column":17},"end":{"line":704,"column":33}}},"85":{"name":"(anonymous_85)","line":714,"loc":{"start":{"line":714,"column":21},"end":{"line":714,"column":37}}},"86":{"name":"(anonymous_86)","line":723,"loc":{"start":{"line":723,"column":22},"end":{"line":723,"column":38}}},"87":{"name":"(anonymous_87)","line":740,"loc":{"start":{"line":740,"column":15},"end":{"line":740,"column":31}}},"88":{"name":"(anonymous_88)","line":741,"loc":{"start":{"line":741,"column":19},"end":{"line":741,"column":35}}},"89":{"name":"(anonymous_89)","line":747,"loc":{"start":{"line":747,"column":17},"end":{"line":747,"column":33}}},"90":{"name":"(anonymous_90)","line":748,"loc":{"start":{"line":748,"column":19},"end":{"line":748,"column":36}}},"91":{"name":"(anonymous_91)","line":749,"loc":{"start":{"line":749,"column":34},"end":{"line":749,"column":50}}},"92":{"name":"(anonymous_92)","line":755,"loc":{"start":{"line":755,"column":20},"end":{"line":755,"column":36}}},"93":{"name":"(anonymous_93)","line":756,"loc":{"start":{"line":756,"column":19},"end":{"line":756,"column":35}}},"94":{"name":"(anonymous_94)","line":757,"loc":{"start":{"line":757,"column":34},"end":{"line":757,"column":50}}},"95":{"name":"(anonymous_95)","line":762,"loc":{"start":{"line":762,"column":19},"end":{"line":762,"column":35}}},"96":{"name":"(anonymous_96)","line":763,"loc":{"start":{"line":763,"column":19},"end":{"line":763,"column":35}}},"97":{"name":"(anonymous_97)","line":764,"loc":{"start":{"line":764,"column":34},"end":{"line":764,"column":50}}},"98":{"name":"(anonymous_98)","line":769,"loc":{"start":{"line":769,"column":24},"end":{"line":769,"column":40}}},"99":{"name":"(anonymous_99)","line":770,"loc":{"start":{"line":770,"column":19},"end":{"line":770,"column":35}}},"100":{"name":"(anonymous_100)","line":771,"loc":{"start":{"line":771,"column":34},"end":{"line":771,"column":50}}},"101":{"name":"(anonymous_101)","line":776,"loc":{"start":{"line":776,"column":21},"end":{"line":776,"column":37}}},"102":{"name":"(anonymous_102)","line":777,"loc":{"start":{"line":777,"column":19},"end":{"line":777,"column":35}}},"103":{"name":"(anonymous_103)","line":778,"loc":{"start":{"line":778,"column":34},"end":{"line":778,"column":50}}},"104":{"name":"(anonymous_104)","line":788,"loc":{"start":{"line":788,"column":33},"end":{"line":788,"column":53}}},"105":{"name":"(anonymous_105)","line":794,"loc":{"start":{"line":794,"column":33},"end":{"line":794,"column":61}}},"106":{"name":"(anonymous_106)","line":817,"loc":{"start":{"line":817,"column":30},"end":{"line":817,"column":47}}},"107":{"name":"Plucked","line":820,"loc":{"start":{"line":820,"column":4},"end":{"line":820,"column":42}}},"108":{"name":"(anonymous_108)","line":828,"loc":{"start":{"line":828,"column":28},"end":{"line":828,"column":44}}},"109":{"name":"(anonymous_109)","line":829,"loc":{"start":{"line":829,"column":15},"end":{"line":829,"column":31}}},"110":{"name":"(anonymous_110)","line":833,"loc":{"start":{"line":833,"column":61},"end":{"line":833,"column":77}}},"111":{"name":"(anonymous_111)","line":834,"loc":{"start":{"line":834,"column":15},"end":{"line":834,"column":31}}},"112":{"name":"(anonymous_112)","line":846,"loc":{"start":{"line":846,"column":40},"end":{"line":846,"column":56}}},"113":{"name":"(anonymous_113)","line":847,"loc":{"start":{"line":847,"column":15},"end":{"line":847,"column":31}}},"114":{"name":"(anonymous_114)","line":856,"loc":{"start":{"line":856,"column":43},"end":{"line":856,"column":59}}},"115":{"name":"(anonymous_115)","line":857,"loc":{"start":{"line":857,"column":15},"end":{"line":857,"column":31}}},"116":{"name":"(anonymous_116)","line":868,"loc":{"start":{"line":868,"column":33},"end":{"line":868,"column":49}}},"117":{"name":"(anonymous_117)","line":872,"loc":{"start":{"line":872,"column":32},"end":{"line":872,"column":43}}},"118":{"name":"(anonymous_118)","line":878,"loc":{"start":{"line":878,"column":29},"end":{"line":878,"column":42}}},"119":{"name":"(anonymous_119)","line":879,"loc":{"start":{"line":879,"column":35},"end":{"line":879,"column":51}}},"120":{"name":"(anonymous_120)","line":880,"loc":{"start":{"line":880,"column":15},"end":{"line":880,"column":31}}},"121":{"name":"(anonymous_121)","line":886,"loc":{"start":{"line":886,"column":32},"end":{"line":886,"column":43}}},"122":{"name":"(anonymous_122)","line":892,"loc":{"start":{"line":892,"column":32},"end":{"line":892,"column":43}}},"123":{"name":"(anonymous_123)","line":894,"loc":{"start":{"line":894,"column":14},"end":{"line":894,"column":25}}},"124":{"name":"(anonymous_124)","line":910,"loc":{"start":{"line":910,"column":31},"end":{"line":910,"column":48}}},"125":{"name":"Filtered","line":913,"loc":{"start":{"line":913,"column":4},"end":{"line":913,"column":43}}},"126":{"name":"(anonymous_126)","line":923,"loc":{"start":{"line":923,"column":28},"end":{"line":923,"column":44}}},"127":{"name":"(anonymous_127)","line":924,"loc":{"start":{"line":924,"column":15},"end":{"line":924,"column":31}}},"128":{"name":"(anonymous_128)","line":930,"loc":{"start":{"line":930,"column":45},"end":{"line":930,"column":61}}},"129":{"name":"(anonymous_129)","line":931,"loc":{"start":{"line":931,"column":15},"end":{"line":931,"column":31}}},"130":{"name":"(anonymous_130)","line":937,"loc":{"start":{"line":937,"column":48},"end":{"line":937,"column":64}}},"131":{"name":"(anonymous_131)","line":938,"loc":{"start":{"line":938,"column":15},"end":{"line":938,"column":31}}},"132":{"name":"(anonymous_132)","line":942,"loc":{"start":{"line":942,"column":48},"end":{"line":942,"column":64}}},"133":{"name":"(anonymous_133)","line":943,"loc":{"start":{"line":943,"column":15},"end":{"line":943,"column":31}}},"134":{"name":"(anonymous_134)","line":951,"loc":{"start":{"line":951,"column":22},"end":{"line":951,"column":38}}},"135":{"name":"(anonymous_135)","line":952,"loc":{"start":{"line":952,"column":15},"end":{"line":952,"column":31}}},"136":{"name":"(anonymous_136)","line":964,"loc":{"start":{"line":964,"column":25},"end":{"line":964,"column":41}}},"137":{"name":"(anonymous_137)","line":965,"loc":{"start":{"line":965,"column":15},"end":{"line":965,"column":31}}},"138":{"name":"(anonymous_138)","line":985,"loc":{"start":{"line":985,"column":28},"end":{"line":985,"column":45}}},"139":{"name":"Multi","line":988,"loc":{"start":{"line":988,"column":4},"end":{"line":988,"column":41}}},"140":{"name":"(anonymous_140)","line":1005,"loc":{"start":{"line":1005,"column":32},"end":{"line":1005,"column":48}}},"141":{"name":"(anonymous_141)","line":1011,"loc":{"start":{"line":1011,"column":32},"end":{"line":1011,"column":48}}},"142":{"name":"(anonymous_142)","line":1017,"loc":{"start":{"line":1017,"column":36},"end":{"line":1017,"column":57}}},"143":{"name":"(anonymous_143)","line":1023,"loc":{"start":{"line":1023,"column":23},"end":{"line":1023,"column":39}}},"144":{"name":"(anonymous_144)","line":1024,"loc":{"start":{"line":1024,"column":15},"end":{"line":1024,"column":31}}},"145":{"name":"(anonymous_145)","line":1033,"loc":{"start":{"line":1033,"column":39},"end":{"line":1033,"column":60}}},"146":{"name":"(anonymous_146)","line":1043,"loc":{"start":{"line":1043,"column":23},"end":{"line":1043,"column":39}}},"147":{"name":"(anonymous_147)","line":1044,"loc":{"start":{"line":1044,"column":15},"end":{"line":1044,"column":31}}},"148":{"name":"(anonymous_148)","line":1056,"loc":{"start":{"line":1056,"column":28},"end":{"line":1056,"column":45}}},"149":{"name":"Union","line":1059,"loc":{"start":{"line":1059,"column":4},"end":{"line":1059,"column":21}}},"150":{"name":"(anonymous_150)","line":1063,"loc":{"start":{"line":1063,"column":32},"end":{"line":1063,"column":48}}},"151":{"name":"(anonymous_151)","line":1069,"loc":{"start":{"line":1069,"column":32},"end":{"line":1069,"column":48}}},"152":{"name":"(anonymous_152)","line":1081,"loc":{"start":{"line":1081,"column":16},"end":{"line":1081,"column":27}}},"153":{"name":"(anonymous_153)","line":1084,"loc":{"start":{"line":1084,"column":22},"end":{"line":1084,"column":33}}},"154":{"name":"(anonymous_154)","line":1094,"loc":{"start":{"line":1094,"column":11},"end":{"line":1094,"column":22}}},"155":{"name":"(anonymous_155)","line":1104,"loc":{"start":{"line":1104,"column":11},"end":{"line":1104,"column":24}}},"156":{"name":"(anonymous_156)","line":1109,"loc":{"start":{"line":1109,"column":13},"end":{"line":1109,"column":37}}},"157":{"name":"(anonymous_157)","line":1113,"loc":{"start":{"line":1113,"column":18},"end":{"line":1113,"column":29}}},"158":{"name":"(anonymous_158)","line":1116,"loc":{"start":{"line":1116,"column":20},"end":{"line":1116,"column":31}}},"159":{"name":"(anonymous_159)","line":1117,"loc":{"start":{"line":1117,"column":48},"end":{"line":1117,"column":64}}},"160":{"name":"(anonymous_160)","line":1118,"loc":{"start":{"line":1118,"column":21},"end":{"line":1118,"column":40}}},"161":{"name":"(anonymous_161)","line":1130,"loc":{"start":{"line":1130,"column":33},"end":{"line":1130,"column":50}}},"162":{"name":"Relation","line":1133,"loc":{"start":{"line":1133,"column":4},"end":{"line":1133,"column":24}}},"163":{"name":"(anonymous_163)","line":1143,"loc":{"start":{"line":1143,"column":36},"end":{"line":1143,"column":47}}},"164":{"name":"(anonymous_164)","line":1149,"loc":{"start":{"line":1149,"column":42},"end":{"line":1149,"column":59}}},"165":{"name":"BelongsToRelation","line":1152,"loc":{"start":{"line":1152,"column":4},"end":{"line":1152,"column":33}}},"166":{"name":"(anonymous_166)","line":1156,"loc":{"start":{"line":1156,"column":45},"end":{"line":1156,"column":56}}},"167":{"name":"(anonymous_167)","line":1163,"loc":{"start":{"line":1163,"column":16},"end":{"line":1163,"column":27}}},"168":{"name":"(anonymous_168)","line":1168,"loc":{"start":{"line":1168,"column":16},"end":{"line":1168,"column":32}}},"169":{"name":"(anonymous_169)","line":1188,"loc":{"start":{"line":1188,"column":39},"end":{"line":1188,"column":56}}},"170":{"name":"HasOneRelation","line":1191,"loc":{"start":{"line":1191,"column":4},"end":{"line":1191,"column":30}}},"171":{"name":"(anonymous_171)","line":1195,"loc":{"start":{"line":1195,"column":42},"end":{"line":1195,"column":53}}},"172":{"name":"(anonymous_172)","line":1205,"loc":{"start":{"line":1205,"column":19},"end":{"line":1205,"column":35}}},"173":{"name":"(anonymous_173)","line":1206,"loc":{"start":{"line":1206,"column":19},"end":{"line":1206,"column":30}}},"174":{"name":"(anonymous_174)","line":1212,"loc":{"start":{"line":1212,"column":19},"end":{"line":1212,"column":35}}},"175":{"name":"(anonymous_175)","line":1213,"loc":{"start":{"line":1213,"column":19},"end":{"line":1213,"column":35}}},"176":{"name":"(anonymous_176)","line":1224,"loc":{"start":{"line":1224,"column":19},"end":{"line":1224,"column":35}}},"177":{"name":"(anonymous_177)","line":1225,"loc":{"start":{"line":1225,"column":19},"end":{"line":1225,"column":30}}},"178":{"name":"(anonymous_178)","line":1231,"loc":{"start":{"line":1231,"column":19},"end":{"line":1231,"column":35}}},"179":{"name":"(anonymous_179)","line":1232,"loc":{"start":{"line":1232,"column":19},"end":{"line":1232,"column":35}}},"180":{"name":"(anonymous_180)","line":1245,"loc":{"start":{"line":1245,"column":40},"end":{"line":1245,"column":57}}},"181":{"name":"HasManyRelation","line":1248,"loc":{"start":{"line":1248,"column":4},"end":{"line":1248,"column":31}}},"182":{"name":"(anonymous_182)","line":1252,"loc":{"start":{"line":1252,"column":43},"end":{"line":1252,"column":54}}},"183":{"name":"(anonymous_183)","line":1265,"loc":{"start":{"line":1265,"column":19},"end":{"line":1265,"column":35}}},"184":{"name":"(anonymous_184)","line":1266,"loc":{"start":{"line":1266,"column":19},"end":{"line":1266,"column":30}}},"185":{"name":"(anonymous_185)","line":1272,"loc":{"start":{"line":1272,"column":19},"end":{"line":1272,"column":35}}},"186":{"name":"(anonymous_186)","line":1273,"loc":{"start":{"line":1273,"column":19},"end":{"line":1273,"column":36}}},"187":{"name":"(anonymous_187)","line":1274,"loc":{"start":{"line":1274,"column":30},"end":{"line":1274,"column":46}}},"188":{"name":"(anonymous_188)","line":1287,"loc":{"start":{"line":1287,"column":21},"end":{"line":1287,"column":37}}},"189":{"name":"(anonymous_189)","line":1288,"loc":{"start":{"line":1288,"column":21},"end":{"line":1288,"column":32}}},"190":{"name":"(anonymous_190)","line":1305,"loc":{"start":{"line":1305,"column":22},"end":{"line":1305,"column":33}}},"191":{"name":"(anonymous_191)","line":1309,"loc":{"start":{"line":1309,"column":41},"end":{"line":1309,"column":57}}},"192":{"name":"(anonymous_192)","line":1310,"loc":{"start":{"line":1310,"column":25},"end":{"line":1310,"column":41}}},"193":{"name":"(anonymous_193)","line":1314,"loc":{"start":{"line":1314,"column":46},"end":{"line":1314,"column":62}}},"194":{"name":"(anonymous_194)","line":1315,"loc":{"start":{"line":1315,"column":25},"end":{"line":1315,"column":41}}},"195":{"name":"(anonymous_195)","line":1319,"loc":{"start":{"line":1319,"column":49},"end":{"line":1319,"column":65}}},"196":{"name":"(anonymous_196)","line":1320,"loc":{"start":{"line":1320,"column":25},"end":{"line":1320,"column":41}}},"197":{"name":"(anonymous_197)","line":1330,"loc":{"start":{"line":1330,"column":22},"end":{"line":1330,"column":33}}},"198":{"name":"(anonymous_198)","line":1343,"loc":{"start":{"line":1343,"column":36},"end":{"line":1343,"column":53}}},"199":{"name":"Association","line":1346,"loc":{"start":{"line":1346,"column":4},"end":{"line":1346,"column":27}}},"200":{"name":"(anonymous_200)","line":1358,"loc":{"start":{"line":1358,"column":38},"end":{"line":1358,"column":49}}},"201":{"name":"(anonymous_201)","line":1367,"loc":{"start":{"line":1367,"column":34},"end":{"line":1367,"column":50}}},"202":{"name":"(anonymous_202)","line":1410,"loc":{"start":{"line":1410,"column":31},"end":{"line":1410,"column":42}}},"203":{"name":"(anonymous_203)","line":1413,"loc":{"start":{"line":1413,"column":38},"end":{"line":1413,"column":54}}},"204":{"name":"(anonymous_204)","line":1424,"loc":{"start":{"line":1424,"column":17},"end":{"line":1424,"column":28}}},"205":{"name":"(anonymous_205)","line":1434,"loc":{"start":{"line":1434,"column":17},"end":{"line":1434,"column":35}}},"206":{"name":"(anonymous_206)","line":1437,"loc":{"start":{"line":1437,"column":14},"end":{"line":1437,"column":32}}},"207":{"name":"(anonymous_207)","line":1440,"loc":{"start":{"line":1440,"column":15},"end":{"line":1440,"column":33}}},"208":{"name":"(anonymous_208)","line":1443,"loc":{"start":{"line":1443,"column":17},"end":{"line":1443,"column":41}}},"209":{"name":"(anonymous_209)","line":1466,"loc":{"start":{"line":1466,"column":20},"end":{"line":1466,"column":31}}},"210":{"name":"(anonymous_210)","line":1476,"loc":{"start":{"line":1476,"column":16},"end":{"line":1476,"column":27}}},"211":{"name":"(anonymous_211)","line":1481,"loc":{"start":{"line":1481,"column":22},"end":{"line":1481,"column":33}}},"212":{"name":"(anonymous_212)","line":1482,"loc":{"start":{"line":1482,"column":57},"end":{"line":1482,"column":73}}},"213":{"name":"(anonymous_213)","line":1483,"loc":{"start":{"line":1483,"column":21},"end":{"line":1483,"column":43}}},"214":{"name":"(anonymous_214)","line":1495,"loc":{"start":{"line":1495,"column":15},"end":{"line":1495,"column":26}}},"215":{"name":"(anonymous_215)","line":1498,"loc":{"start":{"line":1498,"column":17},"end":{"line":1498,"column":28}}},"216":{"name":"(anonymous_216)","line":1501,"loc":{"start":{"line":1501,"column":13},"end":{"line":1501,"column":28}}},"217":{"name":"(anonymous_217)","line":1504,"loc":{"start":{"line":1504,"column":16},"end":{"line":1504,"column":31}}},"218":{"name":"(anonymous_218)","line":1507,"loc":{"start":{"line":1507,"column":16},"end":{"line":1507,"column":27}}},"219":{"name":"(anonymous_219)","line":1510,"loc":{"start":{"line":1510,"column":22},"end":{"line":1510,"column":33}}},"220":{"name":"(anonymous_220)","line":1519,"loc":{"start":{"line":1519,"column":15},"end":{"line":1519,"column":26}}},"221":{"name":"(anonymous_221)","line":1522,"loc":{"start":{"line":1522,"column":14},"end":{"line":1522,"column":28}}},"222":{"name":"(anonymous_222)","line":1525,"loc":{"start":{"line":1525,"column":17},"end":{"line":1525,"column":28}}},"223":{"name":"(anonymous_223)","line":1528,"loc":{"start":{"line":1528,"column":13},"end":{"line":1528,"column":38}}},"224":{"name":"(anonymous_224)","line":1547,"loc":{"start":{"line":1547,"column":16},"end":{"line":1547,"column":35}}},"225":{"name":"(anonymous_225)","line":1572,"loc":{"start":{"line":1572,"column":18},"end":{"line":1572,"column":29}}},"226":{"name":"(anonymous_226)","line":1575,"loc":{"start":{"line":1575,"column":21},"end":{"line":1575,"column":37}}},"227":{"name":"(anonymous_227)","line":1576,"loc":{"start":{"line":1576,"column":19},"end":{"line":1576,"column":30}}},"228":{"name":"(anonymous_228)","line":1578,"loc":{"start":{"line":1578,"column":28},"end":{"line":1578,"column":39}}},"229":{"name":"(anonymous_229)","line":1581,"loc":{"start":{"line":1581,"column":27},"end":{"line":1581,"column":38}}},"230":{"name":"(anonymous_230)","line":1591,"loc":{"start":{"line":1591,"column":21},"end":{"line":1591,"column":32}}},"231":{"name":"(anonymous_231)","line":1595,"loc":{"start":{"line":1595,"column":20},"end":{"line":1595,"column":31}}},"232":{"name":"(anonymous_232)","line":1597,"loc":{"start":{"line":1597,"column":21},"end":{"line":1597,"column":32}}},"233":{"name":"(anonymous_233)","line":1611,"loc":{"start":{"line":1611,"column":18},"end":{"line":1611,"column":29}}},"234":{"name":"(anonymous_234)","line":1614,"loc":{"start":{"line":1614,"column":16},"end":{"line":1614,"column":27}}},"235":{"name":"(anonymous_235)","line":1617,"loc":{"start":{"line":1617,"column":26},"end":{"line":1617,"column":42}}},"236":{"name":"(anonymous_236)","line":1618,"loc":{"start":{"line":1618,"column":21},"end":{"line":1618,"column":39}}},"237":{"name":"(anonymous_237)","line":1675,"loc":{"start":{"line":1675,"column":18},"end":{"line":1675,"column":29}}},"238":{"name":"(anonymous_238)","line":1680,"loc":{"start":{"line":1680,"column":20},"end":{"line":1680,"column":31}}},"239":{"name":"(anonymous_239)","line":1682,"loc":{"start":{"line":1682,"column":26},"end":{"line":1682,"column":37}}},"240":{"name":"(anonymous_240)","line":1692,"loc":{"start":{"line":1692,"column":17},"end":{"line":1692,"column":34}}},"241":{"name":"Model","line":1695,"loc":{"start":{"line":1695,"column":4},"end":{"line":1695,"column":21}}},"242":{"name":"(anonymous_242)","line":1705,"loc":{"start":{"line":1705,"column":33},"end":{"line":1705,"column":58}}},"243":{"name":"(anonymous_243)","line":1715,"loc":{"start":{"line":1715,"column":25},"end":{"line":1715,"column":41}}},"244":{"name":"(anonymous_244)","line":1716,"loc":{"start":{"line":1716,"column":15},"end":{"line":1716,"column":31}}},"245":{"name":"(anonymous_245)","line":1720,"loc":{"start":{"line":1720,"column":23},"end":{"line":1720,"column":39}}},"246":{"name":"(anonymous_246)","line":1721,"loc":{"start":{"line":1721,"column":15},"end":{"line":1721,"column":26}}},"247":{"name":"(anonymous_247)","line":1729,"loc":{"start":{"line":1729,"column":30},"end":{"line":1729,"column":41}}},"248":{"name":"(anonymous_248)","line":1733,"loc":{"start":{"line":1733,"column":26},"end":{"line":1733,"column":37}}},"249":{"name":"(anonymous_249)","line":1743,"loc":{"start":{"line":1743,"column":28},"end":{"line":1743,"column":46}}},"250":{"name":"(anonymous_250)","line":1762,"loc":{"start":{"line":1762,"column":17},"end":{"line":1762,"column":33}}},"251":{"name":"(anonymous_251)","line":1763,"loc":{"start":{"line":1763,"column":15},"end":{"line":1763,"column":26}}},"252":{"name":"(anonymous_252)","line":1770,"loc":{"start":{"line":1770,"column":16},"end":{"line":1770,"column":32}}},"253":{"name":"(anonymous_253)","line":1771,"loc":{"start":{"line":1771,"column":15},"end":{"line":1771,"column":26}}},"254":{"name":"(anonymous_254)","line":1778,"loc":{"start":{"line":1778,"column":25},"end":{"line":1778,"column":41}}},"255":{"name":"(anonymous_255)","line":1779,"loc":{"start":{"line":1779,"column":15},"end":{"line":1779,"column":26}}},"256":{"name":"(anonymous_256)","line":1785,"loc":{"start":{"line":1785,"column":38},"end":{"line":1785,"column":49}}},"257":{"name":"(anonymous_257)","line":1791,"loc":{"start":{"line":1791,"column":25},"end":{"line":1791,"column":41}}},"258":{"name":"(anonymous_258)","line":1792,"loc":{"start":{"line":1792,"column":15},"end":{"line":1792,"column":26}}},"259":{"name":"(anonymous_259)","line":1801,"loc":{"start":{"line":1801,"column":27},"end":{"line":1801,"column":45}}},"260":{"name":"(anonymous_260)","line":1814,"loc":{"start":{"line":1814,"column":20},"end":{"line":1814,"column":37}}},"261":{"name":"Template","line":1817,"loc":{"start":{"line":1817,"column":4},"end":{"line":1817,"column":24}}},"262":{"name":"(anonymous_262)","line":1827,"loc":{"start":{"line":1827,"column":30},"end":{"line":1827,"column":45}}},"263":{"name":"(anonymous_263)","line":1830,"loc":{"start":{"line":1830,"column":15},"end":{"line":1830,"column":31}}},"264":{"name":"(anonymous_264)","line":1831,"loc":{"start":{"line":1831,"column":15},"end":{"line":1831,"column":26}}},"265":{"name":"(anonymous_265)","line":1840,"loc":{"start":{"line":1840,"column":31},"end":{"line":1840,"column":59}}},"266":{"name":"(anonymous_266)","line":1850,"loc":{"start":{"line":1850,"column":16},"end":{"line":1850,"column":33}}},"267":{"name":"View","line":1853,"loc":{"start":{"line":1853,"column":4},"end":{"line":1853,"column":20}}},"268":{"name":"(anonymous_268)","line":1859,"loc":{"start":{"line":1859,"column":32},"end":{"line":1859,"column":50}}},"269":{"name":"(anonymous_269)","line":1866,"loc":{"start":{"line":1866,"column":37},"end":{"line":1866,"column":53}}},"270":{"name":"(anonymous_270)","line":1867,"loc":{"start":{"line":1867,"column":15},"end":{"line":1867,"column":29}}},"271":{"name":"(anonymous_271)","line":1875,"loc":{"start":{"line":1875,"column":28},"end":{"line":1875,"column":39}}},"272":{"name":"(anonymous_272)","line":1879,"loc":{"start":{"line":1879,"column":29},"end":{"line":1879,"column":44}}},"273":{"name":"(anonymous_273)","line":1888,"loc":{"start":{"line":1888,"column":18},"end":{"line":1888,"column":36}}},"274":{"name":"(anonymous_274)","line":1902,"loc":{"start":{"line":1902,"column":31},"end":{"line":1902,"column":49}}},"275":{"name":"(anonymous_275)","line":1917,"loc":{"start":{"line":1917,"column":24},"end":{"line":1917,"column":42}}}},"statementMap":{"1":{"start":{"line":1,"column":0},"end":{"line":1925,"column":14}},"2":{"start":{"line":2,"column":2},"end":{"line":6,"column":292}},"3":{"start":{"line":4,"column":47},"end":{"line":4,"column":140}},"4":{"start":{"line":4,"column":94},"end":{"line":4,"column":138}},"5":{"start":{"line":4,"column":129},"end":{"line":4,"column":138}},"6":{"start":{"line":4,"column":141},"end":{"line":4,"column":151}},"7":{"start":{"line":6,"column":42},"end":{"line":6,"column":128}},"8":{"start":{"line":6,"column":68},"end":{"line":6,"column":126}},"9":{"start":{"line":6,"column":101},"end":{"line":6,"column":126}},"10":{"start":{"line":6,"column":129},"end":{"line":6,"column":174}},"11":{"start":{"line":6,"column":147},"end":{"line":6,"column":172}},"12":{"start":{"line":6,"column":175},"end":{"line":6,"column":209}},"13":{"start":{"line":6,"column":210},"end":{"line":6,"column":239}},"14":{"start":{"line":6,"column":240},"end":{"line":6,"column":275}},"15":{"start":{"line":6,"column":276},"end":{"line":6,"column":289}},"16":{"start":{"line":8,"column":2},"end":{"line":17,"column":4}},"17":{"start":{"line":19,"column":2},"end":{"line":31,"column":4}},"18":{"start":{"line":20,"column":4},"end":{"line":20,"column":32}},"19":{"start":{"line":21,"column":4},"end":{"line":21,"column":13}},"20":{"start":{"line":22,"column":4},"end":{"line":24,"column":5}},"21":{"start":{"line":23,"column":6},"end":{"line":23,"column":18}},"22":{"start":{"line":25,"column":4},"end":{"line":29,"column":5}},"23":{"start":{"line":26,"column":6},"end":{"line":26,"column":34}},"24":{"start":{"line":27,"column":6},"end":{"line":27,"column":41}},"25":{"start":{"line":28,"column":6},"end":{"line":28,"column":25}},"26":{"start":{"line":30,"column":4},"end":{"line":30,"column":16}},"27":{"start":{"line":33,"column":2},"end":{"line":202,"column":4}},"28":{"start":{"line":36,"column":8},"end":{"line":38,"column":11}},"29":{"start":{"line":41,"column":8},"end":{"line":43,"column":11}},"30":{"start":{"line":46,"column":8},"end":{"line":46,"column":89}},"31":{"start":{"line":47,"column":8},"end":{"line":47,"column":33}},"32":{"start":{"line":48,"column":8},"end":{"line":48,"column":22}},"33":{"start":{"line":49,"column":8},"end":{"line":174,"column":9}},"34":{"start":{"line":50,"column":10},"end":{"line":50,"column":43}},"35":{"start":{"line":51,"column":10},"end":{"line":53,"column":11}},"36":{"start":{"line":52,"column":12},"end":{"line":52,"column":21}},"37":{"start":{"line":54,"column":10},"end":{"line":69,"column":11}},"38":{"start":{"line":55,"column":12},"end":{"line":55,"column":38}},"39":{"start":{"line":56,"column":12},"end":{"line":68,"column":13}},"40":{"start":{"line":57,"column":14},"end":{"line":57,"column":29}},"41":{"start":{"line":58,"column":14},"end":{"line":66,"column":15}},"42":{"start":{"line":59,"column":16},"end":{"line":65,"column":17}},"43":{"start":{"line":60,"column":18},"end":{"line":60,"column":30}},"44":{"start":{"line":61,"column":18},"end":{"line":64,"column":19}},"45":{"start":{"line":62,"column":20},"end":{"line":62,"column":28}},"46":{"start":{"line":63,"column":20},"end":{"line":63,"column":26}},"47":{"start":{"line":67,"column":14},"end":{"line":67,"column":53}},"48":{"start":{"line":70,"column":10},"end":{"line":70,"column":61}},"49":{"start":{"line":71,"column":10},"end":{"line":173,"column":25}},"50":{"start":{"line":72,"column":12},"end":{"line":72,"column":26}},"51":{"start":{"line":73,"column":12},"end":{"line":73,"column":27}},"52":{"start":{"line":74,"column":12},"end":{"line":171,"column":13}},"53":{"start":{"line":75,"column":14},"end":{"line":75,"column":38}},"54":{"start":{"line":76,"column":14},"end":{"line":78,"column":15}},"55":{"start":{"line":77,"column":16},"end":{"line":77,"column":28}},"56":{"start":{"line":79,"column":14},"end":{"line":170,"column":29}},"57":{"start":{"line":80,"column":16},"end":{"line":80,"column":41}},"58":{"start":{"line":81,"column":16},"end":{"line":81,"column":31}},"59":{"start":{"line":82,"column":16},"end":{"line":168,"column":17}},"60":{"start":{"line":83,"column":18},"end":{"line":83,"column":31}},"61":{"start":{"line":84,"column":18},"end":{"line":167,"column":37}},"62":{"start":{"line":85,"column":20},"end":{"line":166,"column":22}},"63":{"start":{"line":86,"column":22},"end":{"line":86,"column":89}},"64":{"start":{"line":87,"column":22},"end":{"line":165,"column":23}},"65":{"start":{"line":88,"column":24},"end":{"line":88,"column":51}},"66":{"start":{"line":89,"column":24},"end":{"line":100,"column":26}},"67":{"start":{"line":90,"column":26},"end":{"line":90,"column":40}},"68":{"start":{"line":91,"column":26},"end":{"line":91,"column":89}},"69":{"start":{"line":92,"column":26},"end":{"line":94,"column":27}},"70":{"start":{"line":93,"column":28},"end":{"line":93,"column":63}},"71":{"start":{"line":95,"column":26},"end":{"line":95,"column":64}},"72":{"start":{"line":96,"column":26},"end":{"line":98,"column":27}},"73":{"start":{"line":97,"column":28},"end":{"line":97,"column":63}},"74":{"start":{"line":99,"column":26},"end":{"line":99,"column":37}},"75":{"start":{"line":102,"column":24},"end":{"line":102,"column":161}},"76":{"start":{"line":103,"column":24},"end":{"line":103,"column":159}},"77":{"start":{"line":104,"column":24},"end":{"line":122,"column":25}},"78":{"start":{"line":105,"column":26},"end":{"line":105,"column":40}},"79":{"start":{"line":106,"column":26},"end":{"line":113,"column":28}},"80":{"start":{"line":107,"column":28},"end":{"line":107,"column":37}},"81":{"start":{"line":108,"column":28},"end":{"line":108,"column":91}},"82":{"start":{"line":109,"column":28},"end":{"line":111,"column":29}},"83":{"start":{"line":110,"column":30},"end":{"line":110,"column":53}},"84":{"start":{"line":112,"column":28},"end":{"line":112,"column":70}},"85":{"start":{"line":114,"column":31},"end":{"line":122,"column":25}},"86":{"start":{"line":115,"column":26},"end":{"line":115,"column":39}},"87":{"start":{"line":116,"column":26},"end":{"line":121,"column":28}},"88":{"start":{"line":117,"column":28},"end":{"line":117,"column":37}},"89":{"start":{"line":118,"column":28},"end":{"line":118,"column":91}},"90":{"start":{"line":119,"column":28},"end":{"line":119,"column":63}},"91":{"start":{"line":120,"column":28},"end":{"line":120,"column":82}},"92":{"start":{"line":123,"column":24},"end":{"line":164,"column":27}},"93":{"start":{"line":126,"column":28},"end":{"line":140,"column":31}},"94":{"start":{"line":129,"column":32},"end":{"line":129,"column":46}},"95":{"start":{"line":130,"column":32},"end":{"line":130,"column":95}},"96":{"start":{"line":131,"column":32},"end":{"line":133,"column":33}},"97":{"start":{"line":132,"column":34},"end":{"line":132,"column":59}},"98":{"start":{"line":134,"column":32},"end":{"line":134,"column":70}},"99":{"start":{"line":135,"column":32},"end":{"line":137,"column":33}},"100":{"start":{"line":136,"column":34},"end":{"line":136,"column":58}},"101":{"start":{"line":138,"column":32},"end":{"line":138,"column":43}},"102":{"start":{"line":143,"column":28},"end":{"line":143,"column":44}},"103":{"start":{"line":144,"column":28},"end":{"line":158,"column":30}},"104":{"start":{"line":145,"column":30},"end":{"line":145,"column":60}},"105":{"start":{"line":146,"column":30},"end":{"line":146,"column":93}},"106":{"start":{"line":147,"column":30},"end":{"line":149,"column":31}},"107":{"start":{"line":148,"column":32},"end":{"line":148,"column":57}},"108":{"start":{"line":150,"column":30},"end":{"line":150,"column":107}},"109":{"start":{"line":151,"column":30},"end":{"line":153,"column":31}},"110":{"start":{"line":152,"column":32},"end":{"line":152,"column":91}},"111":{"start":{"line":154,"column":30},"end":{"line":156,"column":31}},"112":{"start":{"line":155,"column":32},"end":{"line":155,"column":56}},"113":{"start":{"line":157,"column":30},"end":{"line":157,"column":41}},"114":{"start":{"line":159,"column":28},"end":{"line":159,"column":56}},"115":{"start":{"line":160,"column":28},"end":{"line":160,"column":54}},"116":{"start":{"line":161,"column":28},"end":{"line":161,"column":54}},"117":{"start":{"line":162,"column":28},"end":{"line":162,"column":47}},"118":{"start":{"line":169,"column":16},"end":{"line":169,"column":33}},"119":{"start":{"line":172,"column":12},"end":{"line":172,"column":29}},"120":{"start":{"line":175,"column":8},"end":{"line":175,"column":24}},"121":{"start":{"line":180,"column":8},"end":{"line":188,"column":9}},"122":{"start":{"line":181,"column":10},"end":{"line":185,"column":13}},"123":{"start":{"line":183,"column":14},"end":{"line":183,"column":58}},"124":{"start":{"line":187,"column":10},"end":{"line":187,"column":53}},"125":{"start":{"line":191,"column":8},"end":{"line":199,"column":9}},"126":{"start":{"line":192,"column":10},"end":{"line":196,"column":13}},"127":{"start":{"line":194,"column":14},"end":{"line":194,"column":57}},"128":{"start":{"line":198,"column":10},"end":{"line":198,"column":52}},"129":{"start":{"line":204,"column":2},"end":{"line":309,"column":4}},"130":{"start":{"line":213,"column":8},"end":{"line":213,"column":43}},"131":{"start":{"line":216,"column":8},"end":{"line":216,"column":42}},"132":{"start":{"line":217,"column":8},"end":{"line":217,"column":73}},"133":{"start":{"line":218,"column":8},"end":{"line":218,"column":41}},"134":{"start":{"line":219,"column":8},"end":{"line":226,"column":9}},"135":{"start":{"line":220,"column":10},"end":{"line":220,"column":29}},"136":{"start":{"line":221,"column":10},"end":{"line":225,"column":11}},"137":{"start":{"line":222,"column":12},"end":{"line":222,"column":32}},"138":{"start":{"line":224,"column":12},"end":{"line":224,"column":48}},"139":{"start":{"line":227,"column":8},"end":{"line":227,"column":68}},"140":{"start":{"line":228,"column":8},"end":{"line":228,"column":20}},"141":{"start":{"line":231,"column":8},"end":{"line":231,"column":25}},"142":{"start":{"line":232,"column":8},"end":{"line":232,"column":73}},"143":{"start":{"line":233,"column":8},"end":{"line":235,"column":9}},"144":{"start":{"line":234,"column":10},"end":{"line":234,"column":17}},"145":{"start":{"line":236,"column":8},"end":{"line":236,"column":48}},"146":{"start":{"line":237,"column":8},"end":{"line":237,"column":35}},"147":{"start":{"line":240,"column":8},"end":{"line":240,"column":25}},"148":{"start":{"line":241,"column":8},"end":{"line":241,"column":73}},"149":{"start":{"line":242,"column":8},"end":{"line":244,"column":9}},"150":{"start":{"line":243,"column":10},"end":{"line":243,"column":17}},"151":{"start":{"line":245,"column":8},"end":{"line":245,"column":48}},"152":{"start":{"line":246,"column":8},"end":{"line":246,"column":34}},"153":{"start":{"line":249,"column":8},"end":{"line":249,"column":25}},"154":{"start":{"line":250,"column":8},"end":{"line":250,"column":73}},"155":{"start":{"line":251,"column":8},"end":{"line":251,"column":48}},"156":{"start":{"line":252,"column":8},"end":{"line":252,"column":33}},"157":{"start":{"line":255,"column":8},"end":{"line":255,"column":25}},"158":{"start":{"line":256,"column":8},"end":{"line":256,"column":73}},"159":{"start":{"line":257,"column":8},"end":{"line":259,"column":9}},"160":{"start":{"line":258,"column":10},"end":{"line":258,"column":17}},"161":{"start":{"line":260,"column":8},"end":{"line":260,"column":48}},"162":{"start":{"line":261,"column":8},"end":{"line":261,"column":33}},"163":{"start":{"line":264,"column":8},"end":{"line":264,"column":49}},"164":{"start":{"line":265,"column":8},"end":{"line":306,"column":11}},"165":{"start":{"line":267,"column":12},"end":{"line":267,"column":60}},"166":{"start":{"line":268,"column":12},"end":{"line":268,"column":75}},"167":{"start":{"line":269,"column":12},"end":{"line":269,"column":109}},"168":{"start":{"line":270,"column":12},"end":{"line":274,"column":22}},"169":{"start":{"line":271,"column":14},"end":{"line":273,"column":16}},"170":{"start":{"line":272,"column":16},"end":{"line":272,"column":86}},"171":{"start":{"line":275,"column":12},"end":{"line":287,"column":26}},"172":{"start":{"line":276,"column":14},"end":{"line":276,"column":27}},"173":{"start":{"line":277,"column":14},"end":{"line":277,"column":28}},"174":{"start":{"line":278,"column":14},"end":{"line":285,"column":15}},"175":{"start":{"line":279,"column":16},"end":{"line":279,"column":34}},"176":{"start":{"line":280,"column":16},"end":{"line":284,"column":17}},"177":{"start":{"line":281,"column":18},"end":{"line":281,"column":37}},"178":{"start":{"line":283,"column":18},"end":{"line":283,"column":27}},"179":{"start":{"line":286,"column":14},"end":{"line":286,"column":30}},"180":{"start":{"line":288,"column":12},"end":{"line":288,"column":26}},"181":{"start":{"line":289,"column":12},"end":{"line":303,"column":13}},"182":{"start":{"line":290,"column":14},"end":{"line":290,"column":30}},"183":{"start":{"line":291,"column":14},"end":{"line":302,"column":29}},"184":{"start":{"line":292,"column":16},"end":{"line":301,"column":18}},"185":{"start":{"line":293,"column":18},"end":{"line":300,"column":21}},"186":{"start":{"line":296,"column":22},"end":{"line":296,"column":31}},"187":{"start":{"line":297,"column":22},"end":{"line":297,"column":85}},"188":{"start":{"line":298,"column":22},"end":{"line":298,"column":127}},"189":{"start":{"line":304,"column":12},"end":{"line":304,"column":28}},"190":{"start":{"line":311,"column":2},"end":{"line":441,"column":4}},"191":{"start":{"line":314,"column":6},"end":{"line":314,"column":34}},"192":{"start":{"line":315,"column":6},"end":{"line":321,"column":7}},"193":{"start":{"line":316,"column":8},"end":{"line":316,"column":38}},"194":{"start":{"line":317,"column":13},"end":{"line":321,"column":7}},"195":{"start":{"line":318,"column":8},"end":{"line":318,"column":15}},"196":{"start":{"line":320,"column":8},"end":{"line":320,"column":22}},"197":{"start":{"line":322,"column":6},"end":{"line":329,"column":7}},"198":{"start":{"line":323,"column":8},"end":{"line":323,"column":27}},"199":{"start":{"line":324,"column":8},"end":{"line":328,"column":9}},"200":{"start":{"line":325,"column":10},"end":{"line":327,"column":11}},"201":{"start":{"line":326,"column":12},"end":{"line":326,"column":40}},"202":{"start":{"line":330,"column":6},"end":{"line":330,"column":73}},"203":{"start":{"line":333,"column":6},"end":{"line":333,"column":34}},"204":{"start":{"line":334,"column":6},"end":{"line":340,"column":7}},"205":{"start":{"line":335,"column":8},"end":{"line":335,"column":35}},"206":{"start":{"line":336,"column":13},"end":{"line":340,"column":7}},"207":{"start":{"line":337,"column":8},"end":{"line":337,"column":15}},"208":{"start":{"line":339,"column":8},"end":{"line":339,"column":22}},"209":{"start":{"line":341,"column":6},"end":{"line":348,"column":7}},"210":{"start":{"line":342,"column":8},"end":{"line":342,"column":27}},"211":{"start":{"line":343,"column":8},"end":{"line":347,"column":9}},"212":{"start":{"line":344,"column":10},"end":{"line":346,"column":11}},"213":{"start":{"line":345,"column":12},"end":{"line":345,"column":30}},"214":{"start":{"line":349,"column":6},"end":{"line":349,"column":73}},"215":{"start":{"line":352,"column":6},"end":{"line":352,"column":72}},"216":{"start":{"line":353,"column":6},"end":{"line":353,"column":71}},"217":{"start":{"line":354,"column":6},"end":{"line":357,"column":7}},"218":{"start":{"line":355,"column":8},"end":{"line":355,"column":69}},"219":{"start":{"line":356,"column":8},"end":{"line":356,"column":42}},"220":{"start":{"line":358,"column":6},"end":{"line":373,"column":7}},"221":{"start":{"line":359,"column":8},"end":{"line":359,"column":27}},"222":{"start":{"line":360,"column":8},"end":{"line":362,"column":9}},"223":{"start":{"line":361,"column":10},"end":{"line":361,"column":19}},"224":{"start":{"line":363,"column":8},"end":{"line":365,"column":9}},"225":{"start":{"line":364,"column":10},"end":{"line":364,"column":43}},"226":{"start":{"line":366,"column":8},"end":{"line":366,"column":29}},"227":{"start":{"line":367,"column":8},"end":{"line":372,"column":9}},"228":{"start":{"line":368,"column":10},"end":{"line":368,"column":56}},"229":{"start":{"line":369,"column":10},"end":{"line":371,"column":11}},"230":{"start":{"line":370,"column":12},"end":{"line":370,"column":40}},"231":{"start":{"line":374,"column":6},"end":{"line":374,"column":35}},"232":{"start":{"line":375,"column":6},"end":{"line":383,"column":7}},"233":{"start":{"line":376,"column":8},"end":{"line":376,"column":26}},"234":{"start":{"line":377,"column":8},"end":{"line":382,"column":9}},"235":{"start":{"line":378,"column":10},"end":{"line":378,"column":56}},"236":{"start":{"line":379,"column":10},"end":{"line":381,"column":11}},"237":{"start":{"line":380,"column":12},"end":{"line":380,"column":40}},"238":{"start":{"line":384,"column":6},"end":{"line":384,"column":18}},"239":{"start":{"line":387,"column":6},"end":{"line":387,"column":72}},"240":{"start":{"line":388,"column":6},"end":{"line":388,"column":71}},"241":{"start":{"line":389,"column":6},"end":{"line":392,"column":7}},"242":{"start":{"line":390,"column":8},"end":{"line":390,"column":69}},"243":{"start":{"line":391,"column":8},"end":{"line":391,"column":42}},"244":{"start":{"line":393,"column":6},"end":{"line":408,"column":7}},"245":{"start":{"line":394,"column":8},"end":{"line":394,"column":27}},"246":{"start":{"line":395,"column":8},"end":{"line":397,"column":9}},"247":{"start":{"line":396,"column":10},"end":{"line":396,"column":19}},"248":{"start":{"line":398,"column":8},"end":{"line":400,"column":9}},"249":{"start":{"line":399,"column":10},"end":{"line":399,"column":43}},"250":{"start":{"line":401,"column":8},"end":{"line":401,"column":28}},"251":{"start":{"line":402,"column":8},"end":{"line":407,"column":9}},"252":{"start":{"line":403,"column":10},"end":{"line":403,"column":56}},"253":{"start":{"line":404,"column":10},"end":{"line":406,"column":11}},"254":{"start":{"line":405,"column":12},"end":{"line":405,"column":39}},"255":{"start":{"line":409,"column":6},"end":{"line":409,"column":35}},"256":{"start":{"line":410,"column":6},"end":{"line":418,"column":7}},"257":{"start":{"line":411,"column":8},"end":{"line":411,"column":26}},"258":{"start":{"line":412,"column":8},"end":{"line":417,"column":9}},"259":{"start":{"line":413,"column":10},"end":{"line":413,"column":56}},"260":{"start":{"line":414,"column":10},"end":{"line":416,"column":11}},"261":{"start":{"line":415,"column":12},"end":{"line":415,"column":39}},"262":{"start":{"line":419,"column":6},"end":{"line":419,"column":18}},"263":{"start":{"line":422,"column":6},"end":{"line":424,"column":7}},"264":{"start":{"line":423,"column":8},"end":{"line":423,"column":19}},"265":{"start":{"line":425,"column":6},"end":{"line":429,"column":7}},"266":{"start":{"line":426,"column":8},"end":{"line":426,"column":21}},"267":{"start":{"line":428,"column":8},"end":{"line":428,"column":20}},"268":{"start":{"line":432,"column":6},"end":{"line":432,"column":34}},"269":{"start":{"line":433,"column":6},"end":{"line":433,"column":71}},"270":{"start":{"line":434,"column":6},"end":{"line":438,"column":7}},"271":{"start":{"line":435,"column":8},"end":{"line":435,"column":27}},"272":{"start":{"line":436,"column":8},"end":{"line":436,"column":28}},"273":{"start":{"line":437,"column":8},"end":{"line":437,"column":27}},"274":{"start":{"line":439,"column":6},"end":{"line":439,"column":18}},"275":{"start":{"line":443,"column":2},"end":{"line":588,"column":4}},"276":{"start":{"line":446,"column":8},"end":{"line":446,"column":17}},"277":{"start":{"line":447,"column":8},"end":{"line":449,"column":9}},"278":{"start":{"line":448,"column":10},"end":{"line":448,"column":20}},"279":{"start":{"line":450,"column":8},"end":{"line":453,"column":9}},"280":{"start":{"line":451,"column":10},"end":{"line":451,"column":25}},"281":{"start":{"line":452,"column":10},"end":{"line":452,"column":36}},"282":{"start":{"line":454,"column":8},"end":{"line":456,"column":11}},"283":{"start":{"line":459,"column":8},"end":{"line":459,"column":17}},"284":{"start":{"line":460,"column":8},"end":{"line":462,"column":9}},"285":{"start":{"line":461,"column":10},"end":{"line":461,"column":20}},"286":{"start":{"line":463,"column":8},"end":{"line":466,"column":9}},"287":{"start":{"line":464,"column":10},"end":{"line":464,"column":25}},"288":{"start":{"line":465,"column":10},"end":{"line":465,"column":36}},"289":{"start":{"line":467,"column":8},"end":{"line":469,"column":11}},"290":{"start":{"line":472,"column":8},"end":{"line":472,"column":32}},"291":{"start":{"line":473,"column":8},"end":{"line":475,"column":9}},"292":{"start":{"line":474,"column":10},"end":{"line":474,"column":20}},"293":{"start":{"line":476,"column":8},"end":{"line":479,"column":9}},"294":{"start":{"line":477,"column":10},"end":{"line":477,"column":28}},"295":{"start":{"line":478,"column":10},"end":{"line":478,"column":39}},"296":{"start":{"line":480,"column":8},"end":{"line":480,"column":22}},"297":{"start":{"line":481,"column":8},"end":{"line":494,"column":9}},"298":{"start":{"line":482,"column":10},"end":{"line":482,"column":31}},"299":{"start":{"line":483,"column":10},"end":{"line":493,"column":29}},"300":{"start":{"line":484,"column":12},"end":{"line":492,"column":14}},"301":{"start":{"line":485,"column":14},"end":{"line":487,"column":17}},"302":{"start":{"line":486,"column":16},"end":{"line":486,"column":77}},"303":{"start":{"line":488,"column":14},"end":{"line":491,"column":17}},"304":{"start":{"line":489,"column":16},"end":{"line":489,"column":45}},"305":{"start":{"line":490,"column":16},"end":{"line":490,"column":53}},"306":{"start":{"line":495,"column":8},"end":{"line":495,"column":24}},"307":{"start":{"line":498,"column":8},"end":{"line":498,"column":48}},"308":{"start":{"line":499,"column":8},"end":{"line":499,"column":22}},"309":{"start":{"line":500,"column":8},"end":{"line":534,"column":9}},"310":{"start":{"line":501,"column":10},"end":{"line":501,"column":36}},"311":{"start":{"line":502,"column":10},"end":{"line":533,"column":11}},"312":{"start":{"line":503,"column":12},"end":{"line":532,"column":27}},"313":{"start":{"line":504,"column":14},"end":{"line":504,"column":28}},"314":{"start":{"line":505,"column":14},"end":{"line":505,"column":29}},"315":{"start":{"line":506,"column":14},"end":{"line":530,"column":15}},"316":{"start":{"line":507,"column":16},"end":{"line":507,"column":37}},"317":{"start":{"line":508,"column":16},"end":{"line":529,"column":35}},"318":{"start":{"line":509,"column":18},"end":{"line":528,"column":20}},"319":{"start":{"line":510,"column":20},"end":{"line":510,"column":28}},"320":{"start":{"line":511,"column":20},"end":{"line":513,"column":22}},"321":{"start":{"line":514,"column":20},"end":{"line":514,"column":49}},"322":{"start":{"line":515,"column":20},"end":{"line":515,"column":37}},"323":{"start":{"line":516,"column":20},"end":{"line":516,"column":40}},"324":{"start":{"line":517,"column":20},"end":{"line":526,"column":21}},"325":{"start":{"line":518,"column":22},"end":{"line":520,"column":24}},"326":{"start":{"line":519,"column":24},"end":{"line":519,"column":61}},"327":{"start":{"line":521,"column":27},"end":{"line":526,"column":21}},"328":{"start":{"line":522,"column":22},"end":{"line":525,"column":24}},"329":{"start":{"line":523,"column":24},"end":{"line":523,"column":35}},"330":{"start":{"line":524,"column":24},"end":{"line":524,"column":77}},"331":{"start":{"line":527,"column":20},"end":{"line":527,"column":77}},"332":{"start":{"line":531,"column":14},"end":{"line":531,"column":31}},"333":{"start":{"line":535,"column":8},"end":{"line":535,"column":24}},"334":{"start":{"line":540,"column":8},"end":{"line":540,"column":17}},"335":{"start":{"line":541,"column":8},"end":{"line":543,"column":9}},"336":{"start":{"line":542,"column":10},"end":{"line":542,"column":20}},"337":{"start":{"line":544,"column":8},"end":{"line":547,"column":9}},"338":{"start":{"line":545,"column":10},"end":{"line":545,"column":25}},"339":{"start":{"line":546,"column":10},"end":{"line":546,"column":36}},"340":{"start":{"line":548,"column":8},"end":{"line":552,"column":11}},"341":{"start":{"line":550,"column":12},"end":{"line":550,"column":40}},"342":{"start":{"line":555,"column":8},"end":{"line":555,"column":17}},"343":{"start":{"line":556,"column":8},"end":{"line":558,"column":9}},"344":{"start":{"line":557,"column":10},"end":{"line":557,"column":20}},"345":{"start":{"line":559,"column":8},"end":{"line":562,"column":9}},"346":{"start":{"line":560,"column":10},"end":{"line":560,"column":25}},"347":{"start":{"line":561,"column":10},"end":{"line":561,"column":36}},"348":{"start":{"line":563,"column":8},"end":{"line":567,"column":11}},"349":{"start":{"line":565,"column":12},"end":{"line":565,"column":40}},"350":{"start":{"line":570,"column":8},"end":{"line":570,"column":17}},"351":{"start":{"line":571,"column":8},"end":{"line":573,"column":9}},"352":{"start":{"line":572,"column":10},"end":{"line":572,"column":20}},"353":{"start":{"line":574,"column":8},"end":{"line":577,"column":9}},"354":{"start":{"line":575,"column":10},"end":{"line":575,"column":28}},"355":{"start":{"line":576,"column":10},"end":{"line":576,"column":39}},"356":{"start":{"line":578,"column":8},"end":{"line":582,"column":11}},"357":{"start":{"line":580,"column":12},"end":{"line":580,"column":41}},"358":{"start":{"line":585,"column":8},"end":{"line":585,"column":56}},"359":{"start":{"line":590,"column":2},"end":{"line":815,"column":35}},"360":{"start":{"line":591,"column":4},"end":{"line":591,"column":34}},"361":{"start":{"line":593,"column":4},"end":{"line":593,"column":40}},"362":{"start":{"line":595,"column":4},"end":{"line":595,"column":38}},"363":{"start":{"line":597,"column":4},"end":{"line":619,"column":5}},"364":{"start":{"line":598,"column":6},"end":{"line":600,"column":7}},"365":{"start":{"line":599,"column":8},"end":{"line":599,"column":20}},"366":{"start":{"line":601,"column":6},"end":{"line":603,"column":7}},"367":{"start":{"line":602,"column":8},"end":{"line":602,"column":21}},"368":{"start":{"line":604,"column":6},"end":{"line":604,"column":62}},"369":{"start":{"line":605,"column":6},"end":{"line":605,"column":50}},"370":{"start":{"line":606,"column":6},"end":{"line":606,"column":44}},"371":{"start":{"line":607,"column":6},"end":{"line":611,"column":16}},"372":{"start":{"line":608,"column":8},"end":{"line":610,"column":10}},"373":{"start":{"line":609,"column":10},"end":{"line":609,"column":38}},"374":{"start":{"line":612,"column":6},"end":{"line":617,"column":16}},"375":{"start":{"line":613,"column":8},"end":{"line":616,"column":10}},"376":{"start":{"line":614,"column":10},"end":{"line":614,"column":30}},"377":{"start":{"line":615,"column":10},"end":{"line":615,"column":45}},"378":{"start":{"line":618,"column":6},"end":{"line":618,"column":62}},"379":{"start":{"line":621,"column":4},"end":{"line":623,"column":6}},"380":{"start":{"line":622,"column":6},"end":{"line":622,"column":139}},"381":{"start":{"line":625,"column":4},"end":{"line":632,"column":6}},"382":{"start":{"line":626,"column":6},"end":{"line":626,"column":47}},"383":{"start":{"line":627,"column":6},"end":{"line":627,"column":177}},"384":{"start":{"line":628,"column":6},"end":{"line":628,"column":92}},"385":{"start":{"line":629,"column":6},"end":{"line":629,"column":126}},"386":{"start":{"line":630,"column":6},"end":{"line":630,"column":44}},"387":{"start":{"line":631,"column":6},"end":{"line":631,"column":17}},"388":{"start":{"line":634,"column":4},"end":{"line":690,"column":6}},"389":{"start":{"line":635,"column":6},"end":{"line":635,"column":50}},"390":{"start":{"line":636,"column":6},"end":{"line":638,"column":7}},"391":{"start":{"line":637,"column":8},"end":{"line":637,"column":21}},"392":{"start":{"line":639,"column":6},"end":{"line":647,"column":7}},"393":{"start":{"line":640,"column":8},"end":{"line":646,"column":9}},"394":{"start":{"line":641,"column":10},"end":{"line":641,"column":36}},"395":{"start":{"line":642,"column":15},"end":{"line":646,"column":9}},"396":{"start":{"line":643,"column":10},"end":{"line":643,"column":31}},"397":{"start":{"line":644,"column":10},"end":{"line":644,"column":29}},"398":{"start":{"line":645,"column":10},"end":{"line":645,"column":34}},"399":{"start":{"line":648,"column":6},"end":{"line":648,"column":59}},"400":{"start":{"line":649,"column":6},"end":{"line":649,"column":68}},"401":{"start":{"line":650,"column":6},"end":{"line":650,"column":26}},"402":{"start":{"line":651,"column":6},"end":{"line":651,"column":26}},"403":{"start":{"line":652,"column":6},"end":{"line":652,"column":27}},"404":{"start":{"line":653,"column":6},"end":{"line":660,"column":15}},"405":{"start":{"line":654,"column":8},"end":{"line":659,"column":10}},"406":{"start":{"line":655,"column":10},"end":{"line":655,"column":19}},"407":{"start":{"line":656,"column":10},"end":{"line":656,"column":73}},"408":{"start":{"line":657,"column":10},"end":{"line":657,"column":32}},"409":{"start":{"line":658,"column":10},"end":{"line":658,"column":56}},"410":{"start":{"line":661,"column":6},"end":{"line":668,"column":15}},"411":{"start":{"line":662,"column":8},"end":{"line":667,"column":10}},"412":{"start":{"line":663,"column":10},"end":{"line":663,"column":19}},"413":{"start":{"line":664,"column":10},"end":{"line":664,"column":73}},"414":{"start":{"line":665,"column":10},"end":{"line":665,"column":32}},"415":{"start":{"line":666,"column":10},"end":{"line":666,"column":55}},"416":{"start":{"line":669,"column":6},"end":{"line":681,"column":16}},"417":{"start":{"line":670,"column":8},"end":{"line":680,"column":10}},"418":{"start":{"line":671,"column":10},"end":{"line":671,"column":19}},"419":{"start":{"line":672,"column":10},"end":{"line":672,"column":73}},"420":{"start":{"line":673,"column":10},"end":{"line":679,"column":11}},"421":{"start":{"line":674,"column":12},"end":{"line":674,"column":45}},"422":{"start":{"line":676,"column":12},"end":{"line":678,"column":15}},"423":{"start":{"line":677,"column":14},"end":{"line":677,"column":47}},"424":{"start":{"line":682,"column":6},"end":{"line":688,"column":16}},"425":{"start":{"line":683,"column":8},"end":{"line":687,"column":10}},"426":{"start":{"line":684,"column":10},"end":{"line":684,"column":19}},"427":{"start":{"line":685,"column":10},"end":{"line":685,"column":73}},"428":{"start":{"line":686,"column":10},"end":{"line":686,"column":42}},"429":{"start":{"line":689,"column":6},"end":{"line":689,"column":51}},"430":{"start":{"line":692,"column":4},"end":{"line":696,"column":6}},"431":{"start":{"line":693,"column":6},"end":{"line":695,"column":9}},"432":{"start":{"line":698,"column":4},"end":{"line":786,"column":6}},"433":{"start":{"line":699,"column":6},"end":{"line":699,"column":54}},"434":{"start":{"line":700,"column":6},"end":{"line":702,"column":7}},"435":{"start":{"line":701,"column":8},"end":{"line":701,"column":67}},"436":{"start":{"line":703,"column":6},"end":{"line":785,"column":7}},"437":{"start":{"line":704,"column":8},"end":{"line":713,"column":10}},"438":{"start":{"line":705,"column":10},"end":{"line":705,"column":25}},"439":{"start":{"line":706,"column":10},"end":{"line":711,"column":11}},"440":{"start":{"line":707,"column":12},"end":{"line":707,"column":31}},"441":{"start":{"line":708,"column":12},"end":{"line":710,"column":13}},"442":{"start":{"line":709,"column":14},"end":{"line":709,"column":27}},"443":{"start":{"line":712,"column":10},"end":{"line":712,"column":22}},"444":{"start":{"line":714,"column":8},"end":{"line":722,"column":10}},"445":{"start":{"line":715,"column":10},"end":{"line":715,"column":35}},"446":{"start":{"line":716,"column":10},"end":{"line":716,"column":24}},"447":{"start":{"line":717,"column":10},"end":{"line":720,"column":11}},"448":{"start":{"line":718,"column":12},"end":{"line":718,"column":31}},"449":{"start":{"line":719,"column":12},"end":{"line":719,"column":49}},"450":{"start":{"line":721,"column":10},"end":{"line":721,"column":26}},"451":{"start":{"line":723,"column":8},"end":{"line":731,"column":10}},"452":{"start":{"line":724,"column":10},"end":{"line":724,"column":35}},"453":{"start":{"line":725,"column":10},"end":{"line":725,"column":24}},"454":{"start":{"line":726,"column":10},"end":{"line":729,"column":11}},"455":{"start":{"line":727,"column":12},"end":{"line":727,"column":31}},"456":{"start":{"line":728,"column":12},"end":{"line":728,"column":44}},"457":{"start":{"line":730,"column":10},"end":{"line":730,"column":26}},"458":{"start":{"line":732,"column":8},"end":{"line":736,"column":11}},"459":{"start":{"line":737,"column":13},"end":{"line":785,"column":7}},"460":{"start":{"line":738,"column":8},"end":{"line":738,"column":20}},"461":{"start":{"line":739,"column":8},"end"
[...]
"column":66},"end":{"line":874,"column":68}}]},"164":{"line":888,"type":"cond-expr","locations":[{"start":{"line":888,"column":37},"end":{"line":888,"column":63}},{"start":{"line":888,"column":66},"end":{"line":888,"column":68}}]},"165":{"line":914,"type":"if","locations":[{"start":{"line":914,"column":6},"end":{"line":914,"column":6}},{"start":{"line":914,"column":6},"end":{"line":914,"column":6}}]},"166":{"line":925,"type":"if","locations":[{"start":{"line":925,"column":10},"end":{"line":925,"column":10}},{"start":{"line":925,"column":10},"end":{"line":925,"column":10}}]},"167":{"line":932,"type":"if","locations":[{"start":{"line":932,"column":10},"end":{"line":932,"column":10}},{"start":{"line":932,"column":10},"end":{"line":932,"column":10}}]},"168":{"line":944,"type":"if","locations":[{"start":{"line":944,"column":10},"end":{"line":944,"column":10}},{"start":{"line":944,"column":10},"end":{"line":944,"column":10}}]},"169":{"line":953,"type":"if","locations":[{"start":{"line":953,"column":10},"end":{"line":953,"column":10}},{"start":{"line":953,"column":10},"end":{"line":953,"column":10}}]},"170":{"line":956,"type":"if","locations":[{"start":{"line":956,"column":10},"end":{"line":956,"column":10}},{"start":{"line":956,"column":10},"end":{"line":956,"column":10}}]},"171":{"line":966,"type":"if","locations":[{"start":{"line":966,"column":10},"end":{"line":966,"column":10}},{"start":{"line":966,"column":10},"end":{"line":966,"column":10}}]},"172":{"line":969,"type":"if","locations":[{"start":{"line":969,"column":10},"end":{"line":969,"column":10}},{"start":{"line":969,"column":10},"end":{"line":969,"column":10}}]},"173":{"line":972,"type":"if","locations":[{"start":{"line":972,"column":10},"end":{"line":972,"column":10}},{"start":{"line":972,"column":10},"end":{"line":972,"column":10}}]},"174":{"line":990,"type":"if","locations":[{"start":{"line":990,"column":6},"end":{"line":990,"column":6}},{"start":{"line":990,"column":6},"end":{"line":990,"column":6}}]},"175":{"line":993,"type":"if","locations":[{"start":{"line":993,"column":6},"end":{"line":993,"column":6}},{"start":{"line":993,"column":6},"end":{"line":993,"column":6}}]},"176":{"line":1007,"type":"binary-expr","locations":[{"start":{"line":1007,"column":6},"end":{"line":1007,"column":51}},{"start":{"line":1007,"column":56},"end":{"line":1007,"column":72}}]},"177":{"line":1013,"type":"binary-expr","locations":[{"start":{"line":1013,"column":6},"end":{"line":1013,"column":51}},{"start":{"line":1013,"column":56},"end":{"line":1013,"column":72}}]},"178":{"line":1018,"type":"if","locations":[{"start":{"line":1018,"column":6},"end":{"line":1018,"column":6}},{"start":{"line":1018,"column":6},"end":{"line":1018,"column":6}}]},"179":{"line":1021,"type":"binary-expr","locations":[{"start":{"line":1021,"column":6},"end":{"line":1021,"column":16}},{"start":{"line":1021,"column":21},"end":{"line":1021,"column":50}}]},"180":{"line":1035,"type":"if","locations":[{"start":{"line":1035,"column":6},"end":{"line":1035,"column":6}},{"start":{"line":1035,"column":6},"end":{"line":1035,"column":6}}]},"181":{"line":1039,"type":"if","locations":[{"start":{"line":1039,"column":6},"end":{"line":1039,"column":6}},{"start":{"line":1039,"column":6},"end":{"line":1039,"column":6}}]},"182":{"line":1064,"type":"if","locations":[{"start":{"line":1064,"column":6},"end":{"line":1064,"column":6}},{"start":{"line":1064,"column":6},"end":{"line":1064,"column":6}}]},"183":{"line":1070,"type":"if","locations":[{"start":{"line":1070,"column":6},"end":{"line":1070,"column":6}},{"start":{"line":1070,"column":6},"end":{"line":1070,"column":6}}]},"184":{"line":1085,"type":"if","locations":[{"start":{"line":1085,"column":12},"end":{"line":1085,"column":12}},{"start":{"line":1085,"column":12},"end":{"line":1085,"column":12}}]},"185":{"line":1085,"type":"binary-expr","locations":[{"start":{"line":1085,"column":17},"end":{"line":1085,"column":32}},{"start":{"line":1085,"column":38},"end":{"line":1085,"column":81}}]},"186":{"line":1096,"type":"if","locations":[{"start":{"line":1096,"column":8},"end":{"line":1096,"column":8}},{"start":{"line":1096,"column":8},"end":{"line":1096,"column":8}}]},"187":{"line":1096,"type":"cond-expr","locations":[{"start":{"line":1096,"column":42},"end":{"line":1096,"column":52}},{"start":{"line":1096,"column":55},"end":{"line":1096,"column":61}}]},"188":{"line":1105,"type":"binary-expr","locations":[{"start":{"line":1105,"column":15},"end":{"line":1105,"column":33}},{"start":{"line":1105,"column":37},"end":{"line":1107,"column":10}}]},"189":{"line":1119,"type":"if","locations":[{"start":{"line":1119,"column":16},"end":{"line":1119,"column":16}},{"start":{"line":1119,"column":16},"end":{"line":1119,"column":16}}]},"190":{"line":1169,"type":"if","locations":[{"start":{"line":1169,"column":10},"end":{"line":1169,"column":10}},{"start":{"line":1169,"column":10},"end":{"line":1169,"column":10}}]},"191":{"line":1173,"type":"if","locations":[{"start":{"line":1173,"column":10},"end":{"line":1173,"column":10}},{"start":{"line":1173,"column":10},"end":{"line":1173,"column":10}}]},"192":{"line":1203,"type":"if","locations":[{"start":{"line":1203,"column":6},"end":{"line":1203,"column":6}},{"start":{"line":1203,"column":6},"end":{"line":1203,"column":6}}]},"193":{"line":1215,"type":"if","locations":[{"start":{"line":1215,"column":14},"end":{"line":1215,"column":14}},{"start":{"line":1215,"column":14},"end":{"line":1215,"column":14}}]},"194":{"line":1261,"type":"if","locations":[{"start":{"line":1261,"column":6},"end":{"line":1261,"column":6}},{"start":{"line":1261,"column":6},"end":{"line":1261,"column":6}}]},"195":{"line":1285,"type":"if","locations":[{"start":{"line":1285,"column":8},"end":{"line":1285,"column":8}},{"start":{"line":1285,"column":8},"end":{"line":1285,"column":8}}]},"196":{"line":1289,"type":"binary-expr","locations":[{"start":{"line":1289,"column":46},"end":{"line":1289,"column":52}},{"start":{"line":1289,"column":56},"end":{"line":1289,"column":60}}]},"197":{"line":1294,"type":"binary-expr","locations":[{"start":{"line":1294,"column":31},"end":{"line":1294,"column":37}},{"start":{"line":1294,"column":41},"end":{"line":1296,"column":12}},{"start":{"line":1296,"column":17},"end":{"line":1299,"column":12}},{"start":{"line":1299,"column":16},"end":{"line":1301,"column":12}}]},"198":{"line":1302,"type":"if","locations":[{"start":{"line":1302,"column":10},"end":{"line":1302,"column":10}},{"start":{"line":1302,"column":10},"end":{"line":1302,"column":10}}]},"199":{"line":1359,"type":"if","locations":[{"start":{"line":1359,"column":6},"end":{"line":1359,"column":6}},{"start":{"line":1359,"column":6},"end":{"line":1359,"column":6}}]},"200":{"line":1376,"type":"switch","locations":[{"start":{"line":1377,"column":8},"end":{"line":1385,"column":16}},{"start":{"line":1386,"column":8},"end":{"line":1396,"column":16}},{"start":{"line":1397,"column":8},"end":{"line":1406,"column":11}}]},"201":{"line":1380,"type":"binary-expr","locations":[{"start":{"line":1380,"column":24},"end":{"line":1380,"column":46}},{"start":{"line":1380,"column":50},"end":{"line":1380,"column":144}}]},"202":{"line":1380,"type":"binary-expr","locations":[{"start":{"line":1380,"column":73},"end":{"line":1380,"column":86}},{"start":{"line":1380,"column":90},"end":{"line":1380,"column":143}}]},"203":{"line":1382,"type":"if","locations":[{"start":{"line":1382,"column":10},"end":{"line":1382,"column":10}},{"start":{"line":1382,"column":10},"end":{"line":1382,"column":10}}]},"204":{"line":1389,"type":"binary-expr","locations":[{"start":{"line":1389,"column":24},"end":{"line":1389,"column":46}},{"start":{"line":1389,"column":50},"end":{"line":1389,"column":148}}]},"205":{"line":1389,"type":"binary-expr","locations":[{"start":{"line":1389,"column":73},"end":{"line":1389,"column":88}},{"start":{"line":1389,"column":92},"end":{"line":1389,"column":147}}]},"206":{"line":1391,"type":"binary-expr","locations":[{"start":{"line":1391,"column":20},"end":{"line":1391,"column":38}},{"start":{"line":1391,"column":42},"end":{"line":1391,"column":58}}]},"207":{"line":1393,"type":"if","locations":[{"start":{"line":1393,"column":10},"end":{"line":1393,"column":10}},{"start":{"line":1393,"column":10},"end":{"line":1393,"column":10}}]},"208":{"line":1400,"type":"binary-expr","locations":[{"start":{"line":1400,"column":24},"end":{"line":1400,"column":46}},{"start":{"line":1400,"column":50},"end":{"line":1400,"column":148}}]},"209":{"line":1400,"type":"binary-expr","locations":[{"start":{"line":1400,"column":73},"end":{"line":1400,"column":88}},{"start":{"line":1400,"column":92},"end":{"line":1400,"column":147}}]},"210":{"line":1402,"type":"binary-expr","locations":[{"start":{"line":1402,"column":20},"end":{"line":1402,"column":38}},{"start":{"line":1402,"column":42},"end":{"line":1402,"column":58}}]},"211":{"line":1404,"type":"if","locations":[{"start":{"line":1404,"column":10},"end":{"line":1404,"column":10}},{"start":{"line":1404,"column":10},"end":{"line":1404,"column":10}}]},"212":{"line":1425,"type":"if","locations":[{"start":{"line":1425,"column":8},"end":{"line":1425,"column":8}},{"start":{"line":1425,"column":8},"end":{"line":1425,"column":8}}]},"213":{"line":1456,"type":"if","locations":[{"start":{"line":1456,"column":8},"end":{"line":1456,"column":8}},{"start":{"line":1456,"column":8},"end":{"line":1456,"column":8}}]},"214":{"line":1468,"type":"if","locations":[{"start":{"line":1468,"column":8},"end":{"line":1468,"column":8}},{"start":{"line":1468,"column":8},"end":{"line":1468,"column":8}}]},"215":{"line":1468,"type":"cond-expr","locations":[{"start":{"line":1468,"column":52},"end":{"line":1468,"column":69}},{"start":{"line":1468,"column":72},"end":{"line":1468,"column":78}}]},"216":{"line":1530,"type":"if","locations":[{"start":{"line":1530,"column":8},"end":{"line":1530,"column":8}},{"start":{"line":1530,"column":8},"end":{"line":1530,"column":8}}]},"217":{"line":1530,"type":"binary-expr","locations":[{"start":{"line":1530,"column":15},"end":{"line":1530,"column":31}},{"start":{"line":1530,"column":37},"end":{"line":1530,"column":56}}]},"218":{"line":1533,"type":"cond-expr","locations":[{"start":{"line":1533,"column":104},"end":{"line":1533,"column":108}},{"start":{"line":1533,"column":111},"end":{"line":1533,"column":125}}]},"219":{"line":1533,"type":"cond-expr","locations":[{"start":{"line":1533,"column":67},"end":{"line":1533,"column":83}},{"start":{"line":1533,"column":86},"end":{"line":1533,"column":92}}]},"220":{"line":1535,"type":"if","locations":[{"start":{"line":1535,"column":8},"end":{"line":1535,"column":8}},{"start":{"line":1535,"column":8},"end":{"line":1535,"column":8}}]},"221":{"line":1549,"type":"cond-expr","locations":[{"start":{"line":1549,"column":104},"end":{"line":1549,"column":108}},{"start":{"line":1549,"column":111},"end":{"line":1549,"column":125}}]},"222":{"line":1549,"type":"cond-expr","locations":[{"start":{"line":1549,"column":67},"end":{"line":1549,"column":83}},{"start":{"line":1549,"column":86},"end":{"line":1549,"column":92}}]},"223":{"line":1550,"type":"if","locations":[{"start":{"line":1550,"column":8},"end":{"line":1550,"column":8}},{"start":{"line":1550,"column":8},"end":{"line":1550,"column":8}}]},"224":{"line":1552,"type":"if","locations":[{"start":{"line":1552,"column":10},"end":{"line":1552,"column":10}},{"start":{"line":1552,"column":10},"end":{"line":1552,"column":10}}]},"225":{"line":1556,"type":"if","locations":[{"start":{"line":1556,"column":10},"end":{"line":1556,"column":10}},{"start":{"line":1556,"column":10},"end":{"line":1556,"column":10}}]},"226":{"line":1562,"type":"if","locations":[{"start":{"line":1562,"column":10},"end":{"line":1562,"column":10}},{"start":{"line":1562,"column":10},"end":{"line":1562,"column":10}}]},"227":{"line":1593,"type":"cond-expr","locations":[{"start":{"line":1593,"column":99},"end":{"line":1593,"column":103}},{"start":{"line":1593,"column":106},"end":{"line":1593,"column":118}}]},"228":{"line":1593,"type":"cond-expr","locations":[{"start":{"line":1593,"column":64},"end":{"line":1593,"column":78}},{"start":{"line":1593,"column":81},"end":{"line":1593,"column":87}}]},"229":{"line":1599,"type":"cond-expr","locations":[{"start":{"line":1599,"column":106},"end":{"line":1599,"column":110}},{"start":{"line":1599,"column":113},"end":{"line":1599,"column":127}}]},"230":{"line":1599,"type":"cond-expr","locations":[{"start":{"line":1599,"column":69},"end":{"line":1599,"column":85}},{"start":{"line":1599,"column":88},"end":{"line":1599,"column":94}}]},"231":{"line":1620,"type":"if","locations":[{"start":{"line":1620,"column":16},"end":{"line":1620,"column":16}},{"start":{"line":1620,"column":16},"end":{"line":1620,"column":16}}]},"232":{"line":1627,"type":"switch","locations":[{"start":{"line":1628,"column":22},"end":{"line":1630,"column":30}},{"start":{"line":1631,"column":22},"end":{"line":1633,"column":30}},{"start":{"line":1634,"column":22},"end":{"line":1635,"column":43}}]},"233":{"line":1642,"type":"binary-expr","locations":[{"start":{"line":1642,"column":24},"end":{"line":1642,"column":58}},{"start":{"line":1642,"column":62},"end":{"line":1642,"column":64}}]},"234":{"line":1646,"type":"if","locations":[{"start":{"line":1646,"column":14},"end":{"line":1646,"column":14}},{"start":{"line":1646,"column":14},"end":{"line":1646,"column":14}}]},"235":{"line":1647,"type":"if","locations":[{"start":{"line":1647,"column":16},"end":{"line":1647,"column":16}},{"start":{"line":1647,"column":16},"end":{"line":1647,"column":16}}]},"236":{"line":1665,"type":"if","locations":[{"start":{"line":1665,"column":14},"end":{"line":1665,"column":14}},{"start":{"line":1665,"column":14},"end":{"line":1665,"column":14}}]},"237":{"line":1707,"type":"if","locations":[{"start":{"line":1707,"column":6},"end":{"line":1707,"column":6}},{"start":{"line":1707,"column":6},"end":{"line":1707,"column":6}}]},"238":{"line":1710,"type":"if","locations":[{"start":{"line":1710,"column":6},"end":{"line":1710,"column":6}},{"start":{"line":1710,"column":6},"end":{"line":1710,"column":6}}]},"239":{"line":1713,"type":"binary-expr","locations":[{"start":{"line":1713,"column":20},"end":{"line":1713,"column":34}},{"start":{"line":1713,"column":38},"end":{"line":1713,"column":49}},{"start":{"line":1713,"column":54},"end":{"line":1713,"column":109}}]},"240":{"line":1713,"type":"cond-expr","locations":[{"start":{"line":1713,"column":89},"end":{"line":1713,"column":100}},{"start":{"line":1713,"column":103},"end":{"line":1713,"column":109}}]},"241":{"line":1714,"type":"binary-expr","locations":[{"start":{"line":1714,"column":20},"end":{"line":1714,"column":34}},{"start":{"line":1714,"column":38},"end":{"line":1714,"column":43}}]},"242":{"line":1730,"type":"binary-expr","locations":[{"start":{"line":1730,"column":34},"end":{"line":1730,"column":55}},{"start":{"line":1730,"column":59},"end":{"line":1730,"column":120}}]},"243":{"line":1735,"type":"binary-expr","locations":[{"start":{"line":1735,"column":14},"end":{"line":1735,"column":106}},{"start":{"line":1735,"column":112},"end":{"line":1735,"column":162}},{"start":{"line":1735,"column":167},"end":{"line":1735,"column":183}}]},"244":{"line":1735,"type":"cond-expr","locations":[{"start":{"line":1735,"column":45},"end":{"line":1735,"column":97}},{"start":{"line":1735,"column":100},"end":{"line":1735,"column":106}}]},"245":{"line":1735,"type":"cond-expr","locations":[{"start":{"line":1735,"column":78},"end":{"line":1735,"column":88}},{"start":{"line":1735,"column":91},"end":{"line":1735,"column":97}}]},"246":{"line":1735,"type":"cond-expr","locations":[{"start":{"line":1735,"column":144},"end":{"line":1735,"column":153}},{"start":{"line":1735,"column":156},"end":{"line":1735,"column":162}}]},"247":{"line":1736,"type":"binary-expr","locations":[{"start":{"line":1736,"column":14},"end":{"line":1736,"column":74}},{"start":{"line":1736,"column":79},"end":{"line":1736,"column":91}}]},"248":{"line":1736,"type":"cond-expr","locations":[{"start":{"line":1736,"column":51},"end":{"line":1736,"column":65}},{"start":{"line":1736,"column":68},"end":{"line":1736,"column":74}}]},"249":{"line":1737,"type":"cond-expr","locations":[{"start":{"line":1737,"column":21},"end":{"line":1737,"column":34}},{"start":{"line":1737,"column":37},"end":{"line":1737,"column":39}}]},"250":{"line":1738,"type":"cond-expr","locations":[{"start":{"line":1738,"column":37},"end":{"line":1738,"column":120}},{"start":{"line":1738,"column":123},"end":{"line":1738,"column":125}}]},"251":{"line":1738,"type":"binary-expr","locations":[{"start":{"line":1738,"column":45},"end":{"line":1738,"column":103}},{"start":{"line":1738,"column":108},"end":{"line":1738,"column":119}}]},"252":{"line":1738,"type":"cond-expr","locations":[{"start":{"line":1738,"column":81},"end":{"line":1738,"column":94}},{"start":{"line":1738,"column":97},"end":{"line":1738,"column":103}}]},"253":{"line":1745,"type":"if","locations":[{"start":{"line":1745,"column":6},"end":{"line":1745,"column":6}},{"start":{"line":1745,"column":6},"end":{"line":1745,"column":6}}]},"254":{"line":1748,"type":"if","locations":[{"start":{"line":1748,"column":6},"end":{"line":1748,"column":6}},{"start":{"line":1748,"column":6},"end":{"line":1748,"column":6}}]},"255":{"line":1749,"type":"if","locations":[{"start":{"line":1749,"column":8},"end":{"line":1749,"column":8}},{"start":{"line":1749,"column":8},"end":{"line":1749,"column":8}}]},"256":{"line":1751,"type":"if","locations":[{"start":{"line":1751,"column":15},"end":{"line":1751,"column":15}},{"start":{"line":1751,"column":15},"end":{"line":1751,"column":15}}]},"257":{"line":1757,"type":"binary-expr","locations":[{"start":{"line":1757,"column":6},"end":{"line":1757,"column":22}},{"start":{"line":1757,"column":27},"end":{"line":1757,"column":57}}]},"258":{"line":1765,"type":"cond-expr","locations":[{"start":{"line":1765,"column":41},"end":{"line":1765,"column":67}},{"start":{"line":1765,"column":70},"end":{"line":1765,"column":72}}]},"259":{"line":1773,"type":"cond-expr","locations":[{"start":{"line":1773,"column":41},"end":{"line":1773,"column":67}},{"start":{"line":1773,"column":70},"end":{"line":1773,"column":72}}]},"260":{"line":1781,"type":"cond-expr","locations":[{"start":{"line":1781,"column":41},"end":{"line":1781,"column":67}},{"start":{"line":1781,"column":70},"end":{"line":1781,"column":72}}]},"261":{"line":1782,"type":"if","locations":[{"start":{"line":1782,"column":10},"end":{"line":1782,"column":10}},{"start":{"line":1782,"column":10},"end":{"line":1782,"column":10}}]},"262":{"line":1794,"type":"cond-expr","locations":[{"start":{"line":1794,"column":41},"end":{"line":1794,"column":67}},{"start":{"line":1794,"column":70},"end":{"line":1794,"column":72}}]},"263":{"line":1802,"type":"if","locations":[{"start":{"line":1802,"column":6},"end":{"line":1802,"column":6}},{"start":{"line":1802,"column":6},"end":{"line":1802,"column":6}}]},"264":{"line":1860,"type":"if","locations":[{"start":{"line":1860,"column":6},"end":{"line":1860,"column":6}},{"start":{"line":1860,"column":6},"end":{"line":1860,"column":6}}]},"265":{"line":1863,"type":"if","locations":[{"start":{"line":1863,"column":6},"end":{"line":1863,"column":6}},{"start":{"line":1863,"column":6},"end":{"line":1863,"column":6}}]},"266":{"line":1904,"type":"if","locations":[{"start":{"line":1904,"column":6},"end":{"line":1904,"column":6}},{"start":{"line":1904,"column":6},"end":{"line":1904,"column":6}}]},"267":{"line":1914,"type":"if","locations":[{"start":{"line":1914,"column":2},"end":{"line":1914,"column":2}},{"start":{"line":1914,"column":2},"end":{"line":1914,"column":2}}]},"268":{"line":1916,"type":"if","locations":[{"start":{"line":1916,"column":9},"end":{"line":1916,"column":9}},{"start":{"line":1916,"column":9},"end":{"line":1916,"column":9}}]},"269":{"line":1916,"type":"binary-expr","locations":[{"start":{"line":1916,"column":13},"end":{"line":1916,"column":41}},{"start":{"line":1916,"column":45},"end":{"line":1916,"column":55}}]}}}}