{"build/tails.js":{"path":"build/tails.js","s":{"1":1,"2":1,"3":0,"4":0,"5":0,"6":0,"7":13,"8":134,"9":121,"10":1,"11":13,"12":13,"13":13,"14":13,"15":13,"16":1,"17":1,"18":8,"19":8,"20":8,"21":0,"22":8,"23":214,"24":214,"25":214,"26":8,"27":1,"28":54,"29":1843,"30":1897,"31":1897,"32":1897,"33":1897,"34":1897,"35":1897,"36":0,"37":1897,"38":1806,"39":1806,"40":1808,"41":1808,"42":2,"43":16,"44":16,"45":2,"46":2,"47":1808,"48":1897,"49":1897,"50":1897,"51":1897,"52":1897,"53":1899,"54":1899,"55":1893,"56":1899,"57":1899,"58":1899,"59":1899,"60":1905,"61":1905,"62":1905,"63":1905,"64":1905,"65":306,"66":306,"67":208,"68":208,"69":208,"70":8,"71":208,"72":208,"73":200,"74":208,"75":1599,"76":1599,"77":1599,"78":50,"79":50,"80":93,"81":93,"82":93,"83":12,"84":93,"85":1549,"86":1549,"87":1549,"88":1328,"89":1328,"90":1328,"91":1327,"92":1599,"93":5,"94":48,"95":48,"96":48,"97":18,"98":48,"99":48,"100":45,"101":48,"102":1787,"103":1787,"104":1257,"105":1257,"106":1257,"107":63,"108":1257,"109":1257,"110":1209,"111":1257,"112":1236,"113":1256,"114":1787,"115":1787,"116":1787,"117":1787,"118":1899,"119":1897,"120":1897,"121":54,"122":4,"123":4,"124":50,"125":39,"126":4,"127":4,"128":35,"129":1,"130":0,"131":0,"132":0,"133":0,"134":0,"135":0,"136":0,"137":0,"138":0,"139":0,"140":0,"141":0,"142":0,"143":0,"144":0,"145":0,"146":0,"147":0,"148":0,"149":0,"150":0,"151":0,"152":0,"153":0,"154":0,"155":0,"156":0,"157":1349,"158":1349,"159":1349,"160":1349,"161":0,"162":0,"163":1,"164":1,"165":41,"166":41,"167":41,"168":41,"169":41,"170":1,"171":41,"172":41,"173":41,"174":41,"175":2665,"176":2665,"177":1804,"178":861,"179":41,"180":41,"181":41,"182":1804,"183":1804,"184":1804,"185":1804,"186":1307,"187":1307,"188":1307,"189":41,"190":1,"191":274,"192":274,"193":157,"194":117,"195":7,"196":110,"197":267,"198":498,"199":498,"200":341,"201":341,"202":267,"203":267,"204":267,"205":140,"206":127,"207":23,"208":104,"209":244,"210":577,"211":577,"212":399,"213":399,"214":244,"215":186,"216":186,"217":186,"218":55,"219":55,"220":186,"221":189,"222":189,"223":49,"224":140,"225":140,"226":140,"227":140,"228":40,"229":40,"230":39,"231":186,"232":186,"233":486,"234":486,"235":96,"236":96,"237":95,"238":186,"239":186,"240":186,"241":186,"242":55,"243":55,"244":186,"245":189,"246":189,"247":49,"248":140,"249":140,"250":140,"251":140,"252":40,"253":40,"254":39,"255":186,"256":186,"257":551,"258":551,"259":89,"260":89,"261":88,"262":186,"263":235,"264":3,"265":235,"266":21,"267":214,"268":178,"269":178,"270":178,"271":178,"272":178,"273":178,"274":178,"275":1,"276":135,"277":135,"278":81,"279":135,"280":54,"281":54,"282":135,"283":94,"284":94,"285":40,"286":94,"287":54,"288":54,"289":94,"290":13,"291":13,"292":13,"293":13,"294":0,"295":0,"296":13,"297":13,"298":13,"299":13,"300":13,"301":13,"302":13,"303":13,"304":13,"305":13,"306":13,"307":229,"308":229,"309":229,"310":229,"311":229,"312":229,"313":229,"314":229,"315":229,"316":231,"317":231,"318":231,"319":231,"320":231,"321":231,"322":231,"323":231,"324":231,"325":136,"326":237,"327":95,"328":95,"329":34,"330":34,"331":231,"332":229,"333":229,"334":9,"335":9,"336":9,"337":9,"338":0,"339":0,"340":9,"341":12,"342":9,"343":9,"344":9,"345":9,"346":0,"347":0,"348":9,"349":12,"350":1,"351":1,"352":1,"353":1,"354":0,"355":0,"356":1,"357":1,"358":32,"359":1,"360":1,"361":1,"362":1,"363":1,"364":246,"365":59,"366":246,"367":4,"368":246,"369":246,"370":246,"371":1,"372":0,"373":1,"374":0,"375":0,"376":0,"377":0,"378":0,"379":0,"380":1,"381":0,"382":0,"383":0,"384":1,"385":8,"386":1,"387":109,"388":109,"389":13,"390":96,"391":67,"392":1986,"393":1986,"394":1986,"395":1986,"396":1905,"397":81,"398":67,"399":5,"400":5,"401":5,"402":5,"403":5,"404":5,"405":67,"406":3,"407":3,"408":3,"409":3,"410":3,"411":3,"412":67,"413":29,"414":29,"415":29,"416":29,"417":23,"418":23,"419":23,"420":29,"421":2,"422":17,"423":17,"424":29,"425":1,"426":8,"427":29,"428":1,"429":7,"430":29,"431":1,"432":8,"433":29,"434":1,"435":7,"436":29,"437":1,"438":31,"439":1,"440":1,"441":1,"442":1,"443":1,"444":1,"445":1,"446":1,"447":0,"448":0,"449":1,"450":1,"451":1,"452":1,"453":1,"454":1,"455":1,"456":1,"457":32,"458":0,"459":32,"460":32,"461":32,"462":32,"463":32,"464":32,"465":40,"466":32,"467":32,"468":0,"469":0,"470":0,"471":0,"472":0,"473":0,"474":0,"475":32,"476":32,"477":24,"478":24,"479":24,"480":24,"481":24,"482":32,"483":32,"484":1,"485":1,"486":1,"487":1,"488":1,"489":1,"490":5,"491":1,"492":0,"493":0,"494":0,"495":1,"496":1,"497":1,"498":1,"499":1,"500":0,"501":0,"502":0,"503":1,"504":5,"505":5,"506":5,"507":5,"508":5,"509":5,"510":9,"511":9,"512":5,"513":1,"514":1,"515":1,"516":1,"517":76,"518":1,"519":76,"520":76,"521":76,"522":76,"523":76,"524":76,"525":76,"526":76,"527":701,"528":49,"529":76,"530":76,"531":1227,"532":15,"533":76,"534":76,"535":0,"536":76,"537":76,"538":56,"539":15,"540":41,"541":76,"542":76,"543":41,"544":32,"545":9,"546":4,"547":4,"548":5,"549":5,"550":76,"551":76,"552":23,"553":0,"554":23,"555":16,"556":7,"557":4,"558":4,"559":3,"560":1,"561":1,"562":1,"563":1,"564":3,"565":3,"566":2,"567":3,"568":3,"569":3,"570":3,"571":3,"572":3,"573":2,"574":2,"575":1,"576":5,"577":5,"578":5,"579":1,"580":2,"581":2,"582":2,"583":1,"584":4,"585":0,"586":4,"587":4,"588":4,"589":4,"590":2,"591":4,"592":4,"593":4,"594":1,"595":0,"596":0,"597":0,"598":0,"599":0,"600":0,"601":0,"602":0,"603":0,"604":0,"605":0,"606":0,"607":1,"608":1,"609":1,"610":1,"611":3,"612":1,"613":5,"614":4,"615":1,"616":2,"617":1,"618":1,"619":1,"620":26,"621":26,"622":132,"623":1,"624":131,"625":321,"626":321,"627":55,"628":55,"629":321,"630":1,"631":2,"632":201,"633":3,"634":3,"635":0,"636":0,"637":1,"638":1,"639":1,"640":41,"641":1,"642":1,"643":1,"644":1,"645":1,"646":1,"647":1,"648":1,"649":20,"650":1,"651":20,"652":20,"653":20,"654":20,"655":20,"656":20,"657":35,"658":20,"659":11,"660":0,"661":0,"662":11,"663":1,"664":1,"665":1,"666":1,"667":11,"668":20,"669":1,"670":1,"671":1,"672":1,"673":8,"674":1,"675":8,"676":8,"677":8,"678":8,"679":8,"680":8,"681":8,"682":8,"683":7,"684":7,"685":10,"686":7,"687":7,"688":1,"689":1,"690":0,"691":1,"692":1,"693":1,"694":1,"695":1,"696":1,"697":0,"698":8,"699":1,"700":1,"701":1,"702":1,"703":13,"704":1,"705":13,"706":13,"707":13,"708":13,"709":13,"710":13,"711":13,"712":13,"713":13,"714":9,"715":9,"716":9,"717":4,"718":4,"719":1,"720":1,"721":1,"722":3,"723":3,"724":2,"725":2,"726":2,"727":2,"728":2,"729":2,"730":2,"731":2,"732":2,"733":0,"734":2,"735":2,"736":0,"737":2,"738":1,"739":1,"740":1,"741":1,"742":1,"743":1,"744":1,"745":41,"746":1,"747":1,"748":1,"749":1,"750":1,"751":41,"752":41,"753":41,"754":1,"755":41,"756":41,"757":41,"758":20,"759":20,"760":20,"761":10,"762":20,"763":8,"764":8,"765":8,"766":1,"767":8,"768":13,"769":41,"770":41,"771":41,"772":47,"773":41,"774":1,"775":1,"776":1,"777":41,"778":30,"779":41,"780":20,"781":8,"782":13,"783":41,"784":41,"785":41,"786":41,"787":41,"788":41,"789":1,"790":40,"791":66,"792":66,"793":46,"794":46,"795":66,"796":21,"797":21,"798":21,"799":21,"800":57,"801":57,"802":41,"803":1,"804":0,"805":30,"806":13,"807":4,"808":2,"809":2,"810":4,"811":4,"812":4,"813":56,"814":21,"815":0,"816":0,"817":21,"818":5,"819":13,"820":13,"821":0,"822":13,"823":13,"824":13,"825":8,"826":8,"827":5,"828":13,"829":13,"830":13,"831":13,"832":13,"833":13,"834":13,"835":0,"836":13,"837":13,"838":10,"839":0,"840":0,"841":0,"842":0,"843":0,"844":0,"845":0,"846":12,"847":12,"848":0,"849":0,"850":0,"851":0,"852":51,"853":51,"854":3,"855":30,"856":30,"857":30,"858":30,"859":1,"860":4,"861":9,"862":9,"863":9,"864":9,"865":2,"866":2,"867":1,"868":2,"869":4,"870":4,"871":4,"872":4,"873":2,"874":2,"875":0,"876":0,"877":0,"878":2,"879":9,"880":9,"881":9,"882":16,"883":16,"884":7,"885":0,"886":7,"887":9,"888":9,"889":9,"890":0,"891":9,"892":8,"893":8,"894":8,"895":2,"896":4,"897":1,"898":1,"899":1,"900":15,"901":1,"902":1,"903":1,"904":1,"905":15,"906":15,"907":2,"908":15,"909":15,"910":15,"911":15,"912":1,"913":0,"914":1,"915":0,"916":0,"917":0,"918":0,"919":0,"920":0,"921":0,"922":1,"923":0,"924":0,"925":0,"926":1,"927":0,"928":0,"929":0,"930":1,"931":1,"932":1,"933":1,"934":0,"935":1,"936":1,"937":1,"938":1,"939":0,"940":0,"941":0,"942":0,"943":0,"944":0,"945":1,"946":0,"947":1,"948":1,"949":1,"950":1,"951":0,"952":1,"953":1,"954":0,"955":0,"956":0,"957":0,"958":0,"959":0,"960":0,"961":0,"962":0,"963":1,"964":0,"965":1,"966":0,"967":0,"968":1,"969":1,"970":1,"971":1,"972":1,"973":1,"974":1,"975":1,"976":1,"977":1,"978":1,"979":1,"980":1,"981":1,"982":1,"983":1,"984":0,"985":0,"986":0,"987":0,"988":0,"989":0,"990":1,"991":0,"992":1,"993":0,"994":0,"995":0,"996":1},"b":{"1":[1,0],"2":[0,0],"3":[0,0],"4":[121,13],"5":[0,8],"6":[222,0],"7":[214,0],"8":[0,1897],"9":[1897,1843],"10":[1806,91],"11":[2,1806],"12":[2,14],"13":[1893,6],"14":[306,1599],"15":[1905,1862,381],"16":[381,372],"17":[145,63],"18":[8,200],"19":[8,6],"20":[200,8],"21":[200,198],"22":[75,1524],"23":[1597,2],"24":[75,0],"25":[75,1524],"26":[1597,2],"27":[75,0],"28":[50,1549],"29":[61,32],"30":[12,81],"31":[93,93],"32":[1549,0],"33":[1316,12],"34":[1328,1328],"35":[47,1280],"36":[41,7],"37":[18,30],"38":[45,3],"39":[1234,23],"40":[63,1194],"41":[1257,0],"42":[1209,48],"43":[1257,0],"44":[1209,0],"45":[1236,21],"46":[4,50],"47":[4,50],"48":[4,35],"49":[4,35],"50":[0,0],"51":[0,0],"52":[0,0],"53":[0,0],"54":[0,0],"55":[0,0],"56":[0,0],"57":[1349,0],"58":[1349,0],"59":[41,0],"60":[1804,861],"61":[2665,2173],"62":[1264,43],"63":[157,117],"64":[7,110],"65":[341,157],"66":[341,0],"67":[41,226],"68":[140,127],"69":[23,104],"70":[399,178],"71":[399,0],"72":[69,175],"73":[186,0],"74":[55,131],"75":[133,53],"76":[55,53],"77":[49,140],"78":[140,0],"79":[40,100],"80":[39,1],"81":[96,390],"82":[95,1],"83":[186,0],"84":[55,131],"85":[133,53],"86":[55,53],"87":[49,140],"88":[140,0],"89":[40,100],"90":[39,1],"91":[89,462],"92":[88,1],"93":[3,232],"94":[21,214],"95":[235,216],"96":[178,0],"97":[81,54],"98":[54,81],"99":[135,54],"100":[40,54],"101":[54,40],"102":[94,54],"103":[13,0],"104":[0,13],"105":[13,0],"106":[13,13],"107":[229,0],"108":[229,94],"109":[231,128],"110":[136,95],"111":[237,236],"112":[95,0],"113":[34,33],"114":[9,0],"115":[0,9],"116":[9,0],"117":[9,0],"118":[0,9],"119":[9,0],"120":[1,0],"121":[0,1],"122":[1,0],"123":[59,187],"124":[4,242],"125":[246,115,0],"126":[246,246],"127":[0,0,0],"128":[0,0],"129":[0,0],"130":[0,0],"131":[0,0],"132":[0,0],"133":[0,0],"134":[0,0],"135":[0,0],"136":[0,0],"137":[13,96],"138":[67,29],"139":[1905,81],"140":[29,0],"141":[23,17],"142":[23,17],"143":[23,17],"144":[23,16],"145":[1,0],"146":[0,1],"147":[0,32],"148":[0,0],"149":[0,0],"150":[24,0],"151":[1,0],"152":[0,0],"153":[0,0],"154":[1,75],"155":[49,652],"156":[15,1212],"157":[15,41],"158":[32,9],"159":[4,5],"160":[0,23],"161":[16,7],"162":[4,3],"163":[2,1],"164":[3,0],"165":[5,4],"166":[2,0],"167":[0,4],"168":[4,0],"169":[0,0],"170":[0,0],"171":[4,1],"172":[1,1],"173":[1,131],"174":[132,35],"175":[55,266],"176":[267,54],"177":[1,1],"178":[0,0],"179":[0,11],"180":[1,10],"181":[7,1],"182":[0,1],"183":[9,4],"184":[1,3],"185":[1,0],"186":[3,3,1,1],"187":[2,1],"188":[41,0],"189":[20,8,13],"190":[20,18],"191":[10,10],"192":[8,8],"193":[8,8],"194":[1,7],"195":[13,12],"196":[13,13],"197":[30,11],"198":[1,40],"199":[46,20],"200":[20,46],"201":[0,21],"202":[5,16],"203":[0,13],"204":[13,13],"205":[3,10],"206":[13,0],"207":[8,5],"208":[2,11],"209":[13,0],"210":[13,0],"211":[0,13],"212":[10,3],"213":[0,0],"214":[0,51],"215":[0,51],"216":[0,30],"217":[30,0],"218":[1,1],"219":[2,0,0],"220":[9,0],"221":[7,9],"222":[0,7],"223":[0,9],"224":[2,13],"225":[15,0],"226":[15,15,15],"227":[0,15],"228":[0,0,0],"229":[0,0],"230":[0,0],"231":[0,0],"232":[0,0],"233":[0,0],"234":[0,0],"235":[0,0],"236":[0,0],"237":[0,0],"238":[0,0],"239":[0,0],"240":[0,0],"241":[0,0],"242":[0,0],"243":[0,1],"244":[0,1],"245":[1,0]},"f":{"1":1,"2":0,"3":13,"4":13,"5":8,"6":54,"7":1843,"8":1897,"9":1897,"10":1899,"11":1905,"12":1905,"13":208,"14":93,"15":1328,"16":5,"17":48,"18":1787,"19":1257,"20":54,"21":4,"22":39,"23":4,"24":0,"25":0,"26":0,"27":0,"28":0,"29":1349,"30":1,"31":41,"32":41,"33":1,"34":41,"35":1804,"36":1804,"37":1307,"38":274,"39":267,"40":186,"41":186,"42":235,"43":178,"44":135,"45":94,"46":13,"47":13,"48":13,"49":13,"50":13,"51":229,"52":229,"53":231,"54":231,"55":237,"56":34,"57":9,"58":12,"59":9,"60":12,"61":1,"62":1,"63":32,"64":1,"65":246,"66":0,"67":0,"68":0,"69":8,"70":109,"71":1986,"72":5,"73":3,"74":29,"75":23,"76":29,"77":2,"78":17,"79":29,"80":1,"81":8,"82":29,"83":1,"84":7,"85":29,"86":1,"87":8,"88":29,"89":1,"90":7,"91":31,"92":1,"93":1,"94":32,"95":32,"96":40,"97":32,"98":0,"99":32,"100":24,"101":32,"102":1,"103":5,"104":0,"105":1,"106":1,"107":1,"108":0,"109":5,"110":5,"111":1,"112":76,"113":76,"114":701,"115":76,"116":1227,"117":76,"118":0,"119":76,"120":56,"121":76,"122":41,"123":76,"124":23,"125":1,"126":3,"127":5,"128":2,"129":4,"130":4,"131":2,"132":0,"133":0,"134":0,"135":1,"136":3,"137":5,"138":2,"139":26,"140":132,"141":321,"142":1,"143":2,"144":201,"145":3,"146":3,"147":0,"148":1,"149":41,"150":28,"151":1,"152":20,"153":20,"154":35,"155":11,"156":1,"157":8,"158":8,"159":7,"160":10,"161":7,"162":1,"163":1,"164":1,"165":1,"166":0,"167":1,"168":13,"169":13,"170":9,"171":9,"172":1,"173":1,"174":2,"175":2,"176":2,"177":2,"178":0,"179":2,"180":0,"181":1,"182":1,"183":41,"184":41,"185":41,"186":47,"187":1,"188":41,"189":20,"190":8,"191":13,"192":41,"193":66,"194":21,"195":57,"196":57,"197":41,"198":0,"199":30,"200":13,"201":4,"202":2,"203":4,"204":56,"205":21,"206":0,"207":5,"208":13,"209":13,"210":12,"211":12,"212":0,"213":0,"214":0,"215":51,"216":3,"217":30,"218":4,"219":9,"220":9,"221":2,"222":8,"223":2,"224":4,"225":1,"226":15,"227":15,"228":0,"229":0,"230":0,"231":0,"232":1,"233":0,"234":0,"235":0,"236":0,"237":0,"238":1,"239":0,"240":0,"241":0,"242":0,"243":0,"244":0,"245":1,"246":0,"247":0},"fnMap":{"1":{"name":"(anonymous_1)","line":1,"loc":{"start":{"line":1,"column":1},"end":{"line":1,"column":12}}},"2":{"name":"(anonymous_2)","line":4,"loc":{"start":{"line":4,"column":30},"end":{"line":4,"column":45}}},"3":{"name":"(anonymous_3)","line":6,"loc":{"start":{"line":6,"column":16},"end":{"line":6,"column":40}}},"4":{"name":"ctor","line":6,"loc":{"start":{"line":6,"column":129},"end":{"line":6,"column":145}}},"5":{"name":"(anonymous_5)","line":19,"loc":{"start":{"line":19,"column":21},"end":{"line":19,"column":38}}},"6":{"name":"(anonymous_6)","line":35,"loc":{"start":{"line":35,"column":14},"end":{"line":35,"column":37}}},"7":{"name":"(anonymous_7)","line":40,"loc":{"start":{"line":40,"column":13},"end":{"line":40,"column":36}}},"8":{"name":"(anonymous_8)","line":45,"loc":{"start":{"line":45,"column":17},"end":{"line":45,"column":34}}},"9":{"name":"(anonymous_9)","line":71,"loc":{"start":{"line":71,"column":25},"end":{"line":71,"column":36}}},"10":{"name":"(anonymous_10)","line":79,"loc":{"start":{"line":79,"column":30},"end":{"line":79,"column":41}}},"11":{"name":"(anonymous_11)","line":84,"loc":{"start":{"line":84,"column":34},"end":{"line":84,"column":50}}},"12":{"name":"(anonymous_12)","line":85,"loc":{"start":{"line":85,"column":27},"end":{"line":85,"column":45}}},"13":{"name":"(anonymous_13)","line":89,"loc":{"start":{"line":89,"column":44},"end":{"line":89,"column":55}}},"14":{"name":"(anonymous_14)","line":106,"loc":{"start":{"line":106,"column":35},"end":{"line":106,"column":46}}},"15":{"name":"(anonymous_15)","line":116,"loc":{"start":{"line":116,"column":34},"end":{"line":116,"column":45}}},"16":{"name":"(anonymous_16)","line":125,"loc":{"start":{"line":125,"column":31},"end":{"line":125,"column":55}}},"17":{"name":"(anonymous_17)","line":128,"loc":{"start":{"line":128,"column":37},"end":{"line":128,"column":48}}},"18":{"name":"(anonymous_18)","line":142,"loc":{"start":{"line":142,"column":31},"end":{"line":142,"column":42}}},"19":{"name":"(anonymous_19)","line":144,"loc":{"start":{"line":144,"column":42},"end":{"line":144,"column":53}}},"20":{"name":"(anonymous_20)","line":179,"loc":{"start":{"line":179,"column":14},"end":{"line":179,"column":37}}},"21":{"name":"(anonymous_21)","line":182,"loc":{"start":{"line":182,"column":24},"end":{"line":182,"column":35}}},"22":{"name":"(anonymous_22)","line":190,"loc":{"start":{"line":190,"column":13},"end":{"line":190,"column":36}}},"23":{"name":"(anonymous_23)","line":193,"loc":{"start":{"line":193,"column":24},"end":{"line":193,"column":35}}},"24":{"name":"(anonymous_24)","line":212,"loc":{"start":{"line":212,"column":13},"end":{"line":212,"column":24}}},"25":{"name":"(anonymous_25)","line":215,"loc":{"start":{"line":215,"column":15},"end":{"line":215,"column":26}}},"26":{"name":"(anonymous_26)","line":230,"loc":{"start":{"line":230,"column":13},"end":{"line":230,"column":24}}},"27":{"name":"(anonymous_27)","line":239,"loc":{"start":{"line":239,"column":12},"end":{"line":239,"column":23}}},"28":{"name":"(anonymous_28)","line":248,"loc":{"start":{"line":248,"column":11},"end":{"line":248,"column":22}}},"29":{"name":"(anonymous_29)","line":254,"loc":{"start":{"line":254,"column":12},"end":{"line":254,"column":23}}},"30":{"name":"(anonymous_30)","line":263,"loc":{"start":{"line":263,"column":16},"end":{"line":263,"column":27}}},"31":{"name":"(anonymous_31)","line":266,"loc":{"start":{"line":266,"column":22},"end":{"line":266,"column":33}}},"32":{"name":"(anonymous_32)","line":270,"loc":{"start":{"line":270,"column":31},"end":{"line":270,"column":47}}},"33":{"name":"(anonymous_33)","line":271,"loc":{"start":{"line":271,"column":21},"end":{"line":271,"column":37}}},"34":{"name":"(anonymous_34)","line":275,"loc":{"start":{"line":275,"column":21},"end":{"line":275,"column":32}}},"35":{"name":"(anonymous_35)","line":291,"loc":{"start":{"line":291,"column":29},"end":{"line":291,"column":45}}},"36":{"name":"(anonymous_36)","line":292,"loc":{"start":{"line":292,"column":23},"end":{"line":292,"column":37}}},"37":{"name":"(anonymous_37)","line":295,"loc":{"start":{"line":295,"column":26},"end":{"line":295,"column":37}}},"38":{"name":"(anonymous_38)","line":313,"loc":{"start":{"line":313,"column":14},"end":{"line":313,"column":30}}},"39":{"name":"(anonymous_39)","line":332,"loc":{"start":{"line":332,"column":13},"end":{"line":332,"column":29}}},"40":{"name":"(anonymous_40)","line":351,"loc":{"start":{"line":351,"column":13},"end":{"line":351,"column":24}}},"41":{"name":"(anonymous_41)","line":386,"loc":{"start":{"line":386,"column":12},"end":{"line":386,"column":23}}},"42":{"name":"(anonymous_42)","line":421,"loc":{"start":{"line":421,"column":12},"end":{"line":421,"column":35}}},"43":{"name":"(anonymous_43)","line":431,"loc":{"start":{"line":431,"column":13},"end":{"line":431,"column":24}}},"44":{"name":"(anonymous_44)","line":445,"loc":{"start":{"line":445,"column":14},"end":{"line":445,"column":36}}},"45":{"name":"(anonymous_45)","line":458,"loc":{"start":{"line":458,"column":14},"end":{"line":458,"column":36}}},"46":{"name":"(anonymous_46)","line":471,"loc":{"start":{"line":471,"column":12},"end":{"line":471,"column":37}}},"47":{"name":"(anonymous_47)","line":483,"loc":{"start":{"line":483,"column":25},"end":{"line":483,"column":41}}},"48":{"name":"(anonymous_48)","line":484,"loc":{"start":{"line":484,"column":19},"end":{"line":484,"column":37}}},"49":{"name":"(anonymous_49)","line":485,"loc":{"start":{"line":485,"column":32},"end":{"line":485,"column":43}}},"50":{"name":"(anonymous_50)","line":488,"loc":{"start":{"line":488,"column":39},"end":{"line":488,"column":55}}},"51":{"name":"(anonymous_51)","line":497,"loc":{"start":{"line":497,"column":23},"end":{"line":497,"column":40}}},"52":{"name":"(anonymous_52)","line":503,"loc":{"start":{"line":503,"column":27},"end":{"line":503,"column":38}}},"53":{"name":"(anonymous_53)","line":508,"loc":{"start":{"line":508,"column":32},"end":{"line":508,"column":48}}},"54":{"name":"(anonymous_54)","line":509,"loc":{"start":{"line":509,"column":25},"end":{"line":509,"column":43}}},"55":{"name":"(anonymous_55)","line":518,"loc":{"start":{"line":518,"column":32},"end":{"line":518,"column":43}}},"56":{"name":"(anonymous_56)","line":522,"loc":{"start":{"line":522,"column":32},"end":{"line":522,"column":48}}},"57":{"name":"(anonymous_57)","line":539,"loc":{"start":{"line":539,"column":14},"end":{"line":539,"column":36}}},"58":{"name":"(anonymous_58)","line":549,"loc":{"start":{"line":549,"column":22},"end":{"line":549,"column":33}}},"59":{"name":"(anonymous_59)","line":554,"loc":{"start":{"line":554,"column":14},"end":{"line":554,"column":36}}},"60":{"name":"(anonymous_60)","line":564,"loc":{"start":{"line":564,"column":22},"end":{"line":564,"column":33}}},"61":{"name":"(anonymous_61)","line":569,"loc":{"start":{"line":569,"column":12},"end":{"line":569,"column":37}}},"62":{"name":"(anonymous_62)","line":579,"loc":{"start":{"line":579,"column":22},"end":{"line":579,"column":33}}},"63":{"name":"(anonymous_63)","line":584,"loc":{"start":{"line":584,"column":16},"end":{"line":584,"column":27}}},"64":{"name":"(anonymous_64)","line":590,"loc":{"start":{"line":590,"column":22},"end":{"line":590,"column":39}}},"65":{"name":"Collection","line":597,"loc":{"start":{"line":597,"column":4},"end":{"line":597,"column":41}}},"66":{"name":"(anonymous_66)","line":609,"loc":{"start":{"line":609,"column":35},"end":{"line":609,"column":46}}},"67":{"name":"(anonymous_67)","line":613,"loc":{"start":{"line":613,"column":31},"end":{"line":613,"column":42}}},"68":{"name":"(anonymous_68)","line":622,"loc":{"start":{"line":622,"column":33},"end":{"line":622,"column":51}}},"69":{"name":"(anonymous_69)","line":631,"loc":{"start":{"line":631,"column":34},"end":{"line":631,"column":51}}},"70":{"name":"(anonymous_70)","line":637,"loc":{"start":{"line":637,"column":33},"end":{"line":637,"column":56}}},"71":{"name":"(anonymous_71)","line":643,"loc":{"start":{"line":643,"column":17},"end":{"line":643,"column":33}}},"72":{"name":"(anonymous_72)","line":653,"loc":{"start":{"line":653,"column":21},"end":{"line":653,"column":37}}},"73":{"name":"(anonymous_73)","line":662,"loc":{"start":{"line":662,"column":22},"end":{"line":662,"column":38}}},"74":{"name":"(anonymous_74)","line":679,"loc":{"start":{"line":679,"column":15},"end":{"line":679,"column":31}}},"75":{"name":"(anonymous_75)","line":680,"loc":{"start":{"line":680,"column":19},"end":{"line":680,"column":35}}},"76":{"name":"(anonymous_76)","line":686,"loc":{"start":{"line":686,"column":17},"end":{"line":686,"column":33}}},"77":{"name":"(anonymous_77)","line":687,"loc":{"start":{"line":687,"column":19},"end":{"line":687,"column":36}}},"78":{"name":"(anonymous_78)","line":688,"loc":{"start":{"line":688,"column":34},"end":{"line":688,"column":50}}},"79":{"name":"(anonymous_79)","line":694,"loc":{"start":{"line":694,"column":20},"end":{"line":694,"column":36}}},"80":{"name":"(anonymous_80)","line":695,"loc":{"start":{"line":695,"column":19},"end":{"line":695,"column":35}}},"81":{"name":"(anonymous_81)","line":696,"loc":{"start":{"line":696,"column":34},"end":{"line":696,"column":50}}},"82":{"name":"(anonymous_82)","line":701,"loc":{"start":{"line":701,"column":19},"end":{"line":701,"column":35}}},"83":{"name":"(anonymous_83)","line":702,"loc":{"start":{"line":702,"column":19},"end":{"line":702,"column":35}}},"84":{"name":"(anonymous_84)","line":703,"loc":{"start":{"line":703,"column":34},"end":{"line":703,"column":50}}},"85":{"name":"(anonymous_85)","line":708,"loc":{"start":{"line":708,"column":24},"end":{"line":708,"column":40}}},"86":{"name":"(anonymous_86)","line":709,"loc":{"start":{"line":709,"column":19},"end":{"line":709,"column":35}}},"87":{"name":"(anonymous_87)","line":710,"loc":{"start":{"line":710,"column":34},"end":{"line":710,"column":50}}},"88":{"name":"(anonymous_88)","line":715,"loc":{"start":{"line":715,"column":21},"end":{"line":715,"column":37}}},"89":{"name":"(anonymous_89)","line":716,"loc":{"start":{"line":716,"column":19},"end":{"line":716,"column":35}}},"90":{"name":"(anonymous_90)","line":717,"loc":{"start":{"line":717,"column":34},"end":{"line":717,"column":50}}},"91":{"name":"(anonymous_91)","line":727,"loc":{"start":{"line":727,"column":33},"end":{"line":727,"column":53}}},"92":{"name":"(anonymous_92)","line":733,"loc":{"start":{"line":733,"column":33},"end":{"line":733,"column":61}}},"93":{"name":"(anonymous_93)","line":756,"loc":{"start":{"line":756,"column":30},"end":{"line":756,"column":47}}},"94":{"name":"Plucked","line":759,"loc":{"start":{"line":759,"column":4},"end":{"line":759,"column":42}}},"95":{"name":"(anonymous_95)","line":767,"loc":{"start":{"line":767,"column":28},"end":{"line":767,"column":44}}},"96":{"name":"(anonymous_96)","line":768,"loc":{"start":{"line":768,"column":15},"end":{"line":768,"column":31}}},"97":{"name":"(anonymous_97)","line":772,"loc":{"start":{"line":772,"column":61},"end":{"line":772,"column":77}}},"98":{"name":"(anonymous_98)","line":773,"loc":{"start":{"line":773,"column":15},"end":{"line":773,"column":31}}},"99":{"name":"(anonymous_99)","line":785,"loc":{"start":{"line":785,"column":40},"end":{"line":785,"column":56}}},"100":{"name":"(anonymous_100)","line":786,"loc":{"start":{"line":786,"column":15},"end":{"line":786,"column":31}}},"101":{"name":"(anonymous_101)","line":795,"loc":{"start":{"line":795,"column":43},"end":{"line":795,"column":59}}},"102":{"name":"(anonymous_102)","line":796,"loc":{"start":{"line":796,"column":15},"end":{"line":796,"column":31}}},"103":{"name":"(anonymous_103)","line":807,"loc":{"start":{"line":807,"column":33},"end":{"line":807,"column":49}}},"104":{"name":"(anonymous_104)","line":811,"loc":{"start":{"line":811,"column":32},"end":{"line":811,"column":43}}},"105":{"name":"(anonymous_105)","line":817,"loc":{"start":{"line":817,"column":29},"end":{"line":817,"column":42}}},"106":{"name":"(anonymous_106)","line":818,"loc":{"start":{"line":818,"column":35},"end":{"line":818,"column":51}}},"107":{"name":"(anonymous_107)","line":819,"loc":{"start":{"line":819,"column":15},"end":{"line":819,"column":31}}},"108":{"name":"(anonymous_108)","line":825,"loc":{"start":{"line":825,"column":32},"end":{"line":825,"column":43}}},"109":{"name":"(anonymous_109)","line":831,"loc":{"start":{"line":831,"column":32},"end":{"line":831,"column":43}}},"110":{"name":"(anonymous_110)","line":833,"loc":{"start":{"line":833,"column":14},"end":{"line":833,"column":25}}},"111":{"name":"(anonymous_111)","line":849,"loc":{"start":{"line":849,"column":31},"end":{"line":849,"column":48}}},"112":{"name":"Filtered","line":852,"loc":{"start":{"line":852,"column":4},"end":{"line":852,"column":43}}},"113":{"name":"(anonymous_113)","line":862,"loc":{"start":{"line":862,"column":28},"end":{"line":862,"column":44}}},"114":{"name":"(anonymous_114)","line":863,"loc":{"start":{"line":863,"column":15},"end":{"line":863,"column":31}}},"115":{"name":"(anonymous_115)","line":869,"loc":{"start":{"line":869,"column":45},"end":{"line":869,"column":61}}},"116":{"name":"(anonymous_116)","line":870,"loc":{"start":{"line":870,"column":15},"end":{"line":870,"column":31}}},"117":{"name":"(anonymous_117)","line":876,"loc":{"start":{"line":876,"column":48},"end":{"line":876,"column":64}}},"118":{"name":"(anonymous_118)","line":877,"loc":{"start":{"line":877,"column":15},"end":{"line":877,"column":31}}},"119":{"name":"(anonymous_119)","line":881,"loc":{"start":{"line":881,"column":48},"end":{"line":881,"column":64}}},"120":{"name":"(anonymous_120)","line":882,"loc":{"start":{"line":882,"column":15},"end":{"line":882,"column":31}}},"121":{"name":"(anonymous_121)","line":890,"loc":{"start":{"line":890,"column":22},"end":{"line":890,"column":38}}},"122":{"name":"(anonymous_122)","line":891,"loc":{"start":{"line":891,"column":15},"end":{"line":891,"column":31}}},"123":{"name":"(anonymous_123)","line":903,"loc":{"start":{"line":903,"column":25},"end":{"line":903,"column":41}}},"124":{"name":"(anonymous_124)","line":904,"loc":{"start":{"line":904,"column":15},"end":{"line":904,"column":31}}},"125":{"name":"(anonymous_125)","line":924,"loc":{"start":{"line":924,"column":28},"end":{"line":924,"column":45}}},"126":{"name":"Multi","line":927,"loc":{"start":{"line":927,"column":4},"end":{"line":927,"column":41}}},"127":{"name":"(anonymous_127)","line":944,"loc":{"start":{"line":944,"column":32},"end":{"line":944,"column":48}}},"128":{"name":"(anonymous_128)","line":950,"loc":{"start":{"line":950,"column":32},"end":{"line":950,"column":48}}},"129":{"name":"(anonymous_129)","line":956,"loc":{"start":{"line":956,"column":36},"end":{"line":956,"column":57}}},"130":{"name":"(anonymous_130)","line":962,"loc":{"start":{"line":962,"column":23},"end":{"line":962,"column":39}}},"131":{"name":"(anonymous_131)","line":963,"loc":{"start":{"line":963,"column":15},"end":{"line":963,"column":31}}},"132":{"name":"(anonymous_132)","line":972,"loc":{"start":{"line":972,"column":39},"end":{"line":972,"column":60}}},"133":{"name":"(anonymous_133)","line":982,"loc":{"start":{"line":982,"column":23},"end":{"line":982,"column":39}}},"134":{"name":"(anonymous_134)","line":983,"loc":{"start":{"line":983,"column":15},"end":{"line":983,"column":31}}},"135":{"name":"(anonymous_135)","line":995,"loc":{"start":{"line":995,"column":28},"end":{"line":995,"column":45}}},"136":{"name":"Union","line":998,"loc":{"start":{"line":998,"column":4},"end":{"line":998,"column":21}}},"137":{"name":"(anonymous_137)","line":1002,"loc":{"start":{"line":1002,"column":32},"end":{"line":1002,"column":48}}},"138":{"name":"(anonymous_138)","line":1008,"loc":{"start":{"line":1008,"column":32},"end":{"line":1008,"column":48}}},"139":{"name":"(anonymous_139)","line":1020,"loc":{"start":{"line":1020,"column":16},"end":{"line":1020,"column":27}}},"140":{"name":"(anonymous_140)","line":1023,"loc":{"start":{"line":1023,"column":22},"end":{"line":1023,"column":33}}},"141":{"name":"(anonymous_141)","line":1033,"loc":{"start":{"line":1033,"column":11},"end":{"line":1033,"column":22}}},"142":{"name":"(anonymous_142)","line":1043,"loc":{"start":{"line":1043,"column":11},"end":{"line":1043,"column":24}}},"143":{"name":"(anonymous_143)","line":1048,"loc":{"start":{"line":1048,"column":13},"end":{"line":1048,"column":37}}},"144":{"name":"(anonymous_144)","line":1052,"loc":{"start":{"line":1052,"column":18},"end":{"line":1052,"column":29}}},"145":{"name":"(anonymous_145)","line":1055,"loc":{"start":{"line":1055,"column":20},"end":{"line":1055,"column":31}}},"146":{"name":"(anonymous_146)","line":1056,"loc":{"start":{"line":1056,"column":48},"end":{"line":1056,"column":64}}},"147":{"name":"(anonymous_147)","line":1057,"loc":{"start":{"line":1057,"column":21},"end":{"line":1057,"column":40}}},"148":{"name":"(anonymous_148)","line":1069,"loc":{"start":{"line":1069,"column":33},"end":{"line":1069,"column":50}}},"149":{"name":"Relation","line":1072,"loc":{"start":{"line":1072,"column":4},"end":{"line":1072,"column":24}}},"150":{"name":"(anonymous_150)","line":1082,"loc":{"start":{"line":1082,"column":36},"end":{"line":1082,"column":47}}},"151":{"name":"(anonymous_151)","line":1088,"loc":{"start":{"line":1088,"column":42},"end":{"line":1088,"column":59}}},"152":{"name":"BelongsToRelation","line":1091,"loc":{"start":{"line":1091,"column":4},"end":{"line":1091,"column":33}}},"153":{"name":"(anonymous_153)","line":1095,"loc":{"start":{"line":1095,"column":45},"end":{"line":1095,"column":56}}},"154":{"name":"(anonymous_154)","line":1102,"loc":{"start":{"line":1102,"column":16},"end":{"line":1102,"column":27}}},"155":{"name":"(anonymous_155)","line":1107,"loc":{"start":{"line":1107,"column":16},"end":{"line":1107,"column":32}}},"156":{"name":"(anonymous_156)","line":1130,"loc":{"start":{"line":1130,"column":39},"end":{"line":1130,"column":56}}},"157":{"name":"HasOneRelation","line":1133,"loc":{"start":{"line":1133,"column":4},"end":{"line":1133,"column":30}}},"158":{"name":"(anonymous_158)","line":1137,"loc":{"start":{"line":1137,"column":42},"end":{"line":1137,"column":53}}},"159":{"name":"(anonymous_159)","line":1147,"loc":{"start":{"line":1147,"column":19},"end":{"line":1147,"column":35}}},"160":{"name":"(anonymous_160)","line":1148,"loc":{"start":{"line":1148,"column":19},"end":{"line":1148,"column":30}}},"161":{"name":"(anonymous_161)","line":1154,"loc":{"start":{"line":1154,"column":19},"end":{"line":1154,"column":35}}},"162":{"name":"(anonymous_162)","line":1155,"loc":{"start":{"line":1155,"column":19},"end":{"line":1155,"column":35}}},"163":{"name":"(anonymous_163)","line":1166,"loc":{"start":{"line":1166,"column":19},"end":{"line":1166,"column":35}}},"164":{"name":"(anonymous_164)","line":1167,"loc":{"start":{"line":1167,"column":19},"end":{"line":1167,"column":30}}},"165":{"name":"(anonymous_165)","line":1173,"loc":{"start":{"line":1173,"column":19},"end":{"line":1173,"column":35}}},"166":{"name":"(anonymous_166)","line":1174,"loc":{"start":{"line":1174,"column":19},"end":{"line":1174,"column":35}}},"167":{"name":"(anonymous_167)","line":1187,"loc":{"start":{"line":1187,"column":40},"end":{"line":1187,"column":57}}},"168":{"name":"HasManyRelation","line":1190,"loc":{"start":{"line":1190,"column":4},"end":{"line":1190,"column":31}}},"169":{"name":"(anonymous_169)","line":1194,"loc":{"start":{"line":1194,"column":43},"end":{"line":1194,"column":54}}},"170":{"name":"(anonymous_170)","line":1205,"loc":{"start":{"line":1205,"column":19},"end":{"line":1205,"column":35}}},"171":{"name":"(anonymous_171)","line":1206,"loc":{"start":{"line":1206,"column":19},"end":{"line":1206,"column":30}}},"172":{"name":"(anonymous_172)","line":1217,"loc":{"start":{"line":1217,"column":21},"end":{"line":1217,"column":37}}},"173":{"name":"(anonymous_173)","line":1218,"loc":{"start":{"line":1218,"column":21},"end":{"line":1218,"column":32}}},"174":{"name":"(anonymous_174)","line":1235,"loc":{"start":{"line":1235,"column":22},"end":{"line":1235,"column":33}}},"175":{"name":"(anonymous_175)","line":1238,"loc":{"start":{"line":1238,"column":41},"end":{"line":1238,"column":57}}},"176":{"name":"(anonymous_176)","line":1239,"loc":{"start":{"line":1239,"column":25},"end":{"line":1239,"column":41}}},"177":{"name":"(anonymous_177)","line":1243,"loc":{"start":{"line":1243,"column":46},"end":{"line":1243,"column":62}}},"178":{"name":"(anonymous_178)","line":1244,"loc":{"start":{"line":1244,"column":25},"end":{"line":1244,"column":41}}},"179":{"name":"(anonymous_179)","line":1248,"loc":{"start":{"line":1248,"column":49},"end":{"line":1248,"column":65}}},"180":{"name":"(anonymous_180)","line":1249,"loc":{"start":{"line":1249,"column":25},"end":{"line":1249,"column":41}}},"181":{"name":"(anonymous_181)","line":1259,"loc":{"start":{"line":1259,"column":22},"end":{"line":1259,"column":33}}},"182":{"name":"(anonymous_182)","line":1272,"loc":{"start":{"line":1272,"column":36},"end":{"line":1272,"column":53}}},"183":{"name":"Association","line":1275,"loc":{"start":{"line":1275,"column":4},"end":{"line":1275,"column":27}}},"184":{"name":"(anonymous_184)","line":1287,"loc":{"start":{"line":1287,"column":38},"end":{"line":1287,"column":49}}},"185":{"name":"(anonymous_185)","line":1296,"loc":{"start":{"line":1296,"column":34},"end":{"line":1296,"column":50}}},"186":{"name":"(anonymous_186)","line":1335,"loc":{"start":{"line":1335,"column":31},"end":{"line":1335,"column":42}}},"187":{"name":"(anonymous_187)","line":1338,"loc":{"start":{"line":1338,"column":38},"end":{"line":1338,"column":54}}},"188":{"name":"(anonymous_188)","line":1349,"loc":{"start":{"line":1349,"column":17},"end":{"line":1349,"column":28}}},"189":{"name":"(anonymous_189)","line":1359,"loc":{"start":{"line":1359,"column":17},"end":{"line":1359,"column":35}}},"190":{"name":"(anonymous_190)","line":1362,"loc":{"start":{"line":1362,"column":14},"end":{"line":1362,"column":32}}},"191":{"name":"(anonymous_191)","line":1365,"loc":{"start":{"line":1365,"column":15},"end":{"line":1365,"column":33}}},"192":{"name":"(anonymous_192)","line":1368,"loc":{"start":{"line":1368,"column":17},"end":{"line":1368,"column":41}}},"193":{"name":"(anonymous_193)","line":1391,"loc":{"start":{"line":1391,"column":20},"end":{"line":1391,"column":31}}},"194":{"name":"(anonymous_194)","line":1401,"loc":{"start":{"line":1401,"column":16},"end":{"line":1401,"column":27}}},"195":{"name":"(anonymous_195)","line":1406,"loc":{"start":{"line":1406,"column":22},"end":{"line":1406,"column":33}}},"196":{"name":"(anonymous_196)","line":1407,"loc":{"start":{"line":1407,"column":57},"end":{"line":1407,"column":73}}},"197":{"name":"(anonymous_197)","line":1408,"loc":{"start":{"line":1408,"column":21},"end":{"line":1408,"column":43}}},"198":{"name":"(anonymous_198)","line":1420,"loc":{"start":{"line":1420,"column":15},"end":{"line":1420,"column":26}}},"199":{"name":"(anonymous_199)","line":1423,"loc":{"start":{"line":1423,"column":17},"end":{"line":1423,"column":28}}},"200":{"name":"(anonymous_200)","line":1426,"loc":{"start":{"line":1426,"column":13},"end":{"line":1426,"column":28}}},"201":{"name":"(anonymous_201)","line":1429,"loc":{"start":{"line":1429,"column":16},"end":{"line":1429,"column":31}}},"202":{"name":"(anonymous_202)","line":1432,"loc":{"start":{"line":1432,"column":16},"end":{"line":1432,"column":27}}},"203":{"name":"(anonymous_203)","line":1435,"loc":{"start":{"line":1435,"column":22},"end":{"line":1435,"column":33}}},"204":{"name":"(anonymous_204)","line":1444,"loc":{"start":{"line":1444,"column":15},"end":{"line":1444,"column":26}}},"205":{"name":"(anonymous_205)","line":1447,"loc":{"start":{"line":1447,"column":14},"end":{"line":1447,"column":28}}},"206":{"name":"(anonymous_206)","line":1449,"loc":{"start":{"line":1449,"column":34},"end":{"line":1449,"column":45}}},"207":{"name":"(anonymous_207)","line":1455,"loc":{"start":{"line":1455,"column":17},"end":{"line":1455,"column":28}}},"208":{"name":"(anonymous_208)","line":1458,"loc":{"start":{"line":1458,"column":13},"end":{"line":1458,"column":38}}},"209":{"name":"(anonymous_209)","line":1477,"loc":{"start":{"line":1477,"column":16},"end":{"line":1477,"column":35}}},"210":{"name":"(anonymous_210)","line":1502,"loc":{"start":{"line":1502,"column":18},"end":{"line":1502,"column":29}}},"211":{"name":"(anonymous_211)","line":1505,"loc":{"start":{"line":1505,"column":21},"end":{"line":1505,"column":37}}},"212":{"name":"(anonymous_212)","line":1506,"loc":{"start":{"line":1506,"column":19},"end":{"line":1506,"column":30}}},"213":{"name":"(anonymous_213)","line":1508,"loc":{"start":{"line":1508,"column":28},"end":{"line":1508,"column":39}}},"214":{"name":"(anonymous_214)","line":1511,"loc":{"start":{"line":1511,"column":27},"end":{"line":1511,"column":38}}},"215":{"name":"(anonymous_215)","line":1521,"loc":{"start":{"line":1521,"column":21},"end":{"line":1521,"column":32}}},"216":{"name":"(anonymous_216)","line":1525,"loc":{"start":{"line":1525,"column":20},"end":{"line":1525,"column":31}}},"217":{"name":"(anonymous_217)","line":1527,"loc":{"start":{"line":1527,"column":21},"end":{"line":1527,"column":32}}},"218":{"name":"(anonymous_218)","line":1541,"loc":{"start":{"line":1541,"column":18},"end":{"line":1541,"column":29}}},"219":{"name":"(anonymous_219)","line":1544,"loc":{"start":{"line":1544,"column":16},"end":{"line":1544,"column":27}}},"220":{"name":"(anonymous_220)","line":1547,"loc":{"start":{"line":1547,"column":26},"end":{"line":1547,"column":42}}},"221":{"name":"(anonymous_221)","line":1548,"loc":{"start":{"line":1548,"column":21},"end":{"line":1548,"column":39}}},"222":{"name":"(anonymous_222)","line":1605,"loc":{"start":{"line":1605,"column":18},"end":{"line":1605,"column":29}}},"223":{"name":"(anonymous_223)","line":1610,"loc":{"start":{"line":1610,"column":20},"end":{"line":1610,"column":31}}},"224":{"name":"(anonymous_224)","line":1612,"loc":{"start":{"line":1612,"column":26},"end":{"line":1612,"column":37}}},"225":{"name":"(anonymous_225)","line":1622,"loc":{"start":{"line":1622,"column":17},"end":{"line":1622,"column":34}}},"226":{"name":"Model","line":1625,"loc":{"start":{"line":1625,"column":4},"end":{"line":1625,"column":21}}},"227":{"name":"(anonymous_227)","line":1635,"loc":{"start":{"line":1635,"column":33},"end":{"line":1635,"column":58}}},"228":{"name":"(anonymous_228)","line":1647,"loc":{"start":{"line":1647,"column":30},"end":{"line":1647,"column":41}}},"229":{"name":"(anonymous_229)","line":1651,"loc":{"start":{"line":1651,"column":26},"end":{"line":1651,"column":37}}},"230":{"name":"(anonymous_230)","line":1661,"loc":{"start":{"line":1661,"column":28},"end":{"line":1661,"column":46}}},"231":{"name":"(anonymous_231)","line":1670,"loc":{"start":{"line":1670,"column":27},"end":{"line":1670,"column":45}}},"232":{"name":"(anonymous_232)","line":1683,"loc":{"start":{"line":1683,"column":20},"end":{"line":1683,"column":37}}},"233":{"name":"Template","line":1686,"loc":{"start":{"line":1686,"column":4},"end":{"line":1686,"column":24}}},"234":{"name":"(anonymous_234)","line":1696,"loc":{"start":{"line":1696,"column":30},"end":{"line":1696,"column":45}}},"235":{"name":"(anonymous_235)","line":1699,"loc":{"start":{"line":1699,"column":15},"end":{"line":1699,"column":31}}},"236":{"name":"(anonymous_236)","line":1700,"loc":{"start":{"line":1700,"column":15},"end":{"line":1700,"column":26}}},"237":{"name":"(anonymous_237)","line":1709,"loc":{"start":{"line":1709,"column":31},"end":{"line":1709,"column":59}}},"238":{"name":"(anonymous_238)","line":1719,"loc":{"start":{"line":1719,"column":16},"end":{"line":1719,"column":33}}},"239":{"name":"View","line":1722,"loc":{"start":{"line":1722,"column":4},"end":{"line":1722,"column":20}}},"240":{"name":"(anonymous_240)","line":1728,"loc":{"start":{"line":1728,"column":32},"end":{"line":1728,"column":50}}},"241":{"name":"(anonymous_241)","line":1735,"loc":{"start":{"line":1735,"column":37},"end":{"line":1735,"column":53}}},"242":{"name":"(anonymous_242)","line":1736,"loc":{"start":{"line":1736,"column":15},"end":{"line":1736,"column":29}}},"243":{"name":"(anonymous_243)","line":1744,"loc":{"start":{"line":1744,"column":28},"end":{"line":1744,"column":39}}},"244":{"name":"(anonymous_244)","line":1748,"loc":{"start":{"line":1748,"column":29},"end":{"line":1748,"column":44}}},"245":{"name":"(anonymous_245)","line":1757,"loc":{"start":{"line":1757,"column":18},"end":{"line":1757,"column":36}}},"246":{"name":"(anonymous_246)","line":1771,"loc":{"start":{"line":1771,"column":31},"end":{"line":1771,"column":49}}},"247":{"name":"(anonymous_247)","line":1786,"loc":{"start":{"line":1786,"column":24},"end":{"line":1786,"column":42}}}},"statementMap":{"1":{"start":{"line":1,"column":0},"end":{"line":1794,"column":14}},"2":{"start":{"line":2,"column":2},"end":{"line":6,"column":292}},"3":{"start":{"line":4,"column":47},"end":{"line":4,"column":140}},"4":{"start":{"line":4,"column":94},"end":{"line":4,"column":138}},"5":{"start":{"line":4,"column":129},"end":{"line":4,"column":138}},"6":{"start":{"line":4,"column":141},"end":{"line":4,"column":151}},"7":{"start":{"line":6,"column":42},"end":{"line":6,"column":128}},"8":{"start":{"line":6,"column":68},"end":{"line":6,"column":126}},"9":{"start":{"line":6,"column":101},"end":{"line":6,"column":126}},"10":{"start":{"line":6,"column":129},"end":{"line":6,"column":174}},"11":{"start":{"line":6,"column":147},"end":{"line":6,"column":172}},"12":{"start":{"line":6,"column":175},"end":{"line":6,"column":209}},"13":{"start":{"line":6,"column":210},"end":{"line":6,"column":239}},"14":{"start":{"line":6,"column":240},"end":{"line":6,"column":275}},"15":{"start":{"line":6,"column":276},"end":{"line":6,"column":289}},"16":{"start":{"line":8,"column":2},"end":{"line":17,"column":4}},"17":{"start":{"line":19,"column":2},"end":{"line":31,"column":4}},"18":{"start":{"line":20,"column":4},"end":{"line":20,"column":32}},"19":{"start":{"line":21,"column":4},"end":{"line":21,"column":13}},"20":{"start":{"line":22,"column":4},"end":{"line":24,"column":5}},"21":{"start":{"line":23,"column":6},"end":{"line":23,"column":18}},"22":{"start":{"line":25,"column":4},"end":{"line":29,"column":5}},"23":{"start":{"line":26,"column":6},"end":{"line":26,"column":34}},"24":{"start":{"line":27,"column":6},"end":{"line":27,"column":41}},"25":{"start":{"line":28,"column":6},"end":{"line":28,"column":25}},"26":{"start":{"line":30,"column":4},"end":{"line":30,"column":16}},"27":{"start":{"line":33,"column":2},"end":{"line":202,"column":4}},"28":{"start":{"line":36,"column":8},"end":{"line":38,"column":11}},"29":{"start":{"line":41,"column":8},"end":{"line":43,"column":11}},"30":{"start":{"line":46,"column":8},"end":{"line":46,"column":89}},"31":{"start":{"line":47,"column":8},"end":{"line":47,"column":33}},"32":{"start":{"line":48,"column":8},"end":{"line":48,"column":22}},"33":{"start":{"line":49,"column":8},"end":{"line":174,"column":9}},"34":{"start":{"line":50,"column":10},"end":{"line":50,"column":43}},"35":{"start":{"line":51,"column":10},"end":{"line":53,"column":11}},"36":{"start":{"line":52,"column":12},"end":{"line":52,"column":21}},"37":{"start":{"line":54,"column":10},"end":{"line":69,"column":11}},"38":{"start":{"line":55,"column":12},"end":{"line":55,"column":38}},"39":{"start":{"line":56,"column":12},"end":{"line":68,"column":13}},"40":{"start":{"line":57,"column":14},"end":{"line":57,"column":29}},"41":{"start":{"line":58,"column":14},"end":{"line":66,"column":15}},"42":{"start":{"line":59,"column":16},"end":{"line":65,"column":17}},"43":{"start":{"line":60,"column":18},"end":{"line":60,"column":30}},"44":{"start":{"line":61,"column":18},"end":{"line":64,"column":19}},"45":{"start":{"line":62,"column":20},"end":{"line":62,"column":28}},"46":{"start":{"line":63,"column":20},"end":{"line":63,"column":26}},"47":{"start":{"line":67,"column":14},"end":{"line":67,"column":53}},"48":{"start":{"line":70,"column":10},"end":{"line":70,"column":61}},"49":{"start":{"line":71,"column":10},"end":{"line":173,"column":25}},"50":{"start":{"line":72,"column":12},"end":{"line":72,"column":26}},"51":{"start":{"line":73,"column":12},"end":{"line":73,"column":27}},"52":{"start":{"line":74,"column":12},"end":{"line":171,"column":13}},"53":{"start":{"line":75,"column":14},"end":{"line":75,"column":38}},"54":{"start":{"line":76,"column":14},"end":{"line":78,"column":15}},"55":{"start":{"line":77,"column":16},"end":{"line":77,"column":28}},"56":{"start":{"line":79,"column":14},"end":{"line":170,"column":29}},"57":{"start":{"line":80,"column":16},"end":{"line":80,"column":41}},"58":{"start":{"line":81,"column":16},"end":{"line":81,"column":31}},"59":{"start":{"line":82,"column":16},"end":{"line":168,"column":17}},"60":{"start":{"line":83,"column":18},"end":{"line":83,"column":31}},"61":{"start":{"line":84,"column":18},"end":{"line":167,"column":37}},"62":{"start":{"line":85,"column":20},"end":{"line":166,"column":22}},"63":{"start":{"line":86,"column":22},"end":{"line":86,"column":89}},"64":{"start":{"line":87,"column":22},"end":{"line":165,"column":23}},"65":{"start":{"line":88,"column":24},"end":{"line":88,"column":51}},"66":{"start":{"line":89,"column":24},"end":{"line":100,"column":26}},"67":{"start":{"line":90,"column":26},"end":{"line":90,"column":40}},"68":{"start":{"line":91,"column":26},"end":{"line":91,"column":89}},"69":{"start":{"line":92,"column":26},"end":{"line":94,"column":27}},"70":{"start":{"line":93,"column":28},"end":{"line":93,"column":63}},"71":{"start":{"line":95,"column":26},"end":{"line":95,"column":64}},"72":{"start":{"line":96,"column":26},"end":{"line":98,"column":27}},"73":{"start":{"line":97,"column":28},"end":{"line":97,"column":63}},"74":{"start":{"line":99,"column":26},"end":{"line":99,"column":37}},"75":{"start":{"line":102,"column":24},"end":{"line":102,"column":161}},"76":{"start":{"line":103,"column":24},"end":{"line":103,"column":159}},"77":{"start":{"line":104,"column":24},"end":{"line":122,"column":25}},"78":{"start":{"line":105,"column":26},"end":{"line":105,"column":40}},"79":{"start":{"line":106,"column":26},"end":{"line":113,"column":28}},"80":{"start":{"line":107,"column":28},"end":{"line":107,"column":37}},"81":{"start":{"line":108,"column":28},"end":{"line":108,"column":91}},"82":{"start":{"line":109,"column":28},"end":{"line":111,"column":29}},"83":{"start":{"line":110,"column":30},"end":{"line":110,"column":53}},"84":{"start":{"line":112,"column":28},"end":{"line":112,"column":70}},"85":{"start":{"line":114,"column":31},"end":{"line":122,"column":25}},"86":{"start":{"line":115,"column":26},"end":{"line":115,"column":39}},"87":{"start":{"line":116,"column":26},"end":{"line":121,"column":28}},"88":{"start":{"line":117,"column":28},"end":{"line":117,"column":37}},"89":{"start":{"line":118,"column":28},"end":{"line":118,"column":91}},"90":{"start":{"line":119,"column":28},"end":{"line":119,"column":63}},"91":{"start":{"line":120,"column":28},"end":{"line":120,"column":82}},"92":{"start":{"line":123,"column":24},"end":{"line":164,"column":27}},"93":{"start":{"line":126,"column":28},"end":{"line":140,"column":31}},"94":{"start":{"line":129,"column":32},"end":{"line":129,"column":46}},"95":{"start":{"line":130,"column":32},"end":{"line":130,"column":95}},"96":{"start":{"line":131,"column":32},"end":{"line":133,"column":33}},"97":{"start":{"line":132,"column":34},"end":{"line":132,"column":59}},"98":{"start":{"line":134,"column":32},"end":{"line":134,"column":70}},"99":{"start":{"line":135,"column":32},"end":{"line":137,"column":33}},"100":{"start":{"line":136,"column":34},"end":{"line":136,"column":58}},"101":{"start":{"line":138,"column":32},"end":{"line":138,"column":43}},"102":{"start":{"line":143,"column":28},"end":{"line":143,"column":44}},"103":{"start":{"line":144,"column":28},"end":{"line":158,"column":30}},"104":{"start":{"line":145,"column":30},"end":{"line":145,"column":60}},"105":{"start":{"line":146,"column":30},"end":{"line":146,"column":93}},"106":{"start":{"line":147,"column":30},"end":{"line":149,"column":31}},"107":{"start":{"line":148,"column":32},"end":{"line":148,"column":57}},"108":{"start":{"line":150,"column":30},"end":{"line":150,"column":107}},"109":{"start":{"line":151,"column":30},"end":{"line":153,"column":31}},"110":{"start":{"line":152,"column":32},"end":{"line":152,"column":91}},"111":{"start":{"line":154,"column":30},"end":{"line":156,"column":31}},"112":{"start":{"line":155,"column":32},"end":{"line":155,"column":56}},"113":{"start":{"line":157,"column":30},"end":{"line":157,"column":41}},"114":{"start":{"line":159,"column":28},"end":{"line":159,"column":56}},"115":{"start":{"line":160,"column":28},"end":{"line":160,"column":54}},"116":{"start":{"line":161,"column":28},"end":{"line":161,"column":54}},"117":{"start":{"line":162,"column":28},"end":{"line":162,"column":47}},"118":{"start":{"line":169,"column":16},"end":{"line":169,"column":33}},"119":{"start":{"line":172,"column":12},"end":{"line":172,"column":29}},"120":{"start":{"line":175,"column":8},"end":{"line":175,"column":24}},"121":{"start":{"line":180,"column":8},"end":{"line":188,"column":9}},"122":{"start":{"line":181,"column":10},"end":{"line":185,"column":13}},"123":{"start":{"line":183,"column":14},"end":{"line":183,"column":58}},"124":{"start":{"line":187,"column":10},"end":{"line":187,"column":53}},"125":{"start":{"line":191,"column":8},"end":{"line":199,"column":9}},"126":{"start":{"line":192,"column":10},"end":{"line":196,"column":13}},"127":{"start":{"line":194,"column":14},"end":{"line":194,"column":57}},"128":{"start":{"line":198,"column":10},"end":{"line":198,"column":52}},"129":{"start":{"line":204,"column":2},"end":{"line":309,"column":4}},"130":{"start":{"line":213,"column":8},"end":{"line":213,"column":43}},"131":{"start":{"line":216,"column":8},"end":{"line":216,"column":42}},"132":{"start":{"line":217,"column":8},"end":{"line":217,"column":73}},"133":{"start":{"line":218,"column":8},"end":{"line":218,"column":41}},"134":{"start":{"line":219,"column":8},"end":{"line":226,"column":9}},"135":{"start":{"line":220,"column":10},"end":{"line":220,"column":29}},"136":{"start":{"line":221,"column":10},"end":{"line":225,"column":11}},"137":{"start":{"line":222,"column":12},"end":{"line":222,"column":32}},"138":{"start":{"line":224,"column":12},"end":{"line":224,"column":48}},"139":{"start":{"line":227,"column":8},"end":{"line":227,"column":68}},"140":{"start":{"line":228,"column":8},"end":{"line":228,"column":20}},"141":{"start":{"line":231,"column":8},"end":{"line":231,"column":25}},"142":{"start":{"line":232,"column":8},"end":{"line":232,"column":73}},"143":{"start":{"line":233,"column":8},"end":{"line":235,"column":9}},"144":{"start":{"line":234,"column":10},"end":{"line":234,"column":17}},"145":{"start":{"line":236,"column":8},"end":{"line":236,"column":48}},"146":{"start":{"line":237,"column":8},"end":{"line":237,"column":35}},"147":{"start":{"line":240,"column":8},"end":{"line":240,"column":25}},"148":{"start":{"line":241,"column":8},"end":{"line":241,"column":73}},"149":{"start":{"line":242,"column":8},"end":{"line":244,"column":9}},"150":{"start":{"line":243,"column":10},"end":{"line":243,"column":17}},"151":{"start":{"line":245,"column":8},"end":{"line":245,"column":48}},"152":{"start":{"line":246,"column":8},"end":{"line":246,"column":34}},"153":{"start":{"line":249,"column":8},"end":{"line":249,"column":25}},"154":{"start":{"line":250,"column":8},"end":{"line":250,"column":73}},"155":{"start":{"line":251,"column":8},"end":{"line":251,"column":48}},"156":{"start":{"line":252,"column":8},"end":{"line":252,"column":33}},"157":{"start":{"line":255,"column":8},"end":{"line":255,"column":25}},"158":{"start":{"line":256,"column":8},"end":{"line":256,"column":73}},"159":{"start":{"line":257,"column":8},"end":{"line":259,"column":9}},"160":{"start":{"line":258,"column":10},"end":{"line":258,"column":17}},"161":{"start":{"line":260,"column":8},"end":{"line":260,"column":48}},"162":{"start":{"line":261,"column":8},"end":{"line":261,"column":33}},"163":{"start":{"line":264,"column":8},"end":{"line":264,"column":49}},"164":{"start":{"line":265,"column":8},"end":{"line":306,"column":11}},"165":{"start":{"line":267,"column":12},"end":{"line":267,"column":60}},"166":{"start":{"line":268,"column":12},"end":{"line":268,"column":75}},"167":{"start":{"line":269,"column":12},"end":{"line":269,"column":109}},"168":{"start":{"line":270,"column":12},"end":{"line":274,"column":22}},"169":{"start":{"line":271,"column":14},"end":{"line":273,"column":16}},"170":{"start":{"line":272,"column":16},"end":{"line":272,"column":86}},"171":{"start":{"line":275,"column":12},"end":{"line":287,"column":26}},"172":{"start":{"line":276,"column":14},"end":{"line":276,"column":27}},"173":{"start":{"line":277,"column":14},"end":{"line":277,"column":28}},"174":{"start":{"line":278,"column":14},"end":{"line":285,"column":15}},"175":{"start":{"line":279,"column":16},"end":{"line":279,"column":34}},"176":{"start":{"line":280,"column":16},"end":{"line":284,"column":17}},"177":{"start":{"line":281,"column":18},"end":{"line":281,"column":37}},"178":{"start":{"line":283,"column":18},"end":{"line":283,"column":27}},"179":{"start":{"line":286,"column":14},"end":{"line":286,"column":30}},"180":{"start":{"line":288,"column":12},"end":{"line":288,"column":26}},"181":{"start":{"line":289,"column":12},"end":{"line":303,"column":13}},"182":{"start":{"line":290,"column":14},"end":{"line":290,"column":30}},"183":{"start":{"line":291,"column":14},"end":{"line":302,"column":29}},"184":{"start":{"line":292,"column":16},"end":{"line":301,"column":18}},"185":{"start":{"line":293,"column":18},"end":{"line":300,"column":21}},"186":{"start":{"line":296,"column":22},"end":{"line":296,"column":31}},"187":{"start":{"line":297,"column":22},"end":{"line":297,"column":85}},"188":{"start":{"line":298,"column":22},"end":{"line":298,"column":127}},"189":{"start":{"line":304,"column":12},"end":{"line":304,"column":28}},"190":{"start":{"line":311,"column":2},"end":{"line":441,"column":4}},"191":{"start":{"line":314,"column":6},"end":{"line":314,"column":34}},"192":{"start":{"line":315,"column":6},"end":{"line":321,"column":7}},"193":{"start":{"line":316,"column":8},"end":{"line":316,"column":38}},"194":{"start":{"line":317,"column":13},"end":{"line":321,"column":7}},"195":{"start":{"line":318,"column":8},"end":{"line":318,"column":15}},"196":{"start":{"line":320,"column":8},"end":{"line":320,"column":22}},"197":{"start":{"line":322,"column":6},"end":{"line":329,"column":7}},"198":{"start":{"line":323,"column":8},"end":{"line":323,"column":27}},"199":{"start":{"line":324,"column":8},"end":{"line":328,"column":9}},"200":{"start":{"line":325,"column":10},"end":{"line":327,"column":11}},"201":{"start":{"line":326,"column":12},"end":{"line":326,"column":40}},"202":{"start":{"line":330,"column":6},"end":{"line":330,"column":73}},"203":{"start":{"line":333,"column":6},"end":{"line":333,"column":34}},"204":{"start":{"line":334,"column":6},"end":{"line":340,"column":7}},"205":{"start":{"line":335,"column":8},"end":{"line":335,"column":35}},"206":{"start":{"line":336,"column":13},"end":{"line":340,"column":7}},"207":{"start":{"line":337,"column":8},"end":{"line":337,"column":15}},"208":{"start":{"line":339,"column":8},"end":{"line":339,"column":22}},"209":{"start":{"line":341,"column":6},"end":{"line":348,"column":7}},"210":{"start":{"line":342,"column":8},"end":{"line":342,"column":27}},"211":{"start":{"line":343,"column":8},"end":{"line":347,"column":9}},"212":{"start":{"line":344,"column":10},"end":{"line":346,"column":11}},"213":{"start":{"line":345,"column":12},"end":{"line":345,"column":30}},"214":{"start":{"line":349,"column":6},"end":{"line":349,"column":73}},"215":{"start":{"line":352,"column":6},"end":{"line":352,"column":72}},"216":{"start":{"line":353,"column":6},"end":{"line":353,"column":71}},"217":{"start":{"line":354,"column":6},"end":{"line":357,"column":7}},"218":{"start":{"line":355,"column":8},"end":{"line":355,"column":69}},"219":{"start":{"line":356,"column":8},"end":{"line":356,"column":42}},"220":{"start":{"line":358,"column":6},"end":{"line":373,"column":7}},"221":{"start":{"line":359,"column":8},"end":{"line":359,"column":27}},"222":{"start":{"line":360,"column":8},"end":{"line":362,"column":9}},"223":{"start":{"line":361,"column":10},"end":{"line":361,"column":19}},"224":{"start":{"line":363,"column":8},"end":{"line":365,"column":9}},"225":{"start":{"line":364,"column":10},"end":{"line":364,"column":43}},"226":{"start":{"line":366,"column":8},"end":{"line":366,"column":29}},"227":{"start":{"line":367,"column":8},"end":{"line":372,"column":9}},"228":{"start":{"line":368,"column":10},"end":{"line":368,"column":56}},"229":{"start":{"line":369,"column":10},"end":{"line":371,"column":11}},"230":{"start":{"line":370,"column":12},"end":{"line":370,"column":40}},"231":{"start":{"line":374,"column":6},"end":{"line":374,"column":35}},"232":{"start":{"line":375,"column":6},"end":{"line":383,"column":7}},"233":{"start":{"line":376,"column":8},"end":{"line":376,"column":26}},"234":{"start":{"line":377,"column":8},"end":{"line":382,"column":9}},"235":{"start":{"line":378,"column":10},"end":{"line":378,"column":56}},"236":{"start":{"line":379,"column":10},"end":{"line":381,"column":11}},"237":{"start":{"line":380,"column":12},"end":{"line":380,"column":40}},"238":{"start":{"line":384,"column":6},"end":{"line":384,"column":18}},"239":{"start":{"line":387,"column":6},"end":{"line":387,"column":72}},"240":{"start":{"line":388,"column":6},"end":{"line":388,"column":71}},"241":{"start":{"line":389,"column":6},"end":{"line":392,"column":7}},"242":{"start":{"line":390,"column":8},"end":{"line":390,"column":69}},"243":{"start":{"line":391,"column":8},"end":{"line":391,"column":42}},"244":{"start":{"line":393,"column":6},"end":{"line":408,"column":7}},"245":{"start":{"line":394,"column":8},"end":{"line":394,"column":27}},"246":{"start":{"line":395,"column":8},"end":{"line":397,"column":9}},"247":{"start":{"line":396,"column":10},"end":{"line":396,"column":19}},"248":{"start":{"line":398,"column":8},"end":{"line":400,"column":9}},"249":{"start":{"line":399,"column":10},"end":{"line":399,"column":43}},"250":{"start":{"line":401,"column":8},"end":{"line":401,"column":28}},"251":{"start":{"line":402,"column":8},"end":{"line":407,"column":9}},"252":{"start":{"line":403,"column":10},"end":{"line":403,"column":56}},"253":{"start":{"line":404,"column":10},"end":{"line":406,"column":11}},"254":{"start":{"line":405,"column":12},"end":{"line":405,"column":39}},"255":{"start":{"line":409,"column":6},"end":{"line":409,"column":35}},"256":{"start":{"line":410,"column":6},"end":{"line":418,"column":7}},"257":{"start":{"line":411,"column":8},"end":{"line":411,"column":26}},"258":{"start":{"line":412,"column":8},"end":{"line":417,"column":9}},"259":{"start":{"line":413,"column":10},"end":{"line":413,"column":56}},"260":{"start":{"line":414,"column":10},"end":{"line":416,"column":11}},"261":{"start":{"line":415,"column":12},"end":{"line":415,"column":39}},"262":{"start":{"line":419,"column":6},"end":{"line":419,"column":18}},"263":{"start":{"line":422,"column":6},"end":{"line":424,"column":7}},"264":{"start":{"line":423,"column":8},"end":{"line":423,"column":19}},"265":{"start":{"line":425,"column":6},"end":{"line":429,"column":7}},"266":{"start":{"line":426,"column":8},"end":{"line":426,"column":21}},"267":{"start":{"line":428,"column":8},"end":{"line":428,"column":20}},"268":{"start":{"line":432,"column":6},"end":{"line":432,"column":34}},"269":{"start":{"line":433,"column":6},"end":{"line":433,"column":71}},"270":{"start":{"line":434,"column":6},"end":{"line":438,"column":7}},"271":{"start":{"line":435,"column":8},"end":{"line":435,"column":27}},"272":{"start":{"line":436,"column":8},"end":{"line":436,"column":28}},"273":{"start":{"line":437,"column":8},"end":{"line":437,"column":27}},"274":{"start":{"line":439,"column":6},"end":{"line":439,"column":18}},"275":{"start":{"line":443,"column":2},"end":{"line":588,"column":4}},"276":{"start":{"line":446,"column":8},"end":{"line":446,"column":17}},"277":{"start":{"line":447,"column":8},"end":{"line":449,"column":9}},"278":{"start":{"line":448,"column":10},"end":{"line":448,"column":20}},"279":{"start":{"line":450,"column":8},"end":{"line":453,"column":9}},"280":{"start":{"line":451,"column":10},"end":{"line":451,"column":25}},"281":{"start":{"line":452,"column":10},"end":{"line":452,"column":36}},"282":{"start":{"line":454,"column":8},"end":{"line":456,"column":11}},"283":{"start":{"line":459,"column":8},"end":{"line":459,"column":17}},"284":{"start":{"line":460,"column":8},"end":{"line":462,"column":9}},"285":{"start":{"line":461,"column":10},"end":{"line":461,"column":20}},"286":{"start":{"line":463,"column":8},"end":{"line":466,"column":9}},"287":{"start":{"line":464,"column":10},"end":{"line":464,"column":25}},"288":{"start":{"line":465,"column":10},"end":{"line":465,"column":36}},"289":{"start":{"line":467,"column":8},"end":{"line":469,"column":11}},"290":{"start":{"line":472,"column":8},"end":{"line":472,"column":32}},"291":{"start":{"line":473,"column":8},"end":{"line":475,"column":9}},"292":{"start":{"line":474,"column":10},"end":{"line":474,"column":20}},"293":{"start":{"line":476,"column":8},"end":{"line":479,"column":9}},"294":{"start":{"line":477,"column":10},"end":{"line":477,"column":28}},"295":{"start":{"line":478,"column":10},"end":{"line":478,"column":39}},"296":{"start":{"line":480,"column":8},"end":{"line":480,"column":22}},"297":{"start":{"line":481,"column":8},"end":{"line":494,"column":9}},"298":{"start":{"line":482,"column":10},"end":{"line":482,"column":31}},"299":{"start":{"line":483,"column":10},"end":{"line":493,"column":29}},"300":{"start":{"line":484,"column":12},"end":{"line":492,"column":14}},"301":{"start":{"line":485,"column":14},"end":{"line":487,"column":17}},"302":{"start":{"line":486,"column":16},"end":{"line":486,"column":77}},"303":{"start":{"line":488,"column":14},"end":{"line":491,"column":17}},"304":{"start":{"line":489,"column":16},"end":{"line":489,"column":45}},"305":{"start":{"line":490,"column":16},"end":{"line":490,"column":53}},"306":{"start":{"line":495,"column":8},"end":{"line":495,"column":24}},"307":{"start":{"line":498,"column":8},"end":{"line":498,"column":48}},"308":{"start":{"line":499,"column":8},"end":{"line":499,"column":22}},"309":{"start":{"line":500,"column":8},"end":{"line":534,"column":9}},"310":{"start":{"line":501,"column":10},"end":{"line":501,"column":36}},"311":{"start":{"line":502,"column":10},"end":{"line":533,"column":11}},"312":{"start":{"line":503,"column":12},"end":{"line":532,"column":27}},"313":{"start":{"line":504,"column":14},"end":{"line":504,"column":28}},"314":{"start":{"line":505,"column":14},"end":{"line":505,"column":29}},"315":{"start":{"line":506,"column":14},"end":{"line":530,"column":15}},"316":{"start":{"line":507,"column":16},"end":{"line":507,"column":37}},"317":{"start":{"line":508,"column":16},"end":{"line":529,"column":35}},"318":{"start":{"line":509,"column":18},"end":{"line":528,"column":20}},"319":{"start":{"line":510,"column":20},"end":{"line":510,"column":28}},"320":{"start":{"line":511,"column":20},"end":{"line":513,"column":22}},"321":{"start":{"line":514,"column":20},"end":{"line":514,"column":49}},"322":{"start":{"line":515,"column":20},"end":{"line":515,"column":37}},"323":{"start":{"line":516,"column":20},"end":{"line":516,"column":40}},"324":{"start":{"line":517,"column":20},"end":{"line":526,"column":21}},"325":{"start":{"line":518,"column":22},"end":{"line":520,"column":24}},"326":{"start":{"line":519,"column":24},"end":{"line":519,"column":61}},"327":{"start":{"line":521,"column":27},"end":{"line":526,"column":21}},"328":{"start":{"line":522,"column":22},"end":{"line":525,"column":24}},"329":{"start":{"line":523,"column":24},"end":{"line":523,"column":35}},"330":{"start":{"line":524,"column":24},"end":{"line":524,"column":77}},"331":{"start":{"line":527,"column":20},"end":{"line":527,"column":77}},"332":{"start":{"line":531,"column":14},"end":{"line":531,"column":31}},"333":{"start":{"line":535,"column":8},"end":{"line":535,"column":24}},"334":{"start":{"line":540,"column":8},"end":{"line":540,"column":17}},"335":{"start":{"line":541,"column":8},"end":{"line":543,"column":9}},"336":{"start":{"line":542,"column":10},"end":{"line":542,"column":20}},"337":{"start":{"line":544,"column":8},"end":{"line":547,"column":9}},"338":{"start":{"line":545,"column":10},"end":{"line":545,"column":25}},"339":{"start":{"line":546,"column":10},"end":{"line":546,"column":36}},"340":{"start":{"line":548,"column":8},"end":{"line":552,"column":11}},"341":{"start":{"line":550,"column":12},"end":{"line":550,"column":40}},"342":{"start":{"line":555,"column":8},"end":{"line":555,"column":17}},"343":{"start":{"line":556,"column":8},"end":{"line":558,"column":9}},"344":{"start":{"line":557,"column":10},"end":{"line":557,"column":20}},"345":{"start":{"line":559,"column":8},"end":{"line":562,"column":9}},"346":{"start":{"line":560,"column":10},"end":{"line":560,"column":25}},"347":{"start":{"line":561,"column":10},"end":{"line":561,"column":36}},"348":{"start":{"line":563,"column":8},"end":{"line":567,"column":11}},"349":{"start":{"line":565,"column":12},"end":{"line":565,"column":40}},"350":{"start":{"line":570,"column":8},"end":{"line":570,"column":17}},"351":{"start":{"line":571,"column":8},"end":{"line":573,"column":9}},"352":{"start":{"line":572,"column":10},"end":{"line":572,"column":20}},"353":{"start":{"line":574,"column":8},"end":{"line":577,"column":9}},"354":{"start":{"line":575,"column":10},"end":{"line":575,"column":28}},"355":{"start":{"line":576,"column":10},"end":{"line":576,"column":39}},"356":{"start":{"line":578,"column":8},"end":{"line":582,"column":11}},"357":{"start":{"line":580,"column":12},"end":{"line":580,"column":41}},"358":{"start":{"line":585,"column":8},"end":{"line":585,"column":56}},"359":{"start":{"line":590,"column":2},"end":{"line":754,"column":35}},"360":{"start":{"line":591,"column":4},"end":{"line":591,"column":34}},"361":{"start":{"line":593,"column":4},"end":{"line":593,"column":40}},"362":{"start":{"line":595,"column":4},"end":{"line":595,"column":41}},"363":{"start":{"line":597,"column":4},"end":{"line":607,"column":5}},"364":{"start":{"line":598,"column":6},"end":{"line":600,"column":7}},"365":{"start":{"line":599,"column":8},"end":{"line":599,"column":20}},"366":{"start":{"line":601,"column":6},"end":{"line":603,"column":7}},"367":{"start":{"line":602,"column":8},"end":{"line":602,"column":21}},"368":{"start":{"line":604,"column":6},"end":{"line":604,"column":62}},"369":{"start":{"line":605,"column":6},"end":{"line":605,"column":50}},"370":{"start":{"line":606,"column":6},"end":{"line":606,"column":62}},"371":{"start":{"line":609,"column":4},"end":{"line":611,"column":6}},"372":{"start":{"line":610,"column":6},"end":{"line":610,"column":80}},"373":{"start":{"line":613,"column":4},"end":{"line":620,"column":6}},"374":{"start":{"line":614,"column":6},"end":{"line":614,"column":47}},"375":{"start":{"line":615,"column":6},"end":{"line":615,"column":177}},"376":{"start":{"line":616,"column":6},"end":{"line":616,"column":92}},"377":{"start":{"line":617,"column":6},"end":{"line":617,"column":126}},"378":{"start":{"line":618,"column":6},"end":{"line":618,"column":44}},"379":{"start":{"line":619,"column":6},"end":{"line":619,"column":17}},"380":{"start":{"line":622,"column":4},"end":{"line":629,"column":6}},"381":{"start":{"line":623,"column":6},"end":{"line":625,"column":7}},"382":{"start":{"line":624,"column":8},"end":{"line":624,"column":21}},"383":{"start":{"line":626,"column":6},"end":{"line":628,"column":10}},"384":{"start":{"line":631,"column":4},"end":{"line":635,"column":6}},"385":{"start":{"line":632,"column":6},"end":{"line":634,"column":9}},"386":{"start":{"line":637,"column":4},"end":{"line":725,"column":6}},"387":{"start":{"line":638,"column":6},"end":{"line":638,"column":54}},"388":{"start":{"line":639,"column":6},"end":{"line":641,"column":7}},"389":{"start":{"line":640,"column":8},"end":{"line":640,"column":67}},"390":{"start":{"line":642,"column":6},"end":{"line":724,"column":7}},"391":{"start":{"line":643,"column":8},"end":{"line":652,"column":10}},"392":{"start":{"line":644,"column":10},"end":{"line":644,"column":25}},"393":{"start":{"line":645,"column":10},"end":{"line":650,"column":11}},"394":{"start":{"line":646,"column":12},"end":{"line":646,"column":31}},"395":{"start":{"line":647,"column":12},"end":{"line":649,"column":13}},"396":{"start":{"line":648,"column":14},"end":{"line":648,"column":27}},"397":{"start":{"line":651,"column":10},"end":{"line":651,"column":22}},"398":{"start":{"line":653,"column":8},"end":{"line":661,"column":10}},"399":{"start":{"line":654,"column":10},"end":{"line":654,"column":35}},"400":{"start":{"line":655,"column":10},"end":{"line":655,"column":24}},"401":{"start":{"line":656,"column":10},"end":{"line":659,"column":11}},"402":{"start":{"line":657,"column":12},"end":{"line":657,"column":31}},"403":{"start":{"line":658,"column":12},"end":{"line":658,"column":49}},"404":{"start":{"line":660,"column":10},"end":{"line":660,"column":26}},"405":{"start":{"line":662,"column":8},"end":{"line":670,"column":10}},"406":{"start":{"line":663,"column":10},"end":{"line":663,"column":35}},"407":{"start":{"line":664,"column":10},"end":{"line":664,"column":24}},"408":{"start":{"line":665,"column":10},"end":{"line":668,"column":11}},"409":{"start":{"line":666,"column":12},"end":{"line":666,"column":31}},"410":{"start":{"line":667,"column":12},"end":{"line":667,"column":44}},"411":{"start":{"line":669,"column":10},"end":{"line":669,"column":26}},"412":{"start":{"line":671,"column":8},"end":{"line":675,"column":11}},"413":{"start":{"line":676,"column":13},"end":{"line":724,"column":7}},"414":{"start":{"line":677,"column":8},"end":{"line":677,"column":20}},"415":{"start":{"line":678,"column":8},"end":{"line":722,"column":10}},"416":{"start":{"line":680,"column":12},"end":{"line":684,"column":14}},"417":{"start":{"line":681,"column":14},"end":{"line":681,"column":50}},"418":{"start":{"line":682,"column":14},"end":{"line":682,"column":43}},"419":{"start":{"line":683,"column":14},"end":{"line":683,"column":194}},"420":{"start":{"line":687,"column":12},"end":{"line":692,"column":14}},"421":{"start":{"line":688,"column":14},"end":{"line":691,"column":17}},"422":{"start":{"line":689,"column":16},"end":{"line":689,"column":25}},"423":{"start":{"line":690,"column":16},"end":{"line":690,"column":80}},"424":{"start":{"line":695,"column":12},"end":{"line":699,"column":14}},"425":{"start":{"line":696,"column":14},"end":{"line":698,"column":17}},"426":{"start":{"line":697,"column":16},"end":{"line":697,"column":47}},"427":{"start":{"line":702,"column":12},"end":{"line":706,"column":14}},"428":{"start":{"line":703,"column":14},"end":{"line":705,"column":17}},"429":{"start":{"line":704,"column":16},"end":{"line":704,"column":47}},"430":{"start":{"line":709,"column":12},"end":{"line":713,"column":14}},"431":{"start":{"line":710,"column":14},"end":{"line":712,"column":17}},"432":{"start":{"line":711,"column":16},"end":{"line":711,"column":46}},"433":{"start":{"line":716,"column":12},"end":{"line":720,"column":14}},"434":{"start":{"line":717,"column":14},"end":{"line":719,"column":17}},"435":{"start":{"line":718,"column":16},"end":{"line":718,"column":46}},"436":{"start":{"line":723,"column":8},"end":{"line":723,"column":21}},"437":{"start":{"line":727,"column":4},"end":{"line":731,"column":6}},"438":{"start":{"line":728,"column":6},"end":{"line":730,"column":9}},"439":{"start":{"line":733,"column":4},"end":{"line":750,"column":6}},"440":{"start":{"line":734,"column":6},"end":{"line":734,"column":41}},"441":{"start":{"line":735,"column":6},"end":{"line":737,"column":7}},"442":{"start":{"line":736,"column":8},"end":{"line":736,"column":30}},"443":{"start":{"line":738,"column":6},"end":{"line":738,"column":18}},"444":{"start":{"line":739,"column":6},"end":{"line":748,"column":7}},"445":{"start":{"line":740,"column":8},"end":{"line":740,"column":29}},"446":{"start":{"line":741,"column":8},"end":{"line":744,"column":9}},"447":{"start":{"line":742,"column":10},"end":{"line":742,"column":29}},"448":{"start":{"line":743,"column":10},"end":{"line":743,"column":16}},"449":{"start":{"line":745,"column":8},"end":{"line":745,"column":41}},"450":{"start":{"line":746,"column":8},"end":{"line":746,"column":25}},"451":{"start":{"line":747,"column":8},"end":{"line":747,"column":27}},"452":{"start":{"line":749,"column":6},"end":{"line":749,"column":20}},"453":{"start":{"line":752,"column":4},"end":{"line":752,"column":22}},"454":{"start":{"line":756,"column":2},"end":{"line":847,"column":23}},"455":{"start":{"line":757,"column":4},"end":{"line":757,"column":31}},"456":{"start":{"line":759,"column":4},"end":{"line":805,"column":5}},"457":{"start":{"line":760,"column":6},"end":{"line":762,"column":7}},"458":{"start":{"line":761,"column":8},"end":{"line":761,"column":21}},"459":{"start":{"line":763,"column":6},"end":{"line":763,"column":35}},"460":{"start":{"line":764,"column":6},"end":{"line":764,"column":41}},"461":{"start":{"line":765,"column":6},"end":{"line":765,"column":22}},"462":{"start":{"line":766,"column":6},"end":{"line":766,"column":60}},"463":{"start":{"line":767,"column":6},"end":{"line":771,"column":16}},"464":{"start":{"line":768,"column":8},"end":{"line":770,"column":10}},"465":{"start":{"line":769,"column":10},"end":{"line":769,"column":66}},"466":{"start":{"line":772,"column":6},"end":{"line":784,"column":16}},"467":{"start":{"line":773,"column":8},"end":{"line":783,"column":10}},"468":{"start":{"line":774,"column":10},"end":{"line":774,"column":35}},"469":{"start":{"line":775,"column":10},"end":{"line":775,"column":45}},"470":{"start":{"line":776,"column":10},"end":{"line":776,"column":58}},"471":{"start":{"line":777,"column":10},"end":{"line":779,"column":11}},"472":{"start":{"line":778,"column":12},"end":{"line":778,"column":51}},"473":{"start":{"line":780,"column":10},"end":{"line":782,"column":11}},"474":{"start":{"line":781,"column":12},"end":{"line":781,"column":47}},"475":{"start":{"line":785,"column":6},"end":{"line":794,"column":16}},"476":{"start":{"line":786,"column":8},"end":{"line":793,"column":10}},"477":{"start":{"line":787,"column":10},"end":{"line":787,"column":20}},"478":{"start":{"line":788,"column":10},"end":{"line":788,"column":45}},"479":{"start":{"line":789,"column":10},"end":{"line":791,"column":11}},"480":{"start":{"line":790,"column":12},"end":{"line":790,"column":40}},"481":{"start":{"line":792,"column":10},"end":{"line":792,"column":32}},"482":{"start":{"line":795,"column":6},"end":{"line":804,"column":16}},"483":{"start":{"line":796,"column":8},"end":{"line":803,"column":10}},"484":{"start":{"line":797,"column":10},"end":{"line":797,"column":20}},"485":{"start":{"line":798,"column":10},"end":{"line":798,"column":45}},"486":{"start":{"line":799,"column":10},"end":{"line":801,"column":11}},"487":{"start":{"line":800,"column":12},"end":{"line":800,"column":43}},"488":{"start":{"line":802,"column":10},"end":{"line":802,"column":32}},"489":{"start":{"line":807,"column":4},"end":{"line":809,"column":6}},"490":{"start":{"line":808,"column":6},"end":{"line":808,"column":56}},"491":{"start":{"line":811,"column":4},"end":{"line":815,"column":6}},"492":{"start":{"line":812,"column":6},"end":{"line":812,"column":15}},"493":{"start":{"line":813,"column":6},"end":{"line":813,"column":69}},"494":{"start":{"line":814,"column":6},"end":{"line":814,"column":45}},"495":{"start":{"line":817,"column":4},"end":{"line":823,"column":6}},"496":{"start":{"line":818,"column":6},"end":{"line":822,"column":16}},"497":{"start":{"line":819,"column":8},"end":{"line":821,"column":10}},"498":{"start":{"line":820,"column":10},"end":{"line":820,"column":48}},"499":{"start":{"line":825,"column":4},"end":{"line":829,"column":6}},"500":{"start":{"line":826,"column":6},"end":{"line":826,"column":15}},"501":{"start":{"line":827,"column":6},"end":{"line":827,"column":69}},"502":{"start":{"line":828,"column":6},"end":{"line":828,"column":41}},"503":{"start":{"line":831,"column":4},"end":{"line":843,"column":6}},"504":{"start":{"line":832,"column":6},"end":{"line":832,"column":16}},"505":{"start":{"line":833,"column":6},"end":{"line":842,"column":20}},"506":{"start":{"line":834,"column":8},"end":{"line":834,"column":37}},"507":{"start":{"line":835,"column":8},"end":{"line":835,"column":41}},"508":{"start":{"line":836,"column":8},"end":{"line":836,"column":22}},"509":{"start":{"line":837,"column":8},"end":{"line":840,"column":9}},"510":{"start":{"line":838,"column":10},"end":{"line":838,"column":27}},"511":{"start":{"line":839,"column":10},"end":{"line":839,"column":51}},"512":{"start":{"line":841,"column":8},"end":{"line":841,"column":24}},"513":{"start":{"line":845,"column":4},"end":{"line":845,"column":19}},"514":{"start":{"line":849,"column":2},"end":{"line":922,"column":23}},"515":{"start":{"line":850,"column":4},"end":{"line":850,"column":32}},"516":{"start":{"line":852,"column":4},"end":{"line":918,"column":5}},"517":{"start":{"line":853,"column":6},"end":{"line":855,"column":7}},"518":{"start":{"line":854,"column":8},"end":{"line":854,"column":21}},"519":{"start":{"line":856,"column":6},"end":{"line":856,"column":35}},"520":{"start":{"line":857,"column":6},"end":{"line":857,"column":41}},"521":{"start":{"line":858,"column":6},"end":{"line":858,"column":35}},"522":{"start":{"line":859,"column":6},"end":{"line":859,"column":43}},"523":{"start":{"line":860,"column":6},"end":{"line":860,"column":45}},"524":{"start":{"line":861,"column":6},"end":{"line":861,"column":61}},"525":{"start":{"line":862,"column":6},"end":{"line":868,"column":16}},"526":{"start":{"line":863,"column":8},"end":{"line":867,"column":10}},"527":{"start":{"line":864,"column":10},"end":{"line":866,"column":11}},"528":{"start":{"line":865,"column":12},"end":{"line":865,"col
[...]
]},"139":{"line":647,"type":"if","locations":[{"start":{"line":647,"column":12},"end":{"line":647,"column":12}},{"start":{"line":647,"column":12},"end":{"line":647,"column":12}}]},"140":{"line":676,"type":"if","locations":[{"start":{"line":676,"column":13},"end":{"line":676,"column":13}},{"start":{"line":676,"column":13},"end":{"line":676,"column":13}}]},"141":{"line":683,"type":"binary-expr","locations":[{"start":{"line":683,"column":21},"end":{"line":683,"column":151}},{"start":{"line":683,"column":156},"end":{"line":683,"column":192}}]},"142":{"line":683,"type":"binary-expr","locations":[{"start":{"line":683,"column":31},"end":{"line":683,"column":122}},{"start":{"line":683,"column":127},"end":{"line":683,"column":141}}]},"143":{"line":683,"type":"binary-expr","locations":[{"start":{"line":683,"column":42},"end":{"line":683,"column":95}},{"start":{"line":683,"column":100},"end":{"line":683,"column":116}}]},"144":{"line":683,"type":"binary-expr","locations":[{"start":{"line":683,"column":53},"end":{"line":683,"column":65}},{"start":{"line":683,"column":70},"end":{"line":683,"column":87}}]},"145":{"line":735,"type":"if","locations":[{"start":{"line":735,"column":6},"end":{"line":735,"column":6}},{"start":{"line":735,"column":6},"end":{"line":735,"column":6}}]},"146":{"line":741,"type":"if","locations":[{"start":{"line":741,"column":8},"end":{"line":741,"column":8}},{"start":{"line":741,"column":8},"end":{"line":741,"column":8}}]},"147":{"line":760,"type":"if","locations":[{"start":{"line":760,"column":6},"end":{"line":760,"column":6}},{"start":{"line":760,"column":6},"end":{"line":760,"column":6}}]},"148":{"line":777,"type":"if","locations":[{"start":{"line":777,"column":10},"end":{"line":777,"column":10}},{"start":{"line":777,"column":10},"end":{"line":777,"column":10}}]},"149":{"line":780,"type":"if","locations":[{"start":{"line":780,"column":10},"end":{"line":780,"column":10}},{"start":{"line":780,"column":10},"end":{"line":780,"column":10}}]},"150":{"line":789,"type":"if","locations":[{"start":{"line":789,"column":10},"end":{"line":789,"column":10}},{"start":{"line":789,"column":10},"end":{"line":789,"column":10}}]},"151":{"line":799,"type":"if","locations":[{"start":{"line":799,"column":10},"end":{"line":799,"column":10}},{"start":{"line":799,"column":10},"end":{"line":799,"column":10}}]},"152":{"line":813,"type":"cond-expr","locations":[{"start":{"line":813,"column":37},"end":{"line":813,"column":63}},{"start":{"line":813,"column":66},"end":{"line":813,"column":68}}]},"153":{"line":827,"type":"cond-expr","locations":[{"start":{"line":827,"column":37},"end":{"line":827,"column":63}},{"start":{"line":827,"column":66},"end":{"line":827,"column":68}}]},"154":{"line":853,"type":"if","locations":[{"start":{"line":853,"column":6},"end":{"line":853,"column":6}},{"start":{"line":853,"column":6},"end":{"line":853,"column":6}}]},"155":{"line":864,"type":"if","locations":[{"start":{"line":864,"column":10},"end":{"line":864,"column":10}},{"start":{"line":864,"column":10},"end":{"line":864,"column":10}}]},"156":{"line":871,"type":"if","locations":[{"start":{"line":871,"column":10},"end":{"line":871,"column":10}},{"start":{"line":871,"column":10},"end":{"line":871,"column":10}}]},"157":{"line":883,"type":"if","locations":[{"start":{"line":883,"column":10},"end":{"line":883,"column":10}},{"start":{"line":883,"column":10},"end":{"line":883,"column":10}}]},"158":{"line":892,"type":"if","locations":[{"start":{"line":892,"column":10},"end":{"line":892,"column":10}},{"start":{"line":892,"column":10},"end":{"line":892,"column":10}}]},"159":{"line":895,"type":"if","locations":[{"start":{"line":895,"column":10},"end":{"line":895,"column":10}},{"start":{"line":895,"column":10},"end":{"line":895,"column":10}}]},"160":{"line":905,"type":"if","locations":[{"start":{"line":905,"column":10},"end":{"line":905,"column":10}},{"start":{"line":905,"column":10},"end":{"line":905,"column":10}}]},"161":{"line":908,"type":"if","locations":[{"start":{"line":908,"column":10},"end":{"line":908,"column":10}},{"start":{"line":908,"column":10},"end":{"line":908,"column":10}}]},"162":{"line":911,"type":"if","locations":[{"start":{"line":911,"column":10},"end":{"line":911,"column":10}},{"start":{"line":911,"column":10},"end":{"line":911,"column":10}}]},"163":{"line":929,"type":"if","locations":[{"start":{"line":929,"column":6},"end":{"line":929,"column":6}},{"start":{"line":929,"column":6},"end":{"line":929,"column":6}}]},"164":{"line":932,"type":"if","locations":[{"start":{"line":932,"column":6},"end":{"line":932,"column":6}},{"start":{"line":932,"column":6},"end":{"line":932,"column":6}}]},"165":{"line":946,"type":"binary-expr","locations":[{"start":{"line":946,"column":6},"end":{"line":946,"column":51}},{"start":{"line":946,"column":56},"end":{"line":946,"column":72}}]},"166":{"line":952,"type":"binary-expr","locations":[{"start":{"line":952,"column":6},"end":{"line":952,"column":51}},{"start":{"line":952,"column":56},"end":{"line":952,"column":72}}]},"167":{"line":957,"type":"if","locations":[{"start":{"line":957,"column":6},"end":{"line":957,"column":6}},{"start":{"line":957,"column":6},"end":{"line":957,"column":6}}]},"168":{"line":960,"type":"binary-expr","locations":[{"start":{"line":960,"column":6},"end":{"line":960,"column":16}},{"start":{"line":960,"column":21},"end":{"line":960,"column":50}}]},"169":{"line":974,"type":"if","locations":[{"start":{"line":974,"column":6},"end":{"line":974,"column":6}},{"start":{"line":974,"column":6},"end":{"line":974,"column":6}}]},"170":{"line":978,"type":"if","locations":[{"start":{"line":978,"column":6},"end":{"line":978,"column":6}},{"start":{"line":978,"column":6},"end":{"line":978,"column":6}}]},"171":{"line":1003,"type":"if","locations":[{"start":{"line":1003,"column":6},"end":{"line":1003,"column":6}},{"start":{"line":1003,"column":6},"end":{"line":1003,"column":6}}]},"172":{"line":1009,"type":"if","locations":[{"start":{"line":1009,"column":6},"end":{"line":1009,"column":6}},{"start":{"line":1009,"column":6},"end":{"line":1009,"column":6}}]},"173":{"line":1024,"type":"if","locations":[{"start":{"line":1024,"column":12},"end":{"line":1024,"column":12}},{"start":{"line":1024,"column":12},"end":{"line":1024,"column":12}}]},"174":{"line":1024,"type":"binary-expr","locations":[{"start":{"line":1024,"column":17},"end":{"line":1024,"column":32}},{"start":{"line":1024,"column":38},"end":{"line":1024,"column":81}}]},"175":{"line":1035,"type":"if","locations":[{"start":{"line":1035,"column":8},"end":{"line":1035,"column":8}},{"start":{"line":1035,"column":8},"end":{"line":1035,"column":8}}]},"176":{"line":1035,"type":"cond-expr","locations":[{"start":{"line":1035,"column":42},"end":{"line":1035,"column":52}},{"start":{"line":1035,"column":55},"end":{"line":1035,"column":61}}]},"177":{"line":1044,"type":"binary-expr","locations":[{"start":{"line":1044,"column":15},"end":{"line":1044,"column":33}},{"start":{"line":1044,"column":37},"end":{"line":1046,"column":10}}]},"178":{"line":1058,"type":"if","locations":[{"start":{"line":1058,"column":16},"end":{"line":1058,"column":16}},{"start":{"line":1058,"column":16},"end":{"line":1058,"column":16}}]},"179":{"line":1108,"type":"if","locations":[{"start":{"line":1108,"column":10},"end":{"line":1108,"column":10}},{"start":{"line":1108,"column":10},"end":{"line":1108,"column":10}}]},"180":{"line":1112,"type":"if","locations":[{"start":{"line":1112,"column":10},"end":{"line":1112,"column":10}},{"start":{"line":1112,"column":10},"end":{"line":1112,"column":10}}]},"181":{"line":1145,"type":"if","locations":[{"start":{"line":1145,"column":6},"end":{"line":1145,"column":6}},{"start":{"line":1145,"column":6},"end":{"line":1145,"column":6}}]},"182":{"line":1157,"type":"if","locations":[{"start":{"line":1157,"column":14},"end":{"line":1157,"column":14}},{"start":{"line":1157,"column":14},"end":{"line":1157,"column":14}}]},"183":{"line":1203,"type":"if","locations":[{"start":{"line":1203,"column":6},"end":{"line":1203,"column":6}},{"start":{"line":1203,"column":6},"end":{"line":1203,"column":6}}]},"184":{"line":1215,"type":"if","locations":[{"start":{"line":1215,"column":8},"end":{"line":1215,"column":8}},{"start":{"line":1215,"column":8},"end":{"line":1215,"column":8}}]},"185":{"line":1219,"type":"binary-expr","locations":[{"start":{"line":1219,"column":46},"end":{"line":1219,"column":52}},{"start":{"line":1219,"column":56},"end":{"line":1219,"column":60}}]},"186":{"line":1224,"type":"binary-expr","locations":[{"start":{"line":1224,"column":31},"end":{"line":1224,"column":37}},{"start":{"line":1224,"column":41},"end":{"line":1226,"column":12}},{"start":{"line":1226,"column":17},"end":{"line":1229,"column":12}},{"start":{"line":1229,"column":16},"end":{"line":1231,"column":12}}]},"187":{"line":1232,"type":"if","locations":[{"start":{"line":1232,"column":10},"end":{"line":1232,"column":10}},{"start":{"line":1232,"column":10},"end":{"line":1232,"column":10}}]},"188":{"line":1288,"type":"if","locations":[{"start":{"line":1288,"column":6},"end":{"line":1288,"column":6}},{"start":{"line":1288,"column":6},"end":{"line":1288,"column":6}}]},"189":{"line":1305,"type":"switch","locations":[{"start":{"line":1306,"column":8},"end":{"line":1314,"column":16}},{"start":{"line":1315,"column":8},"end":{"line":1325,"column":16}},{"start":{"line":1326,"column":8},"end":{"line":1331,"column":14}}]},"190":{"line":1309,"type":"binary-expr","locations":[{"start":{"line":1309,"column":24},"end":{"line":1309,"column":46}},{"start":{"line":1309,"column":50},"end":{"line":1309,"column":87}}]},"191":{"line":1311,"type":"if","locations":[{"start":{"line":1311,"column":10},"end":{"line":1311,"column":10}},{"start":{"line":1311,"column":10},"end":{"line":1311,"column":10}}]},"192":{"line":1318,"type":"binary-expr","locations":[{"start":{"line":1318,"column":24},"end":{"line":1318,"column":46}},{"start":{"line":1318,"column":50},"end":{"line":1318,"column":89}}]},"193":{"line":1320,"type":"binary-expr","locations":[{"start":{"line":1320,"column":20},"end":{"line":1320,"column":38}},{"start":{"line":1320,"column":42},"end":{"line":1320,"column":58}}]},"194":{"line":1322,"type":"if","locations":[{"start":{"line":1322,"column":10},"end":{"line":1322,"column":10}},{"start":{"line":1322,"column":10},"end":{"line":1322,"column":10}}]},"195":{"line":1328,"type":"binary-expr","locations":[{"start":{"line":1328,"column":24},"end":{"line":1328,"column":46}},{"start":{"line":1328,"column":50},"end":{"line":1328,"column":89}}]},"196":{"line":1330,"type":"binary-expr","locations":[{"start":{"line":1330,"column":20},"end":{"line":1330,"column":38}},{"start":{"line":1330,"column":42},"end":{"line":1330,"column":58}}]},"197":{"line":1350,"type":"if","locations":[{"start":{"line":1350,"column":8},"end":{"line":1350,"column":8}},{"start":{"line":1350,"column":8},"end":{"line":1350,"column":8}}]},"198":{"line":1381,"type":"if","locations":[{"start":{"line":1381,"column":8},"end":{"line":1381,"column":8}},{"start":{"line":1381,"column":8},"end":{"line":1381,"column":8}}]},"199":{"line":1393,"type":"if","locations":[{"start":{"line":1393,"column":8},"end":{"line":1393,"column":8}},{"start":{"line":1393,"column":8},"end":{"line":1393,"column":8}}]},"200":{"line":1393,"type":"cond-expr","locations":[{"start":{"line":1393,"column":52},"end":{"line":1393,"column":69}},{"start":{"line":1393,"column":72},"end":{"line":1393,"column":78}}]},"201":{"line":1448,"type":"if","locations":[{"start":{"line":1448,"column":8},"end":{"line":1448,"column":8}},{"start":{"line":1448,"column":8},"end":{"line":1448,"column":8}}]},"202":{"line":1448,"type":"cond-expr","locations":[{"start":{"line":1448,"column":44},"end":{"line":1448,"column":58}},{"start":{"line":1448,"column":61},"end":{"line":1448,"column":67}}]},"203":{"line":1460,"type":"if","locations":[{"start":{"line":1460,"column":8},"end":{"line":1460,"column":8}},{"start":{"line":1460,"column":8},"end":{"line":1460,"column":8}}]},"204":{"line":1460,"type":"binary-expr","locations":[{"start":{"line":1460,"column":15},"end":{"line":1460,"column":31}},{"start":{"line":1460,"column":37},"end":{"line":1460,"column":56}}]},"205":{"line":1463,"type":"cond-expr","locations":[{"start":{"line":1463,"column":104},"end":{"line":1463,"column":108}},{"start":{"line":1463,"column":111},"end":{"line":1463,"column":125}}]},"206":{"line":1463,"type":"cond-expr","locations":[{"start":{"line":1463,"column":67},"end":{"line":1463,"column":83}},{"start":{"line":1463,"column":86},"end":{"line":1463,"column":92}}]},"207":{"line":1465,"type":"if","locations":[{"start":{"line":1465,"column":8},"end":{"line":1465,"column":8}},{"start":{"line":1465,"column":8},"end":{"line":1465,"column":8}}]},"208":{"line":1479,"type":"cond-expr","locations":[{"start":{"line":1479,"column":104},"end":{"line":1479,"column":108}},{"start":{"line":1479,"column":111},"end":{"line":1479,"column":125}}]},"209":{"line":1479,"type":"cond-expr","locations":[{"start":{"line":1479,"column":67},"end":{"line":1479,"column":83}},{"start":{"line":1479,"column":86},"end":{"line":1479,"column":92}}]},"210":{"line":1480,"type":"if","locations":[{"start":{"line":1480,"column":8},"end":{"line":1480,"column":8}},{"start":{"line":1480,"column":8},"end":{"line":1480,"column":8}}]},"211":{"line":1482,"type":"if","locations":[{"start":{"line":1482,"column":10},"end":{"line":1482,"column":10}},{"start":{"line":1482,"column":10},"end":{"line":1482,"column":10}}]},"212":{"line":1486,"type":"if","locations":[{"start":{"line":1486,"column":10},"end":{"line":1486,"column":10}},{"start":{"line":1486,"column":10},"end":{"line":1486,"column":10}}]},"213":{"line":1492,"type":"if","locations":[{"start":{"line":1492,"column":10},"end":{"line":1492,"column":10}},{"start":{"line":1492,"column":10},"end":{"line":1492,"column":10}}]},"214":{"line":1523,"type":"cond-expr","locations":[{"start":{"line":1523,"column":99},"end":{"line":1523,"column":103}},{"start":{"line":1523,"column":106},"end":{"line":1523,"column":118}}]},"215":{"line":1523,"type":"cond-expr","locations":[{"start":{"line":1523,"column":64},"end":{"line":1523,"column":78}},{"start":{"line":1523,"column":81},"end":{"line":1523,"column":87}}]},"216":{"line":1529,"type":"cond-expr","locations":[{"start":{"line":1529,"column":106},"end":{"line":1529,"column":110}},{"start":{"line":1529,"column":113},"end":{"line":1529,"column":127}}]},"217":{"line":1529,"type":"cond-expr","locations":[{"start":{"line":1529,"column":69},"end":{"line":1529,"column":85}},{"start":{"line":1529,"column":88},"end":{"line":1529,"column":94}}]},"218":{"line":1550,"type":"if","locations":[{"start":{"line":1550,"column":16},"end":{"line":1550,"column":16}},{"start":{"line":1550,"column":16},"end":{"line":1550,"column":16}}]},"219":{"line":1557,"type":"switch","locations":[{"start":{"line":1558,"column":22},"end":{"line":1560,"column":30}},{"start":{"line":1561,"column":22},"end":{"line":1563,"column":30}},{"start":{"line":1564,"column":22},"end":{"line":1565,"column":43}}]},"220":{"line":1572,"type":"binary-expr","locations":[{"start":{"line":1572,"column":24},"end":{"line":1572,"column":58}},{"start":{"line":1572,"column":62},"end":{"line":1572,"column":64}}]},"221":{"line":1576,"type":"if","locations":[{"start":{"line":1576,"column":14},"end":{"line":1576,"column":14}},{"start":{"line":1576,"column":14},"end":{"line":1576,"column":14}}]},"222":{"line":1577,"type":"if","locations":[{"start":{"line":1577,"column":16},"end":{"line":1577,"column":16}},{"start":{"line":1577,"column":16},"end":{"line":1577,"column":16}}]},"223":{"line":1595,"type":"if","locations":[{"start":{"line":1595,"column":14},"end":{"line":1595,"column":14}},{"start":{"line":1595,"column":14},"end":{"line":1595,"column":14}}]},"224":{"line":1637,"type":"if","locations":[{"start":{"line":1637,"column":6},"end":{"line":1637,"column":6}},{"start":{"line":1637,"column":6},"end":{"line":1637,"column":6}}]},"225":{"line":1640,"type":"if","locations":[{"start":{"line":1640,"column":6},"end":{"line":1640,"column":6}},{"start":{"line":1640,"column":6},"end":{"line":1640,"column":6}}]},"226":{"line":1643,"type":"binary-expr","locations":[{"start":{"line":1643,"column":20},"end":{"line":1643,"column":34}},{"start":{"line":1643,"column":38},"end":{"line":1643,"column":49}},{"start":{"line":1643,"column":54},"end":{"line":1643,"column":109}}]},"227":{"line":1643,"type":"cond-expr","locations":[{"start":{"line":1643,"column":89},"end":{"line":1643,"column":100}},{"start":{"line":1643,"column":103},"end":{"line":1643,"column":109}}]},"228":{"line":1653,"type":"binary-expr","locations":[{"start":{"line":1653,"column":14},"end":{"line":1653,"column":106}},{"start":{"line":1653,"column":112},"end":{"line":1653,"column":162}},{"start":{"line":1653,"column":167},"end":{"line":1653,"column":183}}]},"229":{"line":1653,"type":"cond-expr","locations":[{"start":{"line":1653,"column":45},"end":{"line":1653,"column":97}},{"start":{"line":1653,"column":100},"end":{"line":1653,"column":106}}]},"230":{"line":1653,"type":"cond-expr","locations":[{"start":{"line":1653,"column":78},"end":{"line":1653,"column":88}},{"start":{"line":1653,"column":91},"end":{"line":1653,"column":97}}]},"231":{"line":1653,"type":"cond-expr","locations":[{"start":{"line":1653,"column":144},"end":{"line":1653,"column":153}},{"start":{"line":1653,"column":156},"end":{"line":1653,"column":162}}]},"232":{"line":1654,"type":"binary-expr","locations":[{"start":{"line":1654,"column":14},"end":{"line":1654,"column":74}},{"start":{"line":1654,"column":79},"end":{"line":1654,"column":91}}]},"233":{"line":1654,"type":"cond-expr","locations":[{"start":{"line":1654,"column":51},"end":{"line":1654,"column":65}},{"start":{"line":1654,"column":68},"end":{"line":1654,"column":74}}]},"234":{"line":1655,"type":"cond-expr","locations":[{"start":{"line":1655,"column":21},"end":{"line":1655,"column":34}},{"start":{"line":1655,"column":37},"end":{"line":1655,"column":39}}]},"235":{"line":1656,"type":"cond-expr","locations":[{"start":{"line":1656,"column":37},"end":{"line":1656,"column":120}},{"start":{"line":1656,"column":123},"end":{"line":1656,"column":125}}]},"236":{"line":1656,"type":"binary-expr","locations":[{"start":{"line":1656,"column":45},"end":{"line":1656,"column":103}},{"start":{"line":1656,"column":108},"end":{"line":1656,"column":119}}]},"237":{"line":1656,"type":"cond-expr","locations":[{"start":{"line":1656,"column":81},"end":{"line":1656,"column":94}},{"start":{"line":1656,"column":97},"end":{"line":1656,"column":103}}]},"238":{"line":1662,"type":"if","locations":[{"start":{"line":1662,"column":6},"end":{"line":1662,"column":6}},{"start":{"line":1662,"column":6},"end":{"line":1662,"column":6}}]},"239":{"line":1671,"type":"if","locations":[{"start":{"line":1671,"column":6},"end":{"line":1671,"column":6}},{"start":{"line":1671,"column":6},"end":{"line":1671,"column":6}}]},"240":{"line":1729,"type":"if","locations":[{"start":{"line":1729,"column":6},"end":{"line":1729,"column":6}},{"start":{"line":1729,"column":6},"end":{"line":1729,"column":6}}]},"241":{"line":1732,"type":"if","locations":[{"start":{"line":1732,"column":6},"end":{"line":1732,"column":6}},{"start":{"line":1732,"column":6},"end":{"line":1732,"column":6}}]},"242":{"line":1773,"type":"if","locations":[{"start":{"line":1773,"column":6},"end":{"line":1773,"column":6}},{"start":{"line":1773,"column":6},"end":{"line":1773,"column":6}}]},"243":{"line":1783,"type":"if","locations":[{"start":{"line":1783,"column":2},"end":{"line":1783,"column":2}},{"start":{"line":1783,"column":2},"end":{"line":1783,"column":2}}]},"244":{"line":1785,"type":"if","locations":[{"start":{"line":1785,"column":9},"end":{"line":1785,"column":9}},{"start":{"line":1785,"column":9},"end":{"line":1785,"column":9}}]},"245":{"line":1785,"type":"binary-expr","locations":[{"start":{"line":1785,"column":13},"end":{"line":1785,"column":41}},{"start":{"line":1785,"column":45},"end":{"line":1785,"column":55}}]}}}}